hlcsg v3.4 VL33 (Feb  2 2014)
Zoner's Half-Life Compilation Tools -- Custom Build
Based on code modifications by Sean 'Zoner' Cavanaugh
Based on Valve's version, modified with permission.
Submit detailed bug reports to (vluzacn@163.com)
-----  BEGIN  hlcsg -----
Command line: "C:/Program Files/J.A.C.K./halflife/hlcsg.exe" "D:\Program Files (x86)\Steam\steamapps\common\Half-Life\zamnhlmp\maps\CTF_Crossfire" 
Arguments: "D:\Program Files (x86)\Steam\steamapps\common\Half-Life\zamnhlmp\maps\CTF_Crossfire" -low -wadautodetect 
Entering D:\Program Files (x86)\Steam\steamapps\common\Half-Life\zamnhlmp\maps\CTF_Crossfire.map

Current hlcsg Settings
Name                 |  Setting  |  Default
---------------------|-----------|-------------------------
threads               [       8 ] [  Varies ]
verbose               [     off ] [     off ]
log                   [      on ] [      on ]
reset logfile         [      on ] [      on ]
developer             [       0 ] [       0 ]
chart                 [     off ] [     off ]
estimate              [     off ] [     off ]
max texture memory    [ 33554432 ] [ 33554432 ]
max lighting memory   [ 50331648 ] [ 50331648 ]
priority              [     Low ] [  Normal ]

noclip                [     off ] [     off ]
null texture stripping[      on ] [      on ]
clipnode economy mode [     off ] [     off ]
clip hull type        [  simple ] [  simple ]
onlyents              [     off ] [     off ]
wadtextures           [      on ] [      on ]
skyclip               [      on ] [      on ]
hullfile              [    None ] [    None ]
wad configuration file[    None ] [    None ]
wad.cfg group name    [    None ] [    None ]
nullfile              [    None ] [    None ]
nullify trigger       [      on ] [      on ]
min surface area      [   0.000 ] [   0.000 ]
brush union threshold [   0.000 ] [   0.000 ]
map scaling           [    None ] [    None ]
light name optimize   [      on ] [      on ]
UTF8 game_text        [      on ] [      on ]

Using mapfile wad configuration
Wadfiles not in use by the map will be excluded
Wadinclude list :
[zhlt.wad]

CreateBrush:
 (0.16 seconds)
CSGBrush:
 (0.56 seconds)

 - Warning: Larger than expected texture (1045292 bytes): 'COLGATE'
added 23 additional animating textures.
Using Wadfile: \Program Files (x86)\Steam\steamapps\common\Half-Life\zamnhlmp\cs_747.wad
 - Contains 1 used texture, 0.86 percent of map (143 textures in wad)
Using Wadfile: \Program Files (x86)\Steam\steamapps\common\Half-Life\zamnhlmp\fof_32.wad
 - Contains 2 used textures, 1.72 percent of map (69 textures in wad)
Using Wadfile: \Program Files (x86)\Steam\steamapps\common\Half-Life\zamnhlmp\fof_chillbhop_btm.wad
 - Contains 2 used textures, 1.72 percent of map (35 textures in wad)
Using Wadfile: \Program Files (x86)\Steam\steamapps\common\Half-Life\zamnhlmp\halflife.wad
 - Contains 110 used textures, 94.83 percent of map (3116 textures in wad)
Using Wadfile: \Program Files (x86)\Steam\steamapps\common\Half-Life\zamnhlmp\zamnhlmp.wad
 - Contains 1 used texture, 0.86 percent of map (13 textures in wad)

Wad files required to run the map: "cs_747.wad;fof_32.wad;fof_chillbhop_btm.wad;halflife.wad;zamnhlmp.wad;"
Texture usage is at 1.37 mb (of 32.00 mb MAX)
3 redundant named lights optimized.
0.91 seconds elapsed

-----   END   hlcsg -----



hlbsp v3.4 VL33 (Feb  2 2014)
Zoner's Half-Life Compilation Tools -- Custom Build
Based on code modifications by Sean 'Zoner' Cavanaugh
Based on Valve's version, modified with permission.
Submit detailed bug reports to (vluzacn@163.com)
-----  BEGIN  hlbsp -----
Command line: "C:/Program Files/J.A.C.K./halflife/hlbsp.exe" "D:\Program Files (x86)\Steam\steamapps\common\Half-Life\zamnhlmp\maps\CTF_Crossfire" 
Arguments: "D:\Program Files (x86)\Steam\steamapps\common\Half-Life\zamnhlmp\maps\CTF_Crossfire" -low -chart 

Current hlbsp Settings
Name               |  Setting  |  Default
-------------------|-----------|-------------------------
threads             [       8 ] [  Varies ]
verbose             [     off ] [     off ]
log                 [      on ] [      on ]
developer           [       0 ] [       0 ]
chart               [      on ] [     off ]
estimate            [     off ] [     off ]
max texture memory  [ 33554432 ] [ 33554432 ]
priority            [     Low ] [  Normal ]

noclip              [     off ] [     off ]
nofill              [     off ] [     off ]
noinsidefill        [     off ] [     off ]
noopt               [     off ] [     off ]
no clipnode merging [     off ] [     off ]
null tex. stripping [      on ] [      on ]
notjunc             [     off ] [     off ]
nobrink             [     off ] [     off ]
subdivide size      [     240 ] [     240 ] (Min 64) (Max 512)
max node size       [    1024 ] [    1024 ] (Min 64) (Max 65536)
remove hull 2       [     off ] [     off ]


SolidBSP [hull 0] 500...1000...1500...2000...2375 (0.39 seconds)
BSP generation successful, writing portal file 'D:\Program Files (x86)\Steam\steamapps\common\Half-Life\zamnhlmp\maps\CTF_Crossfire.prt'
SolidBSP [hull 1] 500...1000...1500...2000...2167 (0.38 seconds)
SolidBSP [hull 2] 500...1000...1500...2000...2039 (0.30 seconds)
SolidBSP [hull 3] 500...1000...1500...2000...2264 (0.38 seconds)
Reduced 8083 clipnodes to 7283
Reduced 1252 texinfos to 1009
Reduced 116 texdatas to 114 (5108 bytes to 5020)
Reduced 5534 planes to 1741
FixBrinks:
Increased 7283 clipnodes to 7346.

Object names  Objects/Maxobjs  Memory / Maxmem  Fullness
------------  ---------------  ---------------  --------
models             82/512         5248/32768    (16.0%)
planes           1741/32768      34820/655360   ( 5.3%)
vertexes         7243/65535      86916/786420   (11.1%)
nodes            2926/32767      70224/786408   ( 8.9%)
texinfos         1009/32767      40360/1310680  ( 3.1%)
faces            5533/65535     110660/1310700  ( 8.4%)
* worldfaces     4948/32768          0/0        (15.1%)
clipnodes        7346/32767      58768/262136   (22.4%)
leaves           1964/32760      54992/917280   ( 6.0%)
* worldleaves    1428/8192           0/0        (17.4%)
marksurfaces     7549/65535      15098/131070   (11.5%)
surfedges       26714/512000    106856/2048000  ( 5.2%)
edges           13373/256000     53492/1024000  ( 5.2%)
texdata          [variable]       5020/33554432 ( 0.0%)
lightdata        [variable]          0/50331648 ( 0.0%)
visdata          [variable]          0/8388608  ( 0.0%)
entdata          [variable]      62400/2097152  ( 3.0%)
* AllocBlock       15/64             0/0        (23.4%)
114 textures referenced
=== Total BSP file data space used: 704854 bytes ===
Wad files required to run the map: "cs_747.wad;fof_32.wad;fof_chillbhop_btm.wad;halflife.wad;zamnhlmp.wad;"
2.97 seconds elapsed

-----   END   hlbsp -----



hlvis v3.4 VL33 (Feb  2 2014)
Zoner's Half-Life Compilation Tools -- Custom Build
Based on code modifications by Sean 'Zoner' Cavanaugh
Based on Valve's version, modified with permission.
Submit detailed bug reports to (vluzacn@163.com)
-----  BEGIN  hlvis -----
Command line: "C:/Program Files/J.A.C.K./halflife/hlvis.exe" "D:\Program Files (x86)\Steam\steamapps\common\Half-Life\zamnhlmp\maps\CTF_Crossfire" 
Arguments: "D:\Program Files (x86)\Steam\steamapps\common\Half-Life\zamnhlmp\maps\CTF_Crossfire" -low 
1428 portalleafs
4402 numportals

-= Current hlvis Settings =-
Name               |  Setting  |  Default
-------------------|-----------|-------------------------
threads             [       8 ] [  Varies ]
verbose             [     off ] [     off ]
log                 [      on ] [      on ]
developer           [       0 ] [       0 ]
chart               [     off ] [     off ]
estimate            [     off ] [     off ]
max texture memory  [ 33554432 ] [ 33554432 ]
max vis distance    [       0 ] [       0 ]
priority            [     Low ] [  Normal ]

fast vis            [     off ] [     off ]
full vis            [     off ] [     off ]


BasePortalVis:
 (0.35 seconds)
LeafThread:
 (6.53 seconds)
average leafs visible: 153
g_visdatasize:95062  compressed from 255612
6.98 seconds elapsed

-----   END   hlvis -----



hlrad v3.4 VL33 (Feb  2 2014)
Zoner's Half-Life Compilation Tools -- Custom Build
Based on code modifications by Sean 'Zoner' Cavanaugh
Based on Valve's version, modified with permission.
Submit detailed bug reports to (vluzacn@163.com)
-----  BEGIN  hlrad -----
Command line: "C:/Program Files/J.A.C.K./halflife/hlrad.exe" "D:\Program Files (x86)\Steam\steamapps\common\Half-Life\zamnhlmp\maps\CTF_Crossfire" 
Arguments: "D:\Program Files (x86)\Steam\steamapps\common\Half-Life\zamnhlmp\maps\CTF_Crossfire" -low 

-= Current hlrad Settings =-
Name                | Setting             | Default
--------------------|---------------------|-------------------------
threads              [                 8 ] [            Varies ]
verbose              [               off ] [               off ]
log                  [                on ] [                on ]
developer            [                 0 ] [                 0 ]
chart                [               off ] [               off ]
estimate             [               off ] [               off ]
max texture memory   [          33554432 ] [          33554432 ]
max lighting memory  [          50331648 ] [          50331648 ]
priority             [               Low ] [            Normal ]

fast rad             [               off ] [               off ]
vismatrix algorithm  [            Sparse ] [            Sparse ]
oversampling (-extra)[               off ] [               off ]
bounces              [                 8 ] [                 8 ]
ambient light        [ 0.000 0.000 0.000 ] [ 0.000 0.000 0.000 ]
light limit threshold[           188.000 ] [           188.000 ]
circus mode          [               off ] [               off ]

smoothing threshold  [            50.000 ] [            50.000 ]
smoothing threshold 2[         no change ] [         no change ]
direct threshold     [            10.000 ] [            10.000 ]
direct light scale   [             1.000 ] [             1.000 ]
coring threshold     [             0.010 ] [             0.010 ]
patch interpolation  [                on ] [                on ]

texscale             [                on ] [                on ]
patch subdividing    [                on ] [                on ]
chop value           [            64.000 ] [            64.000 ]
texchop value        [            32.000 ] [            32.000 ]

global fade          [             1.000 ] [             1.000 ]
global light scale   [ 2.000 2.000 2.000 ] [ 2.000 2.000 2.000 ]
global gamma         [ 0.550 0.550 0.550 ] [ 0.550 0.550 0.550 ]
global light scale   [             2.000 ] [             2.000 ]
global sky diffusion [             1.000 ] [             1.000 ]

spread angles        [                on ] [                on ]
opaque entities      [                on ] [                on ]
sky lighting fix     [                on ] [                on ]
incremental          [               off ] [               off ]
dump                 [               off ] [               off ]

colour jitter        [       0.0 0.0 0.0 ] [       0.0 0.0 0.0 ]
monochromatic jitter [       0.0 0.0 0.0 ] [       0.0 0.0 0.0 ]

custom shadows with bounce light
                     [               off ] [               off ]
rgb transfers        [               off ] [               off ]
minimum final light  [                 0 ] [                 0 ]
size of transfer     [         1 (16bit) ] [         1 (16bit) ]
size of rgbtransfer  [         2 (32bit) ] [         2 (32bit) ]
soft sky             [                on ] [                on ]
translucent depth    [             2.000 ] [             2.000 ]
block opaque         [                on ] [                on ]
ignore textures      [               off ] [               off ]
reflectivity gamma   [             1.760 ] [             1.760 ]
reflectivity scale   [             0.700 ] [             0.700 ]
blur size            [             1.500 ] [             1.500 ]
no emitter range     [               off ] [               off ]
wall bleeding fix    [                on ] [                on ]


Load Textures:
Using Wadfile: D:\Program Files (x86)\Steam\steamapps\common\Half-Life\zamnhlmp\maps\CTF_Crossfire.wa_
114 textures referenced
Reading texlights from 'C:\Program Files\J.A.C.K\halflife\lights.rad'
0 opaque models
0 opaque faces
5533 faces
Create Patches : 17220 base patches
358236 square feet [51585984.00 square inches]
102 direct lights and 16386 fast direct lights
5 light styles

FindFacePositions:
 (1.08 seconds)
BuildFacelights:
 (16.64 seconds)
BuildVisLeafs:
 (1.65 seconds)
visibility matrix   :   2.2 megs
MakeScales:
 (2.47 seconds)
Transfer Lists :     3569121 :     3.57M transfers
       Indices :     3352656 :     3.20M bytes
          Data :     7188003 :     6.86M bytes
Bounce 1 GatherLight:
 (0.05 seconds)
Bounce 2 GatherLight:
 (0.06 seconds)
Bounce 3 GatherLight:
 (0.06 seconds)
Bounce 4 GatherLight:
 (0.06 seconds)
Bounce 5 GatherLight:
 (0.06 seconds)
Bounce 6 GatherLight:
 (0.06 seconds)
Bounce 7 GatherLight:
 (0.06 seconds)
Bounce 8 GatherLight:
 (0.07 seconds)
CreateTriangulations:
 (0.10 seconds)
AddPatchLights:
 (2.51 seconds)
FinalLightFace:
 (0.02 seconds)
25.54 seconds elapsed

-----   END   hlrad -----



