hlcsg v3.4 VL33 (Feb  2 2014)
Zoner's Half-Life Compilation Tools -- Custom Build
Based on code modifications by Sean 'Zoner' Cavanaugh
Based on Valve's version, modified with permission.
Submit detailed bug reports to (vluzacn@163.com)
-----  BEGIN  hlcsg -----
Command line: "C:/Program Files/J.A.C.K./halflife/hlcsg.exe" "D:\Program Files (x86)\Steam\steamapps\common\Half-Life\zamnhlmp\maps\Flashback" 
Arguments: "D:\Program Files (x86)\Steam\steamapps\common\Half-Life\zamnhlmp\maps\Flashback" -low -wadautodetect 
Entering D:\Program Files (x86)\Steam\steamapps\common\Half-Life\zamnhlmp\maps\Flashback.map

Current hlcsg Settings
Name                 |  Setting  |  Default
---------------------|-----------|-------------------------
threads               [       8 ] [  Varies ]
verbose               [     off ] [     off ]
log                   [      on ] [      on ]
reset logfile         [      on ] [      on ]
developer             [       0 ] [       0 ]
chart                 [     off ] [     off ]
estimate              [     off ] [     off ]
max texture memory    [ 33554432 ] [ 33554432 ]
max lighting memory   [ 50331648 ] [ 50331648 ]
priority              [     Low ] [  Normal ]

noclip                [     off ] [     off ]
null texture stripping[      on ] [      on ]
clipnode economy mode [     off ] [     off ]
clip hull type        [  simple ] [  simple ]
onlyents              [     off ] [     off ]
wadtextures           [      on ] [      on ]
skyclip               [      on ] [      on ]
hullfile              [    None ] [    None ]
wad configuration file[    None ] [    None ]
wad.cfg group name    [    None ] [    None ]
nullfile              [    None ] [    None ]
nullify trigger       [      on ] [      on ]
min surface area      [   0.000 ] [   0.000 ]
brush union threshold [   0.000 ] [   0.000 ]
map scaling           [    None ] [    None ]
light name optimize   [      on ] [      on ]
UTF8 game_text        [      on ] [      on ]

Using mapfile wad configuration
Wadfiles not in use by the map will be excluded
Wadinclude list :
[zhlt.wad]

CreateBrush:
 (0.05 seconds)
CSGBrush:
 (0.15 seconds)

 - Warning: Larger than expected texture (1045292 bytes): 'COLGATE'
Using Wadfile: \Program Files (x86)\Steam\steamapps\common\Half-Life\zamnhlmp\fof_32.wad
 - Contains 2 used textures, 9.52 percent of map (69 textures in wad)
Using Wadfile: \Program Files (x86)\Steam\steamapps\common\Half-Life\zamnhlmp\halflife.wad
 - Contains 2 used textures, 9.52 percent of map (3116 textures in wad)
Using Wadfile: \Program Files (x86)\Steam\steamapps\common\Half-Life\zamnhlmp\zamn.wad
 - Contains 16 used textures, 76.19 percent of map (26 textures in wad)
Using Wadfile: \Program Files (x86)\Steam\steamapps\common\Half-Life\zamnhlmp\zamnhlmp.wad
 - Contains 1 used texture, 4.76 percent of map (16 textures in wad)

Wad files required to run the map: "fof_32.wad;halflife.wad;zamn.wad;zamnhlmp.wad;"
Texture usage is at 0.15 mb (of 32.00 mb MAX)
0.33 seconds elapsed

-----   END   hlcsg -----



hlbsp v3.4 VL33 (Feb  2 2014)
Zoner's Half-Life Compilation Tools -- Custom Build
Based on code modifications by Sean 'Zoner' Cavanaugh
Based on Valve's version, modified with permission.
Submit detailed bug reports to (vluzacn@163.com)
-----  BEGIN  hlbsp -----
Command line: "C:/Program Files/J.A.C.K./halflife/hlbsp.exe" "D:\Program Files (x86)\Steam\steamapps\common\Half-Life\zamnhlmp\maps\Flashback" 
Arguments: "D:\Program Files (x86)\Steam\steamapps\common\Half-Life\zamnhlmp\maps\Flashback" -low -chart 

Current hlbsp Settings
Name               |  Setting  |  Default
-------------------|-----------|-------------------------
threads             [       8 ] [  Varies ]
verbose             [     off ] [     off ]
log                 [      on ] [      on ]
developer           [       0 ] [       0 ]
chart               [      on ] [     off ]
estimate            [     off ] [     off ]
max texture memory  [ 33554432 ] [ 33554432 ]
priority            [     Low ] [  Normal ]

noclip              [     off ] [     off ]
nofill              [     off ] [     off ]
noinsidefill        [     off ] [     off ]
noopt               [     off ] [     off ]
no clipnode merging [     off ] [     off ]
null tex. stripping [      on ] [      on ]
notjunc             [     off ] [     off ]
nobrink             [     off ] [     off ]
subdivide size      [     240 ] [     240 ] (Min 64) (Max 512)
max node size       [    1024 ] [    1024 ] (Min 64) (Max 65536)
remove hull 2       [     off ] [     off ]


SolidBSP [hull 0] 500...Warning: Ambiguous leafnode content ( EMPTY and SOLID ) at (58,-1431,-192)-(87,-1367,-181) in hull 0 of model 0 (entity: classname "worldspawn", origin "", targetname "")
Warning: Ambiguous leafnode content ( EMPTY and SOLID ) at (58,-1431,-208)-(87,-1367,-197) in hull 0 of model 0 (entity: classname "worldspawn", origin "", targetname "")
780 (0.10 seconds)
BSP generation successful, writing portal file 'D:\Program Files (x86)\Steam\steamapps\common\Half-Life\zamnhlmp\maps\Flashback.prt'
SolidBSP [hull 1] Warning: Ambiguous leafnode content ( EMPTY and SOLID ) at (74,-1415,-161)-(103,-1351,-145) in hull 1 of model 0 (entity: classname "worldspawn", origin "", targetname "")
500...666 (0.08 seconds)
SolidBSP [hull 2] Warning: Ambiguous leafnode content ( EMPTY and SOLID ) at (90,-1399,-165)-(119,-1335,-149) in hull 2 of model 0 (entity: classname "worldspawn", origin "", targetname "")
500...613 (0.06 seconds)
SolidBSP [hull 3] Warning: Ambiguous leafnode content ( EMPTY and SOLID ) at (74,-1415,-179)-(103,-1351,-163) in hull 3 of model 0 (entity: classname "worldspawn", origin "", targetname "")
500...740 (0.09 seconds)
Warning: Ambiguous leafnode content ( EMPTY and SOLID ) at (28,-1473,-208)-(47,-975,-206) in hull 0 of model 2 (entity: classname "func_water", origin "", targetname "")
Warning: Ambiguous leafnode content ( EMPTY and SOLID ) at (241,-1600,-208)-(255,-1408,-206) in hull 0 of model 2 (entity: classname "func_water", origin "", targetname "")
Warning: Ambiguous leafnode content ( EMPTY and SOLID ) at (682,-1085,-208)-(883,-1054,-206) in hull 0 of model 2 (entity: classname "func_water", origin "", targetname "")
Warning: Ambiguous leafnode content ( EMPTY and SOLID ) at (396,-1189,-208)-(486,-1106,-206) in hull 0 of model 2 (entity: classname "func_water", origin "", targetname "")
Warning: Ambiguous leafnode content ( EMPTY and SOLID ) at (639,-1380,-244)-(899,-1256,-170) in hull 1 of model 2 (entity: classname "func_water", origin "", targetname "")
Warning: Ambiguous leafnode content ( EMPTY and SOLID ) at (368,-1424,-244)-(639,-1379,-170) in hull 1 of model 2 (entity: classname "func_water", origin "", targetname "")
Warning: Ambiguous leafnode content ( EMPTY and SOLID ) at (-123,-1256,-244)-(-120,-1170,-170) in hull 1 of model 2 (entity: classname "func_water", origin "", targetname "")
Warning: Ambiguous leafnode content ( EMPTY and SOLID ) at (655,-1396,-240)-(915,-1272,-174) in hull 2 of model 2 (entity: classname "func_water", origin "", targetname "")
Warning: Ambiguous leafnode content ( EMPTY and SOLID ) at (474,-1440,-240)-(655,-1395,-174) in hull 2 of model 2 (entity: classname "func_water", origin "", targetname "")
Warning: Ambiguous leafnode content ( EMPTY and SOLID ) at (-71690,-35547,-5564)-(926,-1244,-180) in hull 3 of model 2 (entity: classname "func_water", origin "", targetname "")
Warning: Ambiguous leafnode content ( EMPTY and SOLID ) at (489,-1424,-226)-(639,-1379,-188) in hull 3 of model 2 (entity: classname "func_water", origin "", targetname "")
Warning: Ambiguous leafnode content ( EMPTY and SOLID ) at (257,-1616,-190)-(271,-1053,-188) in hull 3 of model 2 (entity: classname "func_water", origin "", targetname "")
Warning: Ambiguous leafnode content ( EMPTY and SOLID ) at (-123,-1256,-226)-(-120,-1170,-188) in hull 3 of model 2 (entity: classname "func_water", origin "", targetname "")
Warning: No visible brushes in solid entity: model 6 (entity: classname "func_wall", origin "", targetname "", range (-2209,-1825,-68) - (1441,601,143))
Reduced 2382 clipnodes to 2222
Reduced 408 texinfos to 345
Reduced 21 texdatas to 20 (928 bytes to 884)
Reduced 4448 planes to 1351
FixBrinks:
Increased 2222 clipnodes to 2222.

Object names  Objects/Maxobjs  Memory / Maxmem  Fullness
------------  ---------------  ---------------  --------
models             12/512          768/32768    ( 2.3%)
planes           1351/32768      27020/655360   ( 4.1%)
vertexes         2951/65535      35412/786420   ( 4.5%)
nodes             895/32767      21480/786408   ( 2.7%)
texinfos          345/32767      13800/1310680  ( 1.1%)
faces            2141/65535      42820/1310700  ( 3.3%)
* worldfaces     2003/32768          0/0        ( 6.1%)
clipnodes        2222/32767      17776/262136   ( 6.8%)
leaves            616/32760      17248/917280   ( 1.9%)
* worldleaves     516/8192           0/0        ( 6.3%)
marksurfaces     2623/65535       5246/131070   ( 4.0%)
surfedges       10244/512000     40976/2048000  ( 2.0%)
edges            5183/256000     20732/1024000  ( 2.0%)
texdata          [variable]        884/33554432 ( 0.0%)
lightdata        [variable]          0/50331648 ( 0.0%)
visdata          [variable]          0/8388608  ( 0.0%)
entdata          [variable]      10299/2097152  ( 0.5%)
* AllocBlock        8/64             0/0        (12.5%)
20 textures referenced
=== Total BSP file data space used: 254461 bytes ===
Wad files required to run the map: "fof_32.wad;halflife.wad;zamn.wad;zamnhlmp.wad;"
0.85 seconds elapsed

-----   END   hlbsp -----



hlvis v3.4 VL33 (Feb  2 2014)
Zoner's Half-Life Compilation Tools -- Custom Build
Based on code modifications by Sean 'Zoner' Cavanaugh
Based on Valve's version, modified with permission.
Submit detailed bug reports to (vluzacn@163.com)
-----  BEGIN  hlvis -----
Command line: "C:/Program Files/J.A.C.K./halflife/hlvis.exe" -fast "D:\Program Files (x86)\Steam\steamapps\common\Half-Life\zamnhlmp\maps\Flashback" 
Arguments: -fast "D:\Program Files (x86)\Steam\steamapps\common\Half-Life\zamnhlmp\maps\Flashback" -low 
 516 portalleafs
1719 numportals

-= Current hlvis Settings =-
Name               |  Setting  |  Default
-------------------|-----------|-------------------------
threads             [       8 ] [  Varies ]
verbose             [     off ] [     off ]
log                 [      on ] [      on ]
developer           [       0 ] [       0 ]
chart               [     off ] [     off ]
estimate            [     off ] [     off ]
max texture memory  [ 33554432 ] [ 33554432 ]
max vis distance    [       0 ] [       0 ]
priority            [     Low ] [  Normal ]

fast vis            [      on ] [     off ]
full vis            [     off ] [     off ]


BasePortalVis:
 (0.06 seconds)
average leafs visible: 330
g_visdatasize:31523  compressed from 33540
0.12 seconds elapsed

-----   END   hlvis -----



hlrad v3.4 VL33 (Feb  2 2014)
Zoner's Half-Life Compilation Tools -- Custom Build
Based on code modifications by Sean 'Zoner' Cavanaugh
Based on Valve's version, modified with permission.
Submit detailed bug reports to (vluzacn@163.com)
-----  BEGIN  hlrad -----
Command line: "C:/Program Files/J.A.C.K./halflife/hlrad.exe" -extra "D:\Program Files (x86)\Steam\steamapps\common\Half-Life\zamnhlmp\maps\Flashback" 
Arguments: -extra "D:\Program Files (x86)\Steam\steamapps\common\Half-Life\zamnhlmp\maps\Flashback" -low 

-= Current hlrad Settings =-
Name                | Setting             | Default
--------------------|---------------------|-------------------------
threads              [                 8 ] [            Varies ]
verbose              [               off ] [               off ]
log                  [                on ] [                on ]
developer            [                 0 ] [                 0 ]
chart                [               off ] [               off ]
estimate             [               off ] [               off ]
max texture memory   [          33554432 ] [          33554432 ]
max lighting memory  [          50331648 ] [          50331648 ]
priority             [               Low ] [            Normal ]

fast rad             [               off ] [               off ]
vismatrix algorithm  [            Sparse ] [            Sparse ]
oversampling (-extra)[                on ] [               off ]
bounces              [                 8 ] [                 8 ]
ambient light        [ 0.000 0.000 0.000 ] [ 0.000 0.000 0.000 ]
light limit threshold[           188.000 ] [           188.000 ]
circus mode          [               off ] [               off ]

smoothing threshold  [            50.000 ] [            50.000 ]
smoothing threshold 2[         no change ] [         no change ]
direct threshold     [            10.000 ] [            10.000 ]
direct light scale   [             1.000 ] [             1.000 ]
coring threshold     [             0.010 ] [             0.010 ]
patch interpolation  [                on ] [                on ]

texscale             [                on ] [                on ]
patch subdividing    [                on ] [                on ]
chop value           [            64.000 ] [            64.000 ]
texchop value        [            32.000 ] [            32.000 ]

global fade          [             1.000 ] [             1.000 ]
global light scale   [ 2.000 2.000 2.000 ] [ 2.000 2.000 2.000 ]
global gamma         [ 0.550 0.550 0.550 ] [ 0.550 0.550 0.550 ]
global light scale   [             2.000 ] [             2.000 ]
global sky diffusion [             1.000 ] [             1.000 ]

spread angles        [                on ] [                on ]
opaque entities      [                on ] [                on ]
sky lighting fix     [                on ] [                on ]
incremental          [               off ] [               off ]
dump                 [               off ] [               off ]

colour jitter        [       0.0 0.0 0.0 ] [       0.0 0.0 0.0 ]
monochromatic jitter [       0.0 0.0 0.0 ] [       0.0 0.0 0.0 ]

custom shadows with bounce light
                     [               off ] [               off ]
rgb transfers        [               off ] [               off ]
minimum final light  [                 0 ] [                 0 ]
size of transfer     [         1 (16bit) ] [         1 (16bit) ]
size of rgbtransfer  [         2 (32bit) ] [         2 (32bit) ]
soft sky             [                on ] [                on ]
translucent depth    [             2.000 ] [             2.000 ]
block opaque         [                on ] [                on ]
ignore textures      [               off ] [               off ]
reflectivity gamma   [             1.760 ] [             1.760 ]
reflectivity scale   [             0.700 ] [             0.700 ]
blur size            [             1.500 ] [             1.500 ]
no emitter range     [               off ] [               off ]
wall bleeding fix    [                on ] [                on ]


Load Textures:
Using Wadfile: D:\Program Files (x86)\Steam\steamapps\common\Half-Life\zamnhlmp\maps\Flashback.wa_
20 textures referenced
Reading texlights from 'C:\Program Files\J.A.C.K\halflife\lights.rad'
0 opaque models
0 opaque faces
2141 faces
Create Patches : 9501 base patches
176067 square feet [25353708.00 square inches]
1 direct lights and 16386 fast direct lights
2 light styles

FindFacePositions:
 (0.66 seconds)
BuildFacelights:
 (8.21 seconds)
BuildVisLeafs:
 (1.30 seconds)
visibility matrix   :   3.7 megs
MakeScales:
 (1.04 seconds)
Transfer Lists :     2585894 :     2.59M transfers
       Indices :     2130012 :     2.03M bytes
          Data :     5187481 :     4.95M bytes
Bounce 1 GatherLight:
 (0.03 seconds)
Bounce 2 GatherLight:
 (0.04 seconds)
Bounce 3 GatherLight:
 (0.03 seconds)
Bounce 4 GatherLight:
 (0.04 seconds)
Bounce 5 GatherLight:
 (0.04 seconds)
Bounce 6 GatherLight:
 (0.03 seconds)
Bounce 7 GatherLight:
 (0.04 seconds)
Bounce 8 GatherLight:
 (0.04 seconds)
CreateTriangulations:
 (0.11 seconds)
AddPatchLights:
 (4.49 seconds)
FinalLightFace:
 (0.02 seconds)
16.40 seconds elapsed

-----   END   hlrad -----



