62
160
1
1
1
1
1
1
1
1
1
1
1
1
1
1
1
1
1
1
1
1
1
1
1
1
1
1
1
1
1
1
1
1
1
1
1
1
1
1
1
1
1
1
1
1
1
1
1
1
1
1
1
1
1
1
1
1
1
1
1
1
1
1
4 0 32 (736.000000 -256.000000 1104.000000) (736.000000 -256.000000 1136.000000) (736.000000 256.000000 1136.000000) (736.000000 256.000000 1104.000000) 
4 0 20 (736.000000 256.000000 1136.000000) (736.000000 928.000000 1136.000000) (736.000000 928.000000 1104.000000) (736.000000 256.000000 1104.000000) 
4 0 15 (736.000000 928.000000 1136.000000) (736.000000 1544.000000 1136.000000) (736.000000 1544.000000 1104.000000) (736.000000 928.000000 1104.000000) 
4 0 10 (736.000000 -256.000000 1136.000000) (736.000000 -256.000000 1104.000000) (2288.000000 -256.000000 1104.000000) (2288.000000 -256.000000 1136.000000) 
4 0 2 (736.000000 1512.000000 1104.000000) (736.000000 1544.000000 1104.000000) (2256.000000 1544.000000 1104.000000) (2256.000000 1512.000000 1104.000000) 
4 0 1 (2256.000000 1544.000000 1104.000000) (2288.000000 1544.000000 1104.000000) (2288.000000 -256.000000 1104.000000) (2256.000000 -256.000000 1104.000000) 
4 1 11 (2256.000000 -256.000000 0.000000) (2288.000000 -256.000000 0.000000) (2288.000000 -256.000000 1104.000000) (2256.000000 -256.000000 1104.000000) 
4 1 6 (2256.000000 1544.000000 0.000000) (2288.000000 1544.000000 0.000000) (2288.000000 -256.000000 0.000000) (2256.000000 -256.000000 0.000000) 
4 1 2 (2256.000000 1544.000000 1104.000000) (2256.000000 1544.000000 -0.000000) (2256.000000 1512.000000 0.000000) (2256.000000 1512.000000 1104.000000) 
4 2 16 (736.000000 1512.000000 1104.000000) (736.000000 1544.000000 1104.000000) (736.000000 1544.000000 0.000000) (736.000000 1512.000000 0.000000) 
4 2 7 (736.000000 1512.000000 0.000000) (736.000000 1544.000000 0.000000) (2256.000000 1544.000000 0.000000) (2256.000000 1512.000000 0.000000) 
4 3 33 (736.000000 -256.000000 672.000000) (736.000000 -256.000000 1104.000000) (736.000000 256.000000 1104.000000) (736.000000 256.000000 672.000000) 
4 3 21 (736.000000 256.000000 1104.000000) (736.000000 928.000000 1104.000000) (736.000000 928.000000 672.000000) (736.000000 256.000000 672.000000) 
4 3 19 (736.000000 928.000000 1104.000000) (736.000000 1088.000000 1104.000000) (736.000000 1088.000000 672.000000) (736.000000 928.000000 672.000000) 
4 3 18 (736.000000 1088.000000 1104.000000) (736.000000 1120.000000 1104.000000) (736.000000 1120.000000 672.000000) (736.000000 1088.000000 672.000000) 
4 3 17 (736.000000 1120.000000 1104.000000) (736.000000 1512.000000 1104.000000) (736.000000 1512.000000 672.000000) (736.000000 1120.000000 672.000000) 
4 3 12 (736.000000 -256.000000 1104.000000) (736.000000 -256.000000 672.000000) (2256.000000 -256.000000 672.000000) (2256.000000 -256.000000 1104.000000) 
4 3 5 (736.000000 1088.000000 672.000000) (736.000000 1512.000000 672.000000) (768.000000 1512.000000 672.000000) (768.000000 1088.000000 672.000000) 
4 3 4 (2256.000000 1512.000000 672.000000) (2256.000000 -256.000000 672.000000) (768.000000 -256.000000 672.000000) (768.000000 1512.000000 672.000000) 
4 4 12 (768.000000 -256.000000 0.000000) (2256.000000 -256.000000 0.000000) (2256.000000 -256.000000 672.000000) (768.000000 -256.000000 672.000000) 
4 4 8 (768.000000 1512.000000 0.000000) (2256.000000 1512.000000 0.000000) (2256.000000 -256.000000 0.000000) (768.000000 -256.000000 0.000000) 
4 4 5 (768.000000 1512.000000 672.000000) (768.000000 1512.000000 -0.000000) (768.000000 1088.000000 0.000000) (768.000000 1088.000000 672.000000) 
4 5 18 (736.000000 1088.000000 672.000000) (736.000000 1120.000000 672.000000) (736.000000 1120.000000 64.000000) (736.000000 1088.000000 64.000000) 
4 5 17 (736.000000 1120.000000 672.000000) (736.000000 1512.000000 672.000000) (736.000000 1512.000000 0.000000) (736.000000 1120.000000 0.000000) 
4 5 8 (736.000000 1088.000000 0.000000) (736.000000 1512.000000 0.000000) (768.000000 1512.000000 0.000000) (768.000000 1088.000000 0.000000) 
4 6 11 (2288.000000 -256.000000 -504.000000) (2288.000000 -256.000000 0.000000) (2256.000000 -256.000000 0.000000) (2256.000000 -256.000000 -504.000000) 
4 6 7 (2256.000000 1544.000000 -0.000000) (2256.000000 1544.000000 -504.000000) (2256.000000 1512.000000 -504.000000) (2256.000000 1512.000000 0.000000) 
4 6 9 (2256.000000 1544.000000 -504.000000) (2288.000000 1544.000000 -504.000000) (2288.000000 -256.000000 -504.000000) (2256.000000 -256.000000 -504.000000) 
4 7 57 (736.000000 1512.000000 0.000000) (736.000000 1544.000000 0.000000) (736.000000 1544.000000 -504.000000) (736.000000 1512.000000 -504.000000) 
4 7 9 (736.000000 1512.000000 -504.000000) (736.000000 1544.000000 -504.000000) (2256.000000 1544.000000 -504.000000) (2256.000000 1512.000000 -504.000000) 
4 8 58 (736.000000 -256.000000 -504.000000) (736.000000 -256.000000 -0.000000) (736.000000 1512.000000 0.000000) (736.000000 1512.000000 -504.000000) 
4 8 12 (2256.000000 -256.000000 0.000000) (736.000000 -256.000000 -0.000000) (736.000000 -256.000000 -504.000000) (2256.000000 -256.000000 -504.000000) 
4 9 60 (736.000000 -256.000000 -536.000000) (736.000000 -256.000000 -504.000000) (736.000000 1544.000000 -504.000000) (736.000000 1544.000000 -536.000000) 
4 9 14 (2288.000000 -256.000000 -536.000000) (2288.000000 -256.000000 -504.000000) (736.000000 -256.000000 -504.000000) (736.000000 -256.000000 -536.000000) 
4 10 53 (736.000000 -1088.000000 1104.000000) (736.000000 -1088.000000 1136.000000) (736.000000 -256.000000 1136.000000) (736.000000 -256.000000 1104.000000) 
4 10 13 (736.000000 -1088.000000 1104.000000) (736.000000 -1056.000000 1104.000000) (2256.000000 -1056.000000 1104.000000) (2256.000000 -1088.000000 1104.000000) 
4 10 11 (2256.000000 -256.000000 1104.000000) (2288.000000 -256.000000 1104.000000) (2288.000000 -1088.000000 1104.000000) (2256.000000 -1088.000000 1104.000000) 
4 11 14 (2256.000000 -256.000000 -504.000000) (2288.000000 -256.000000 -504.000000) (2288.000000 -1088.000000 -504.000000) (2256.000000 -1088.000000 -504.000000) 
4 11 13 (2256.000000 -1056.000000 -504.000000) (2256.000000 -1088.000000 -504.000000) (2256.000000 -1088.000000 1104.000000) (2256.000000 -1056.000000 1104.000000) 
4 12 58 (736.000000 -256.000000 -0.000000) (736.000000 -256.000000 -504.000000) (736.000000 -1056.000000 -504.000000) (736.000000 -1056.000000 -0.000000) 
4 12 54 (736.000000 -1056.000000 1104.000000) (736.000000 -256.000000 1104.000000) (736.000000 -256.000000 -0.000000) (736.000000 -1056.000000 -0.000000) 
4 13 61 (736.000000 -1088.000000 -504.000000) (736.000000 -1088.000000 -0.000000) (736.000000 -1056.000000 -0.000000) (736.000000 -1056.000000 -504.000000) 
4 13 55 (736.000000 -1088.000000 -0.000000) (736.000000 -1088.000000 1104.000000) (736.000000 -1056.000000 1104.000000) (736.000000 -1056.000000 -0.000000) 
4 13 14 (736.000000 -1088.000000 -504.000000) (736.000000 -1056.000000 -504.000000) (2256.000000 -1056.000000 -504.000000) (2256.000000 -1088.000000 -504.000000) 
4 14 61 (736.000000 -1088.000000 -536.000000) (736.000000 -1088.000000 -504.000000) (736.000000 -1056.000000 -504.000000) (736.000000 -1056.000000 -536.000000) 
4 14 60 (736.000000 -1056.000000 -504.000000) (736.000000 -256.000000 -504.000000) (736.000000 -256.000000 -536.000000) (736.000000 -1056.000000 -536.000000) 
4 15 26 (-960.000000 928.000000 1104.000000) (-960.000000 928.000000 1136.000000) (-960.000000 1544.000000 1136.000000) (-960.000000 1544.000000 1104.000000) 
4 15 22 (-320.000000 928.000000 1136.000000) (-960.000000 928.000000 1136.000000) (-960.000000 928.000000 1104.000000) (-320.000000 928.000000 1104.000000) 
4 15 20 (736.000000 928.000000 1104.000000) (736.000000 928.000000 1136.000000) (-320.000000 928.000000 1136.000000) (-320.000000 928.000000 1104.000000) 
4 15 16 (-960.000000 1512.000000 1104.000000) (-960.000000 1544.000000 1104.000000) (736.000000 1544.000000 1104.000000) (736.000000 1512.000000 1104.000000) 
4 16 57 (736.000000 1544.000000 0.000000) (736.000000 1512.000000 0.000000) (-960.000000 1512.000000 0.000000) (-960.000000 1544.000000 0.000000) 
4 16 27 (-960.000000 1544.000000 0.000000) (-960.000000 1512.000000 0.000000) (-960.000000 1512.000000 1104.000000) (-960.000000 1544.000000 1104.000000) 
4 17 58 (736.000000 1512.000000 0.000000) (736.000000 1120.000000 0.000000) (-960.000000 1120.000000 0.000000) (-960.000000 1512.000000 0.000000) 
4 17 29 (-960.000000 1512.000000 0.000000) (-960.000000 1120.000000 0.000000) (-960.000000 1120.000000 672.000000) (-960.000000 1512.000000 672.000000) 
4 17 28 (-960.000000 1120.000000 672.000000) (-960.000000 1120.000000 1104.000000) (-960.000000 1512.000000 1104.000000) (-960.000000 1512.000000 672.000000) 
4 17 18 (-960.000000 1120.000000 1104.000000) (-960.000000 1120.000000 64.000000) (736.000000 1120.000000 64.000000) (736.000000 1120.000000 1104.000000) 
4 18 29 (-960.000000 1088.000000 64.000000) (-960.000000 1088.000000 672.000000) (-960.000000 1120.000000 672.000000) (-960.000000 1120.000000 64.000000) 
4 18 28 (-960.000000 1088.000000 672.000000) (-960.000000 1088.000000 1104.000000) (-960.000000 1120.000000 1104.000000) (-960.000000 1120.000000 672.000000) 
4 18 19 (736.000000 1088.000000 672.000000) (736.000000 1088.000000 1104.000000) (-960.000000 1088.000000 1104.000000) (-960.000000 1088.000000 672.000000) 
4 19 28 (-960.000000 928.000000 672.000000) (-960.000000 928.000000 1104.000000) (-960.000000 1088.000000 1104.000000) (-960.000000 1088.000000 672.000000) 
4 19 23 (-320.000000 928.000000 1104.000000) (-512.000000 928.000000 1104.000000) (-512.000000 928.000000 672.000000) (-320.000000 928.000000 672.000000) 
4 19 25 (-512.000000 928.000000 1104.000000) (-960.000000 928.000000 1104.000000) (-960.000000 928.000000 672.000000) (-512.000000 928.000000 672.000000) 
4 19 21 (736.000000 928.000000 672.000000) (736.000000 928.000000 1104.000000) (-320.000000 928.000000 1104.000000) (-320.000000 928.000000 672.000000) 
4 20 43 (-32.000000 256.000000 1136.000000) (-320.000000 256.000000 1136.000000) (-320.000000 256.000000 1104.000000) (-32.000000 256.000000 1104.000000) 
4 20 32 (736.000000 256.000000 1104.000000) (736.000000 256.000000 1136.000000) (-32.000000 256.000000 1136.000000) (-32.000000 256.000000 1104.000000) 
4 20 22 (-320.000000 928.000000 1136.000000) (-320.000000 928.000000 1104.000000) (-320.000000 256.000000 1104.000000) (-320.000000 256.000000 1136.000000) 
4 21 45 (-320.000000 256.000000 672.000000) (-320.000000 256.000000 64.000000) (-32.000000 256.000000 64.000000) (-32.000000 256.000000 672.000000) 
4 21 44 (-32.000000 256.000000 1104.000000) (-320.000000 256.000000 1104.000000) (-320.000000 256.000000 672.000000) (-32.000000 256.000000 672.000000) 
4 21 35 (736.000000 256.000000 64.000000) (736.000000 256.000000 224.000000) (224.000000 256.000000 224.000000) (224.000000 256.000000 64.000000) 
4 21 36 (192.000000 256.000000 224.000000) (-32.000000 256.000000 224.000000) (-32.000000 256.000000 64.000000) (192.000000 256.000000 64.000000) 
4 21 34 (736.000000 256.000000 224.000000) (736.000000 256.000000 672.000000) (-32.000000 256.000000 672.000000) (-32.000000 256.000000 224.000000) 
4 21 33 (736.000000 256.000000 672.000000) (736.000000 256.000000 1104.000000) (-32.000000 256.000000 1104.000000) (-32.000000 256.000000 672.000000) 
4 21 24 (-320.000000 928.000000 288.000000) (-320.000000 928.000000 64.000000) (-320.000000 256.000000 64.000000) (-320.000000 256.000000 288.000000) 
4 21 23 (-320.000000 928.000000 1104.000000) (-320.000000 928.000000 416.000000) (-320.000000 256.000000 416.000000) (-320.000000 256.000000 1104.000000) 
4 22 43 (-320.000000 256.000000 1104.000000) (-320.000000 256.000000 1136.000000) (-960.000000 256.000000 1136.000000) (-960.000000 256.000000 1104.000000) 
4 22 26 (-960.000000 928.000000 1136.000000) (-960.000000 928.000000 1104.000000) (-960.000000 256.000000 1104.000000) (-960.000000 256.000000 1136.000000) 
4 23 46 (-320.000000 256.000000 416.000000) (-320.000000 256.000000 672.000000) (-512.000000 256.000000 672.000000) (-512.000000 256.000000 416.000000) 
4 23 44 (-320.000000 256.000000 672.000000) (-320.000000 256.000000 1104.000000) (-512.000000 256.000000 1104.000000) (-512.000000 256.000000 672.000000) 
4 23 25 (-512.000000 256.000000 416.000000) (-512.000000 256.000000 1104.000000) (-512.000000 928.000000 1104.000000) (-512.000000 928.000000 416.000000) 
4 24 47 (-320.000000 256.000000 64.000000) (-320.000000 256.000000 288.000000) (-512.000000 256.000000 288.000000) (-512.000000 256.000000 64.000000) 
4 24 25 (-512.000000 928.000000 64.000000) (-512.000000 256.000000 64.000000) (-512.000000 256.000000 288.000000) (-512.000000 928.000000 288.000000) 
4 25 48 (-960.000000 256.000000 416.000000) (-960.000000 256.000000 64.000000) (-512.000000 256.000000 64.000000) (-512.000000 256.000000 416.000000) 
4 25 46 (-960.000000 256.000000 672.000000) (-960.000000 256.000000 416.000000) (-512.000000 256.000000 416.000000) (-512.000000 256.000000 672.000000) 
4 25 44 (-512.000000 256.000000 1104.000000) (-960.000000 256.000000 1104.000000) (-960.000000 256.000000 672.000000) (-512.000000 256.000000 672.000000) 
4 25 28 (-960.000000 928.000000 1104.000000) (-960.000000 928.000000 672.000000) (-960.000000 256.000000 672.000000) (-960.000000 256.000000 1104.000000) 
4 26 49 (-960.000000 256.000000 1104.000000) (-960.000000 256.000000 1136.000000) (-2008.000000 256.000000 1136.000000) (-2008.000000 256.000000 1104.000000) 
4 26 27 (-1976.000000 1512.000000 1104.000000) (-1976.000000 1544.000000 1104.000000) (-960.000000 1544.000000 1104.000000) (-960.000000 1512.000000 1104.000000) 
4 26 31 (-1976.000000 256.000000 1104.000000) (-2008.000000 256.000000 1104.000000) (-2008.000000 1544.000000 1104.000000) (-1976.000000 1544.000000 1104.000000) 
4 27 57 (-960.000000 1544.000000 0.000000) (-960.000000 1512.000000 0.000000) (-1976.000000 1512.000000 0.000000) (-1976.000000 1544.000000 0.000000) 
4 27 31 (-1976.000000 1544.000000 1104.000000) (-1976.000000 1544.000000 -0.000000) (-1976.000000 1512.000000 0.000000) (-1976.000000 1512.000000 1104.000000) 
4 28 51 (-992.000000 256.000000 1104.000000) (-1976.000000 256.000000 1104.000000) (-1976.000000 256.000000 672.000000) (-992.000000 256.000000 672.000000) 
4 28 50 (-960.000000 256.000000 672.000000) (-960.000000 256.000000 1104.000000) (-992.000000 256.000000 1104.000000) (-992.000000 256.000000 672.000000) 
4 28 29 (-992.000000 1512.000000 672.000000) (-960.000000 1512.000000 672.000000) (-960.000000 1088.000000 672.000000) (-992.000000 1088.000000 672.000000) 
4 28 30 (-1976.000000 256.000000 672.000000) (-1976.000000 1512.000000 672.000000) (-992.000000 1512.000000 672.000000) (-992.000000 256.000000 672.000000) 
4 29 58 (-960.000000 1512.000000 0.000000) (-960.000000 1088.000000 0.000000) (-992.000000 1088.000000 0.000000) (-992.000000 1512.000000 0.000000) 
4 29 30 (-992.000000 1512.000000 672.000000) (-992.000000 1512.000000 -0.000000) (-992.000000 1088.000000 0.000000) (-992.000000 1088.000000 672.000000) 
4 30 58 (-992.000000 256.000000 0.000000) (-1976.000000 256.000000 0.000000) (-1976.000000 1512.000000 0.000000) (-992.000000 1512.000000 0.000000) 
4 30 51 (-1976.000000 256.000000 0.000000) (-992.000000 256.000000 0.000000) (-992.000000 256.000000 672.000000) (-1976.000000 256.000000 672.000000) 
4 31 59 (-1976.000000 256.000000 0.000000) (-2008.000000 256.000000 0.000000) (-2008.000000 1544.000000 0.000000) (-1976.000000 1544.000000 0.000000) 
4 31 52 (-2008.000000 256.000000 0.000000) (-1976.000000 256.000000 0.000000) (-1976.000000 256.000000 1104.000000) (-2008.000000 256.000000 1104.000000) 
4 32 53 (736.000000 -256.000000 1104.000000) (736.000000 -256.000000 1136.000000) (-32.000000 -256.000000 1136.000000) (-32.000000 -256.000000 1104.000000) 
4 32 43 (-32.000000 -256.000000 1104.000000) (-32.000000 -256.000000 1136.000000) (-32.000000 256.000000 1136.000000) (-32.000000 256.000000 1104.000000) 
4 33 54 (736.000000 -256.000000 672.000000) (736.000000 -256.000000 1104.000000) (-32.000000 -256.000000 1104.000000) (-32.000000 -256.000000 672.000000) 
4 33 44 (-32.000000 -256.000000 672.000000) (-32.000000 -256.000000 1104.000000) (-32.000000 256.000000 1104.000000) (-32.000000 256.000000 672.000000) 
4 33 42 (-32.000000 -96.000000 672.000000) (-32.000000 -64.000000 672.000000) (736.000000 -64.000000 672.000000) (736.000000 -96.000000 672.000000) 
4 33 41 (-32.000000 -64.000000 672.000000) (-32.000000 -32.000000 672.000000) (224.000000 -32.000000 672.000000) (224.000000 -64.000000 672.000000) 
4 33 39 (-32.000000 -32.000000 672.000000) (-32.000000 96.000000 672.000000) (224.000000 96.000000 672.000000) (224.000000 -32.000000 672.000000) 
4 33 38 (-32.000000 96.000000 672.000000) (-32.000000 128.000000 672.000000) (224.000000 128.000000 672.000000) (224.000000 96.000000 672.000000) 
4 33 37 (224.000000 128.000000 672.000000) (736.000000 128.000000 672.000000) (736.000000 -64.000000 672.000000) (224.000000 -64.000000 672.000000) 
4 33 34 (-32.000000 128.000000 672.000000) (-32.000000 256.000000 672.000000) (736.000000 256.000000 672.000000) (736.000000 128.000000 672.000000) 
4 34 45 (-32.000000 128.000000 672.000000) (-32.000000 256.000000 672.000000) (-32.000000 256.000000 224.000000) (-32.000000 128.000000 224.000000) 
4 34 38 (-32.000000 128.000000 672.000000) (-32.000000 128.000000 256.000000) (224.000000 128.000000 256.000000) (224.000000 128.000000 672.000000) 
4 34 37 (224.000000 128.000000 224.000000) (736.000000 128.000000 224.000000) (736.000000 128.000000 672.000000) (224.000000 128.000000 672.000000) 
4 34 35 (224.000000 256.000000 224.000000) (736.000000 256.000000 224.000000) (736.000000 128.000000 224.000000) (224.000000 128.000000 224.000000) 
4 34 36 (-32.000000 128.000000 224.000000) (-32.000000 256.000000 224.000000) (192.000000 256.000000 224.000000) (192.000000 128.000000 224.000000) 
4 35 37 (224.000000 128.000000 64.000000) (736.000000 128.000000 64.000000) (736.000000 128.000000 224.000000) (224.000000 128.000000 224.000000) 
4 36 45 (-32.000000 256.000000 224.000000) (-32.000000 256.000000 64.000000) (-32.000000 128.000000 64.000000) (-32.000000 128.000000 224.000000) 
4 37 42 (224.000000 -64.000000 64.000000) (736.000000 -64.000000 64.000000) (736.000000 -64.000000 672.000000) (224.000000 -64.000000 672.000000) 
4 37 41 (224.000000 -64.000000 256.000000) (224.000000 -64.000000 672.000000) (224.000000 -32.000000 672.000000) (224.000000 -32.000000 256.000000) 
4 37 39 (224.000000 -32.000000 256.000000) (224.000000 -32.000000 672.000000) (224.000000 96.000000 672.000000) (224.000000 96.000000 256.000000) 
4 37 40 (224.000000 96.000000 64.000000) (224.000000 -32.000000 64.000000) (224.000000 -32.000000 224.000000) (224.000000 96.000000 224.000000) 
4 37 38 (224.000000 128.000000 672.000000) (224.000000 128.000000 256.000000) (224.000000 96.000000 256.000000) (224.000000 96.000000 672.000000) 
4 38 45 (-32.000000 96.000000 672.000000) (-32.000000 128.000000 672.000000) (-32.000000 128.000000 256.000000) (-32.000000 96.000000 256.000000) 
4 38 39 (224.000000 96.000000 256.000000) (224.000000 96.000000 672.000000) (-32.000000 96.000000 672.000000) (-32.000000 96.000000 256.000000) 
4 39 45 (-32.000000 -32.000000 672.000000) (-32.000000 96.000000 672.000000) (-32.000000 96.000000 256.000000) (-32.000000 -32.000000 256.000000) 
4 39 41 (-32.000000 -32.000000 672.000000) (-32.000000 -32.000000 256.000000) (224.000000 -32.000000 256.000000) (224.000000 -32.000000 672.000000) 
4 40 45 (-32.000000 96.000000 224.000000) (-32.000000 96.000000 64.000000) (-32.000000 -32.000000 64.000000) (-32.000000 -32.000000 224.000000) 
4 41 45 (-32.000000 -64.000000 672.000000) (-32.000000 -32.000000 672.000000) (-32.000000 -32.000000 256.000000) (-32.000000 -64.000000 256.000000) 
4 41 42 (224.000000 -64.000000 256.000000) (224.000000 -64.000000 672.000000) (-32.000000 -64.000000 672.000000) (-32.000000 -64.000000 256.000000) 
4 42 45 (-32.000000 -96.000000 672.000000) (-32.000000 -64.000000 672.000000) (-32.000000 -64.000000 64.000000) (-32.000000 -96.000000 64.000000) 
4 43 53 (-960.000000 -256.000000 1136.000000) (-960.000000 -256.000000 1104.000000) (-32.000000 -256.000000 1104.000000) (-32.000000 -256.000000 1136.000000) 
4 43 49 (-960.000000 256.000000 1136.000000) (-960.000000 256.000000 1104.000000) (-960.000000 -256.000000 1104.000000) (-960.000000 -256.000000 1136.000000) 
4 44 54 (-960.000000 -256.000000 1104.000000) (-960.000000 -256.000000 672.000000) (-32.000000 -256.000000 672.000000) (-32.000000 -256.000000 1104.000000) 
4 44 50 (-960.000000 256.000000 1104.000000) (-960.000000 256.000000 672.000000) (-960.000000 -256.000000 672.000000) (-960.000000 -256.000000 1104.000000) 
4 44 46 (-960.000000 -96.000000 672.000000) (-960.000000 256.000000 672.000000) (-320.000000 256.000000 672.000000) (-320.000000 -96.000000 672.000000) 
4 44 45 (-320.000000 256.000000 672.000000) (-32.000000 256.000000 672.000000) (-32.000000 -96.000000 672.000000) (-320.000000 -96.000000 672.000000) 
4 45 47 (-320.000000 256.000000 288.000000) (-320.000000 256.000000 64.000000) (-320.000000 -96.000000 64.000000) (-320.000000 -96.000000 288.000000) 
4 45 46 (-320.000000 256.000000 672.000000) (-320.000000 256.000000 416.000000) (-320.000000 -96.000000 416.000000) (-320.000000 -96.000000 672.000000) 
4 46 48 (-512.000000 -96.000000 416.000000) (-960.000000 -96.000000 416.000000) (-960.000000 256.000000 416.000000) (-512.000000 256.000000 416.000000) 
4 47 48 (-512.000000 256.000000 288.000000) (-512.000000 256.000000 64.000000) (-512.000000 -96.000000 64.000000) (-512.000000 -96.000000 288.000000) 
4 49 53 (-2008.000000 -256.000000 1136.000000) (-2008.000000 -256.000000 1104.000000) (-960.000000 -256.000000 1104.000000) (-960.000000 -256.000000 1136.000000) 
4 49 52 (-1976.000000 -256.000000 1104.000000) (-2008.000000 -256.000000 1104.000000) (-2008.000000 256.000000 1104.000000) (-1976.000000 256.000000 1104.000000) 
4 50 54 (-960.000000 -256.000000 672.000000) (-960.000000 -256.000000 1104.000000) (-992.000000 -256.000000 1104.000000) (-992.000000 -256.000000 672.000000) 
4 50 51 (-992.000000 -256.000000 672.000000) (-992.000000 -256.000000 1104.000000) (-992.000000 256.000000 1104.000000) (-992.000000 256.000000 672.000000) 
4 51 58 (-1976.000000 256.000000 0.000000) (-992.000000 256.000000 0.000000) (-992.000000 -256.000000 0.000000) (-1976.000000 -256.000000 0.000000) 
4 51 54 (-1976.000000 -256.000000 0.000000) (-992.000000 -256.000000 0.000000) (-992.000000 -256.000000 1104.000000) (-1976.000000 -256.000000 1104.000000) 
4 52 59 (-2008.000000 256.000000 0.000000) (-1976.000000 256.000000 0.000000) (-1976.000000 -256.000000 0.000000) (-2008.000000 -256.000000 0.000000) 
4 52 56 (-2008.000000 -256.000000 1104.000000) (-2008.000000 -256.000000 0.000000) (-1976.000000 -256.000000 0.000000) (-1976.000000 -256.000000 1104.000000) 
4 53 55 (736.000000 -1056.000000 1104.000000) (736.000000 -1088.000000 1104.000000) (-1976.000000 -1088.000000 1104.000000) (-1976.000000 -1056.000000 1104.000000) 
4 53 56 (-2008.000000 -1088.000000 1104.000000) (-2008.000000 -256.000000 1104.000000) (-1976.000000 -256.000000 1104.000000) (-1976.000000 -1088.000000 1104.000000) 
4 54 58 (-1976.000000 -256.000000 0.000000) (736.000000 -256.000000 0.000000) (736.000000 -1056.000000 0.000000) (-1976.000000 -1056.000000 0.000000) 
4 55 61 (736.000000 -1056.000000 0.000000) (736.000000 -1088.000000 0.000000) (-1976.000000 -1088.000000 0.000000) (-1976.000000 -1056.000000 0.000000) 
4 55 56 (-1976.000000 -1056.000000 0.000000) (-1976.000000 -1088.000000 -0.000000) (-1976.000000 -1088.000000 1104.000000) (-1976.000000 -1056.000000 1104.000000) 
4 56 61 (-1976.000000 -1056.000000 0.000000) (-1976.000000 -1088.000000 0.000000) (-2008.000000 -1088.000000 0.000000) (-2008.000000 -1056.000000 0.000000) 
4 56 59 (-2008.000000 -256.000000 0.000000) (-1976.000000 -256.000000 0.000000) (-1976.000000 -1056.000000 0.000000) (-2008.000000 -1056.000000 0.000000) 
4 57 59 (-1976.000000 1544.000000 -0.000000) (-1976.000000 1544.000000 -504.000000) (-1976.000000 1512.000000 -504.000000) (-1976.000000 1512.000000 0.000000) 
4 57 60 (-1976.000000 1512.000000 -504.000000) (-1976.000000 1544.000000 -504.000000) (736.000000 1544.000000 -504.000000) (736.000000 1512.000000 -504.000000) 
4 59 61 (-1976.000000 -1056.000000 0.000000) (-2008.000000 -1056.000000 0.000000) (-2008.000000 -1056.000000 -504.000000) (-1976.000000 -1056.000000 -504.000000) 
4 59 60 (-1976.000000 -1056.000000 -504.000000) (-2008.000000 -1056.000000 -504.000000) (-2008.000000 1544.000000 -504.000000) (-1976.000000 1544.000000 -504.000000) 
4 60 61 (-2008.000000 -1056.000000 -536.000000) (736.000000 -1056.000000 -536.000000) (736.000000 -1056.000000 -504.000000) (-2008.000000 -1056.000000 -504.000000) 
