hlcsg v3.4 VL33 (Feb  2 2014)
Zoner's Half-Life Compilation Tools -- Custom Build
Based on code modifications by Sean 'Zoner' Cavanaugh
Based on Valve's version, modified with permission.
Submit detailed bug reports to (vluzacn@163.com)
-----  BEGIN  hlcsg -----
Command line: "C:/Program Files/J.A.C.K/halflife/hlcsg.exe" E:\SteamLibrary\steamapps\common\Half-Life\zamnhlmp\maps\the_cube_v2 
Arguments: E:\SteamLibrary\steamapps\common\Half-Life\zamnhlmp\maps\the_cube_v2 -low -wadautodetect 
Entering E:\SteamLibrary\steamapps\common\Half-Life\zamnhlmp\maps\the_cube_v2.map

Current hlcsg Settings
Name                 |  Setting  |  Default
---------------------|-----------|-------------------------
threads               [       8 ] [  Varies ]
verbose               [     off ] [     off ]
log                   [      on ] [      on ]
reset logfile         [      on ] [      on ]
developer             [       0 ] [       0 ]
chart                 [     off ] [     off ]
estimate              [     off ] [     off ]
max texture memory    [ 33554432 ] [ 33554432 ]
max lighting memory   [ 50331648 ] [ 50331648 ]
priority              [     Low ] [  Normal ]

noclip                [     off ] [     off ]
null texture stripping[      on ] [      on ]
clipnode economy mode [     off ] [     off ]
clip hull type        [  simple ] [  simple ]
onlyents              [     off ] [     off ]
wadtextures           [      on ] [      on ]
skyclip               [      on ] [      on ]
hullfile              [    None ] [    None ]
wad configuration file[    None ] [    None ]
wad.cfg group name    [    None ] [    None ]
nullfile              [    None ] [    None ]
nullify trigger       [      on ] [      on ]
min surface area      [   0.000 ] [   0.000 ]
brush union threshold [   0.000 ] [   0.000 ]
map scaling           [    None ] [    None ]
light name optimize   [      on ] [      on ]
UTF8 game_text        [      on ] [      on ]

Using mapfile wad configuration
Wadfiles not in use by the map will be excluded
Wadinclude list :
[zhlt.wad]

CreateBrush:
 (0.02 seconds)
CSGBrush:
 (0.03 seconds)

Using Wadfile: \SteamLibrary\steamapps\common\Half-Life\valve\halflife.wad
 - Contains 7 used textures, 100.00 percent of map (3116 textures in wad)

Wad files required to run the map: "halflife.wad;"
Texture usage is at 0.09 mb (of 32.00 mb MAX)
0.24 seconds elapsed

-----   END   hlcsg -----



hlbsp v3.4 VL33 (Feb  2 2014)
Zoner's Half-Life Compilation Tools -- Custom Build
Based on code modifications by Sean 'Zoner' Cavanaugh
Based on Valve's version, modified with permission.
Submit detailed bug reports to (vluzacn@163.com)
-----  BEGIN  hlbsp -----
Command line: "C:/Program Files/J.A.C.K/halflife/hlbsp.exe" E:\SteamLibrary\steamapps\common\Half-Life\zamnhlmp\maps\the_cube_v2 
Arguments: E:\SteamLibrary\steamapps\common\Half-Life\zamnhlmp\maps\the_cube_v2 -low -chart 

Current hlbsp Settings
Name               |  Setting  |  Default
-------------------|-----------|-------------------------
threads             [       8 ] [  Varies ]
verbose             [     off ] [     off ]
log                 [      on ] [      on ]
developer           [       0 ] [       0 ]
chart               [      on ] [     off ]
estimate            [     off ] [     off ]
max texture memory  [ 33554432 ] [ 33554432 ]
priority            [     Low ] [  Normal ]

noclip              [     off ] [     off ]
nofill              [     off ] [     off ]
noinsidefill        [     off ] [     off ]
noopt               [     off ] [     off ]
no clipnode merging [     off ] [     off ]
null tex. stripping [      on ] [      on ]
notjunc             [     off ] [     off ]
nobrink             [     off ] [     off ]
subdivide size      [     240 ] [     240 ] (Min 64) (Max 512)
max node size       [    1024 ] [    1024 ] (Min 64) (Max 65536)
remove hull 2       [     off ] [     off ]


SolidBSP [hull 0] 107 (0.02 seconds)
BSP generation successful, writing portal file 'E:\SteamLibrary\steamapps\common\Half-Life\zamnhlmp\maps\the_cube_v2.prt'
SolidBSP [hull 1] 89 (0.01 seconds)
SolidBSP [hull 2] 89 (0.04 seconds)
SolidBSP [hull 3] 89 (0.01 seconds)
Reduced 234 clipnodes to 215
Reduced 38 texinfos to 30
Reduced 7 texdatas to 7 (312 bytes to 312)
Reduced 320 planes to 123
FixBrinks:
Increased 215 clipnodes to 215.

Object names  Objects/Maxobjs  Memory / Maxmem  Fullness
------------  ---------------  ---------------  --------
models              3/512          192/32768    ( 0.6%)
planes            123/32768       2460/655360   ( 0.4%)
vertexes          643/65535       7716/786420   ( 1.0%)
nodes             118/32767       2832/786408   ( 0.4%)
texinfos           30/32767       1200/1310680  ( 0.1%)
faces             536/65535      10720/1310700  ( 0.8%)
* worldfaces      530/32768          0/0        ( 1.6%)
clipnodes         215/32767       1720/262136   ( 0.7%)
leaves             75/32760       2100/917280   ( 0.2%)
* worldleaves      62/8192           0/0        ( 0.8%)
marksurfaces      590/65535       1180/131070   ( 0.9%)
surfedges        2420/512000      9680/2048000  ( 0.5%)
edges            1211/256000      4844/1024000  ( 0.5%)
texdata          [variable]        312/33554432 ( 0.0%)
lightdata        [variable]          0/50331648 ( 0.0%)
visdata          [variable]          0/8388608  ( 0.0%)
entdata          [variable]       4639/2097152  ( 0.2%)
* AllocBlock        5/64             0/0        ( 7.8%)
7 textures referenced
=== Total BSP file data space used: 49595 bytes ===
Wad files required to run the map: "halflife.wad;"
0.34 seconds elapsed

-----   END   hlbsp -----



hlvis v3.4 VL33 (Feb  2 2014)
Zoner's Half-Life Compilation Tools -- Custom Build
Based on code modifications by Sean 'Zoner' Cavanaugh
Based on Valve's version, modified with permission.
Submit detailed bug reports to (vluzacn@163.com)
-----  BEGIN  hlvis -----
Command line: "C:/Program Files/J.A.C.K/halflife/hlvis.exe" E:\SteamLibrary\steamapps\common\Half-Life\zamnhlmp\maps\the_cube_v2 
Arguments: E:\SteamLibrary\steamapps\common\Half-Life\zamnhlmp\maps\the_cube_v2 -low 
  62 portalleafs
 160 numportals

-= Current hlvis Settings =-
Name               |  Setting  |  Default
-------------------|-----------|-------------------------
threads             [       8 ] [  Varies ]
verbose             [     off ] [     off ]
log                 [      on ] [      on ]
developer           [       0 ] [       0 ]
chart               [     off ] [     off ]
estimate            [     off ] [     off ]
max texture memory  [ 33554432 ] [ 33554432 ]
max vis distance    [       0 ] [       0 ]
priority            [     Low ] [  Normal ]

fast vis            [     off ] [     off ]
full vis            [     off ] [     off ]


BasePortalVis:
 (0.04 seconds)
LeafThread:
 (0.01 seconds)
average leafs visible: 25
g_visdatasize:506  compressed from 496
0.09 seconds elapsed

-----   END   hlvis -----



hlrad v3.4 VL33 64-bit (Feb  2 2014)
Zoner's Half-Life Compilation Tools -- Custom Build
Based on code modifications by Sean 'Zoner' Cavanaugh
Based on Valve's version, modified with permission.
Submit detailed bug reports to (vluzacn@163.com)
-----  BEGIN  hlrad -----
Command line: "C:/Program Files/J.A.C.K/halflife/hlrad_x64.exe" E:\SteamLibrary\steamapps\common\Half-Life\zamnhlmp\maps\the_cube_v2 
Arguments: E:\SteamLibrary\steamapps\common\Half-Life\zamnhlmp\maps\the_cube_v2 -low 
Loading extent file 'E:\SteamLibrary\steamapps\common\Half-Life\zamnhlmp\maps\the_cube_v2.ext'

-= Current hlrad Settings =-
Name                | Setting             | Default
--------------------|---------------------|-------------------------
threads              [                 8 ] [            Varies ]
verbose              [               off ] [               off ]
log                  [                on ] [                on ]
developer            [                 0 ] [                 0 ]
chart                [               off ] [               off ]
estimate             [               off ] [               off ]
max texture memory   [          33554432 ] [          33554432 ]
max lighting memory  [          50331648 ] [          50331648 ]
priority             [               Low ] [            Normal ]

fast rad             [               off ] [               off ]
vismatrix algorithm  [            Sparse ] [            Sparse ]
oversampling (-extra)[               off ] [               off ]
bounces              [                 8 ] [                 8 ]
ambient light        [ 0.000 0.000 0.000 ] [ 0.000 0.000 0.000 ]
light limit threshold[           188.000 ] [           188.000 ]
circus mode          [               off ] [               off ]

smoothing threshold  [            50.000 ] [            50.000 ]
smoothing threshold 2[         no change ] [         no change ]
direct threshold     [            10.000 ] [            10.000 ]
direct light scale   [             1.000 ] [             1.000 ]
coring threshold     [             0.010 ] [             0.010 ]
patch interpolation  [                on ] [                on ]

texscale             [                on ] [                on ]
patch subdividing    [                on ] [                on ]
chop value           [            64.000 ] [            64.000 ]
texchop value        [            32.000 ] [            32.000 ]

global fade          [             1.000 ] [             1.000 ]
global light scale   [ 2.000 2.000 2.000 ] [ 2.000 2.000 2.000 ]
global gamma         [ 0.550 0.550 0.550 ] [ 0.550 0.550 0.550 ]
global light scale   [             2.000 ] [             2.000 ]
global sky diffusion [             1.000 ] [             1.000 ]

spread angles        [                on ] [                on ]
opaque entities      [                on ] [                on ]
sky lighting fix     [                on ] [                on ]
incremental          [               off ] [               off ]
dump                 [               off ] [               off ]

colour jitter        [       0.0 0.0 0.0 ] [       0.0 0.0 0.0 ]
monochromatic jitter [       0.0 0.0 0.0 ] [       0.0 0.0 0.0 ]

custom shadows with bounce light
                     [               off ] [               off ]
rgb transfers        [               off ] [               off ]
minimum final light  [                 0 ] [                 0 ]
size of transfer     [         1 (16bit) ] [         1 (16bit) ]
size of rgbtransfer  [         2 (32bit) ] [         2 (32bit) ]
soft sky             [                on ] [                on ]
translucent depth    [             2.000 ] [             2.000 ]
block opaque         [                on ] [                on ]
ignore textures      [               off ] [               off ]
reflectivity gamma   [             1.760 ] [             1.760 ]
reflectivity scale   [             0.700 ] [             0.700 ]
blur size            [             1.500 ] [             1.500 ]
no emitter range     [               off ] [               off ]
wall bleeding fix    [                on ] [                on ]


Load Textures:
Using Wadfile: E:\SteamLibrary\steamapps\common\Half-Life\zamnhlmp\maps\the_cube_v2.wa_
7 textures referenced
Reading texlights from 'C:\Program Files\J.A.C.K\halflife\lights.rad'
0 opaque models
0 opaque faces
536 faces
Create Patches : 4382 base patches
92180 square feet [13273984.00 square inches]
1 direct lights and 16386 fast direct lights
1 light styles

FindFacePositions:
 (0.66 seconds)
BuildFacelights:
 (3.18 seconds)
BuildVisLeafs:
 (0.28 seconds)
visibility matrix   :   1.1 megs
MakeScales:
 (0.27 seconds)
Transfer Lists :     1950798 :     1.95M transfers
       Indices :      392068 :   382.88k bytes
          Data :     3908667 :     3.73M bytes
Bounce 1 GatherLight:
 (0.02 seconds)
Bounce 2 GatherLight:
 (0.02 seconds)
Bounce 3 GatherLight:
 (0.02 seconds)
Bounce 4 GatherLight:
 (0.02 seconds)
Bounce 5 GatherLight:
 (0.02 seconds)
Bounce 6 GatherLight:
 (0.02 seconds)
Bounce 7 GatherLight:
 (0.02 seconds)
Bounce 8 GatherLight:
 (0.02 seconds)
CreateTriangulations:
 (0.11 seconds)
AddPatchLights:
 (2.31 seconds)
FinalLightFace:
 (0.01 seconds)
7.32 seconds elapsed

-----   END   hlrad -----



