hlcsg v3.4 VL33 (Feb  2 2014)
Zoner's Half-Life Compilation Tools -- Custom Build
Based on code modifications by Sean 'Zoner' Cavanaugh
Based on Valve's version, modified with permission.
Submit detailed bug reports to (vluzacn@163.com)
-----  BEGIN  hlcsg -----
Command line: "C:/Program Files/J.A.C.K./halflife/hlcsg.exe" "D:\Program Files (x86)\Steam\steamapps\common\Half-Life\zamnhlmp\maps\z1a0" 
Arguments: "D:\Program Files (x86)\Steam\steamapps\common\Half-Life\zamnhlmp\maps\z1a0" -low -wadautodetect 
Entering D:\Program Files (x86)\Steam\steamapps\common\Half-Life\zamnhlmp\maps\z1a0.map

Current hlcsg Settings
Name                 |  Setting  |  Default
---------------------|-----------|-------------------------
threads               [       8 ] [  Varies ]
verbose               [     off ] [     off ]
log                   [      on ] [      on ]
reset logfile         [      on ] [      on ]
developer             [       0 ] [       0 ]
chart                 [     off ] [     off ]
estimate              [     off ] [     off ]
max texture memory    [ 33554432 ] [ 33554432 ]
max lighting memory   [ 50331648 ] [ 50331648 ]
priority              [     Low ] [  Normal ]

noclip                [     off ] [     off ]
null texture stripping[      on ] [      on ]
clipnode economy mode [     off ] [     off ]
clip hull type        [  simple ] [  simple ]
onlyents              [     off ] [     off ]
wadtextures           [      on ] [      on ]
skyclip               [      on ] [      on ]
hullfile              [    None ] [    None ]
wad configuration file[    None ] [    None ]
wad.cfg group name    [    None ] [    None ]
nullfile              [    None ] [    None ]
nullify trigger       [      on ] [      on ]
min surface area      [   0.000 ] [   0.000 ]
brush union threshold [   0.000 ] [   0.000 ]
map scaling           [    None ] [    None ]
light name optimize   [      on ] [      on ]
UTF8 game_text        [      on ] [      on ]

Using mapfile wad configuration
Wadfiles not in use by the map will be excluded
Wadinclude list :
[zhlt.wad]

CreateBrush:
 (0.05 seconds)
CSGBrush:
 (0.20 seconds)

 - Warning: Larger than expected texture (1045292 bytes): 'COLGATE'
Using Wadfile: \Program Files (x86)\Steam\steamapps\common\Half-Life\zamnhlmp\fof_32.wad
 - Contains 2 used textures, 10.00 percent of map (69 textures in wad)
Using Wadfile: \Program Files (x86)\Steam\steamapps\common\Half-Life\zamnhlmp\halflife.wad
 - Contains 2 used textures, 10.00 percent of map (3116 textures in wad)
Using Wadfile: \Program Files (x86)\Steam\steamapps\common\Half-Life\zamnhlmp\zamn.wad
 - Contains 16 used textures, 80.00 percent of map (26 textures in wad)

Wad files required to run the map: "fof_32.wad;halflife.wad;zamn.wad;"
Texture usage is at 0.13 mb (of 32.00 mb MAX)
0.46 seconds elapsed

-----   END   hlcsg -----



hlbsp v3.4 VL33 (Feb  2 2014)
Zoner's Half-Life Compilation Tools -- Custom Build
Based on code modifications by Sean 'Zoner' Cavanaugh
Based on Valve's version, modified with permission.
Submit detailed bug reports to (vluzacn@163.com)
-----  BEGIN  hlbsp -----
Command line: "C:/Program Files/J.A.C.K./halflife/hlbsp.exe" "D:\Program Files (x86)\Steam\steamapps\common\Half-Life\zamnhlmp\maps\z1a0" 
Arguments: "D:\Program Files (x86)\Steam\steamapps\common\Half-Life\zamnhlmp\maps\z1a0" -low -chart 

Current hlbsp Settings
Name               |  Setting  |  Default
-------------------|-----------|-------------------------
threads             [       8 ] [  Varies ]
verbose             [     off ] [     off ]
log                 [      on ] [      on ]
developer           [       0 ] [       0 ]
chart               [      on ] [     off ]
estimate            [     off ] [     off ]
max texture memory  [ 33554432 ] [ 33554432 ]
priority            [     Low ] [  Normal ]

noclip              [     off ] [     off ]
nofill              [     off ] [     off ]
noinsidefill        [     off ] [     off ]
noopt               [     off ] [     off ]
no clipnode merging [     off ] [     off ]
null tex. stripping [      on ] [      on ]
notjunc             [     off ] [     off ]
nobrink             [     off ] [     off ]
subdivide size      [     240 ] [     240 ] (Min 64) (Max 512)
max node size       [    1024 ] [    1024 ] (Min 64) (Max 65536)
remove hull 2       [     off ] [     off ]


SolidBSP [hull 0] 500...Warning: Ambiguous leafnode content ( EMPTY and SOLID ) at (58,-1431,-192)-(87,-1367,-181) in hull 0 of model 0 (entity: classname "worldspawn", origin "", targetname "")
Warning: Ambiguous leafnode content ( EMPTY and SOLID ) at (58,-1431,-208)-(87,-1367,-197) in hull 0 of model 0 (entity: classname "worldspawn", origin "", targetname "")
826 (0.11 seconds)
BSP generation successful, writing portal file 'D:\Program Files (x86)\Steam\steamapps\common\Half-Life\zamnhlmp\maps\z1a0.prt'
SolidBSP [hull 1] 500...Warning: Ambiguous leafnode content ( EMPTY and SOLID ) at (74,-1415,-161)-(103,-1351,-145) in hull 1 of model 0 (entity: classname "worldspawn", origin "", targetname "")
702 (0.09 seconds)
SolidBSP [hull 2] Warning: Ambiguous leafnode content ( EMPTY and SOLID ) at (90,-1399,-165)-(119,-1335,-149) in hull 2 of model 0 (entity: classname "worldspawn", origin "", targetname "")
500...633 (0.08 seconds)
SolidBSP [hull 3] 500...Warning: Ambiguous leafnode content ( EMPTY and SOLID ) at (74,-1415,-179)-(103,-1351,-163) in hull 3 of model 0 (entity: classname "worldspawn", origin "", targetname "")
778 (0.09 seconds)
Warning: Ambiguous leafnode content ( EMPTY and SOLID ) at (28,-1473,-208)-(47,-975,-206) in hull 0 of model 2 (entity: classname "func_water", origin "", targetname "")
Warning: Ambiguous leafnode content ( EMPTY and SOLID ) at (241,-1600,-208)-(255,-1408,-206) in hull 0 of model 2 (entity: classname "func_water", origin "", targetname "")
Warning: Ambiguous leafnode content ( EMPTY and SOLID ) at (682,-1085,-208)-(883,-1054,-206) in hull 0 of model 2 (entity: classname "func_water", origin "", targetname "")
Warning: Ambiguous leafnode content ( EMPTY and SOLID ) at (396,-1189,-208)-(486,-1106,-206) in hull 0 of model 2 (entity: classname "func_water", origin "", targetname "")
Warning: Ambiguous leafnode content ( EMPTY and SOLID ) at (368,-1205,-174)-(470,-1111,-170) in hull 1 of model 2 (entity: classname "func_water", origin "", targetname "")
Warning: Ambiguous leafnode content ( EMPTY and SOLID ) at (639,-1380,-244)-(899,-1256,-170) in hull 1 of model 2 (entity: classname "func_water", origin "", targetname "")
Warning: Ambiguous leafnode content ( EMPTY and SOLID ) at (368,-1424,-244)-(639,-1379,-170) in hull 1 of model 2 (entity: classname "func_water", origin "", targetname "")
Warning: Ambiguous leafnode content ( EMPTY and SOLID ) at (-123,-1256,-244)-(-120,-1170,-170) in hull 1 of model 2 (entity: classname "func_water", origin "", targetname "")
Warning: Ambiguous leafnode content ( EMPTY and SOLID ) at (-59244,-54902,-79998)-(58446,54040,80001) in hull 2 of model 2 (entity: classname "func_water", origin "", targetname "")
Warning: Ambiguous leafnode content ( EMPTY and SOLID ) at (655,-1395,-80000)-(1011,-1227,80000) in hull 2 of model 2 (entity: classname "func_water", origin "", targetname "")
Warning: Ambiguous leafnode content ( EMPTY and SOLID ) at (652,-1396,-240)-(655,-1395,-174) in hull 2 of model 2 (entity: classname "func_water", origin "", targetname "")
Warning: Ambiguous leafnode content ( EMPTY and SOLID ) at (352,-1440,-240)-(655,-1395,-174) in hull 2 of model 2 (entity: classname "func_water", origin "", targetname "")
Warning: Ambiguous leafnode content ( EMPTY and SOLID ) at (-139,-1272,-240)-(-136,-1154,-174) in hull 2 of model 2 (entity: classname "func_water", origin "", targetname "")
Warning: Ambiguous leafnode content ( EMPTY and SOLID ) at (-59229,-54886,-79998)-(58462,54057,80001) in hull 3 of model 2 (entity: classname "func_water", origin "", targetname "")
Warning: Ambiguous leafnode content ( EMPTY and SOLID ) at (639,-1379,-226)-(899,-1256,-184) in hull 3 of model 2 (entity: classname "func_water", origin "", targetname "")
Warning: Ambiguous leafnode content ( EMPTY and SOLID ) at (368,-1424,-226)-(639,-1379,-188) in hull 3 of model 2 (entity: classname "func_water", origin "", targetname "")
Warning: Ambiguous leafnode content ( EMPTY and SOLID ) at (-123,-1256,-226)-(-120,-1170,-188) in hull 3 of model 2 (entity: classname "func_water", origin "", targetname "")
Reduced 2269 clipnodes to 2102
Reduced 420 texinfos to 357
Reduced 20 texdatas to 19 (884 bytes to 840)
Reduced 4388 planes to 1324
FixBrinks:
Increased 2102 clipnodes to 2102.

Object names  Objects/Maxobjs  Memory / Maxmem  Fullness
------------  ---------------  ---------------  --------
models              6/512          384/32768    ( 1.2%)
planes           1324/32768      26480/655360   ( 4.0%)
vertexes         3197/65535      38364/786420   ( 4.9%)
nodes             910/32767      21840/786408   ( 2.8%)
texinfos          357/32767      14280/1310680  ( 1.1%)
faces            2343/65535      46860/1310700  ( 3.6%)
* worldfaces     2211/32768          0/0        ( 6.7%)
clipnodes        2102/32767      16816/262136   ( 6.4%)
leaves            612/32760      17136/917280   ( 1.9%)
* worldleaves     544/8192           0/0        ( 6.6%)
marksurfaces     2846/65535       5692/131070   ( 4.3%)
surfedges       11176/512000     44704/2048000  ( 2.2%)
edges            5649/256000     22596/1024000  ( 2.2%)
texdata          [variable]        840/33554432 ( 0.0%)
lightdata        [variable]          0/50331648 ( 0.0%)
visdata          [variable]          0/8388608  ( 0.0%)
entdata          [variable]       4913/2097152  ( 0.2%)
* AllocBlock       10/64             0/0        (15.6%)
19 textures referenced
=== Total BSP file data space used: 260905 bytes ===
Wad files required to run the map: "fof_32.wad;halflife.wad;zamn.wad;"
0.97 seconds elapsed

-----   END   hlbsp -----



hlvis v3.4 VL33 (Feb  2 2014)
Zoner's Half-Life Compilation Tools -- Custom Build
Based on code modifications by Sean 'Zoner' Cavanaugh
Based on Valve's version, modified with permission.
Submit detailed bug reports to (vluzacn@163.com)
-----  BEGIN  hlvis -----
Command line: "C:/Program Files/J.A.C.K./halflife/hlvis.exe" -fast "D:\Program Files (x86)\Steam\steamapps\common\Half-Life\zamnhlmp\maps\z1a0" 
Arguments: -fast "D:\Program Files (x86)\Steam\steamapps\common\Half-Life\zamnhlmp\maps\z1a0" -low 
 544 portalleafs
1784 numportals

-= Current hlvis Settings =-
Name               |  Setting  |  Default
-------------------|-----------|-------------------------
threads             [       8 ] [  Varies ]
verbose             [     off ] [     off ]
log                 [      on ] [      on ]
developer           [       0 ] [       0 ]
chart               [     off ] [     off ]
estimate            [     off ] [     off ]
max texture memory  [ 33554432 ] [ 33554432 ]
max vis distance    [       0 ] [       0 ]
priority            [     Low ] [  Normal ]

fast vis            [      on ] [     off ]
full vis            [     off ] [     off ]


BasePortalVis:
 (0.07 seconds)
average leafs visible: 328
g_visdatasize:34693  compressed from 36992
0.14 seconds elapsed

-----   END   hlvis -----



hlrad v3.4 VL33 (Feb  2 2014)
Zoner's Half-Life Compilation Tools -- Custom Build
Based on code modifications by Sean 'Zoner' Cavanaugh
Based on Valve's version, modified with permission.
Submit detailed bug reports to (vluzacn@163.com)
-----  BEGIN  hlrad -----
Command line: "C:/Program Files/J.A.C.K./halflife/hlrad.exe" "D:\Program Files (x86)\Steam\steamapps\common\Half-Life\zamnhlmp\maps\z1a0" 
Arguments: "D:\Program Files (x86)\Steam\steamapps\common\Half-Life\zamnhlmp\maps\z1a0" -low 

-= Current hlrad Settings =-
Name                | Setting             | Default
--------------------|---------------------|-------------------------
threads              [                 8 ] [            Varies ]
verbose              [               off ] [               off ]
log                  [                on ] [                on ]
developer            [                 0 ] [                 0 ]
chart                [               off ] [               off ]
estimate             [               off ] [               off ]
max texture memory   [          33554432 ] [          33554432 ]
max lighting memory  [          50331648 ] [          50331648 ]
priority             [               Low ] [            Normal ]

fast rad             [               off ] [               off ]
vismatrix algorithm  [            Sparse ] [            Sparse ]
oversampling (-extra)[               off ] [               off ]
bounces              [                 8 ] [                 8 ]
ambient light        [ 0.000 0.000 0.000 ] [ 0.000 0.000 0.000 ]
light limit threshold[           188.000 ] [           188.000 ]
circus mode          [               off ] [               off ]

smoothing threshold  [            50.000 ] [            50.000 ]
smoothing threshold 2[         no change ] [         no change ]
direct threshold     [            10.000 ] [            10.000 ]
direct light scale   [             1.000 ] [             1.000 ]
coring threshold     [             0.010 ] [             0.010 ]
patch interpolation  [                on ] [                on ]

texscale             [                on ] [                on ]
patch subdividing    [                on ] [                on ]
chop value           [            64.000 ] [            64.000 ]
texchop value        [            32.000 ] [            32.000 ]

global fade          [             1.000 ] [             1.000 ]
global light scale   [ 2.000 2.000 2.000 ] [ 2.000 2.000 2.000 ]
global gamma         [ 0.550 0.550 0.550 ] [ 0.550 0.550 0.550 ]
global light scale   [             2.000 ] [             2.000 ]
global sky diffusion [             1.000 ] [             1.000 ]

spread angles        [                on ] [                on ]
opaque entities      [                on ] [                on ]
sky lighting fix     [                on ] [                on ]
incremental          [               off ] [               off ]
dump                 [               off ] [               off ]

colour jitter        [       0.0 0.0 0.0 ] [       0.0 0.0 0.0 ]
monochromatic jitter [       0.0 0.0 0.0 ] [       0.0 0.0 0.0 ]

custom shadows with bounce light
                     [               off ] [               off ]
rgb transfers        [               off ] [               off ]
minimum final light  [                 0 ] [                 0 ]
size of transfer     [         1 (16bit) ] [         1 (16bit) ]
size of rgbtransfer  [         2 (32bit) ] [         2 (32bit) ]
soft sky             [                on ] [                on ]
translucent depth    [             2.000 ] [             2.000 ]
block opaque         [                on ] [                on ]
ignore textures      [               off ] [               off ]
reflectivity gamma   [             1.760 ] [             1.760 ]
reflectivity scale   [             0.700 ] [             0.700 ]
blur size            [             1.500 ] [             1.500 ]
no emitter range     [               off ] [               off ]
wall bleeding fix    [                on ] [                on ]


Load Textures:
Using Wadfile: D:\Program Files (x86)\Steam\steamapps\common\Half-Life\zamnhlmp\maps\z1a0.wa_
19 textures referenced
Reading texlights from 'C:\Program Files\J.A.C.K\halflife\lights.rad'
0 opaque models
0 opaque faces
2343 faces
Create Patches : 10741 base patches
205825 square feet [29638824.00 square inches]
1 direct lights and 16386 fast direct lights
2 light styles

FindFacePositions:
 (0.77 seconds)
BuildFacelights:
 (7.68 seconds)
BuildVisLeafs:
 (1.77 seconds)
visibility matrix   :   4.3 megs
MakeScales:
 (1.51 seconds)
Transfer Lists :     2731437 :     2.73M transfers
       Indices :     2124488 :     2.03M bytes
          Data :     5481387 :     5.23M bytes
Bounce 1 GatherLight:
 (0.04 seconds)
Bounce 2 GatherLight:
 (0.04 seconds)
Bounce 3 GatherLight:
 (0.04 seconds)
Bounce 4 GatherLight:
 (0.04 seconds)
Bounce 5 GatherLight:
 (0.04 seconds)
Bounce 6 GatherLight:
 (0.04 seconds)
Bounce 7 GatherLight:
 (0.04 seconds)
Bounce 8 GatherLight:
 (0.04 seconds)
CreateTriangulations:
 (0.13 seconds)
AddPatchLights:
 (5.20 seconds)
FinalLightFace:
 (0.01 seconds)
17.75 seconds elapsed

-----   END   hlrad -----



