29
64
1
1
1
1
1
1
1
1
1
1
1
1
1
1
1
1
1
1
1
1
1
1
1
1
1
1
1
1
1
4 0 15 (32.000000 -2016.000000 800.000000) (32.000000 -2016.000000 832.000000) (32.000000 0.000000 832.000000) (32.000000 0.000000 800.000000) 
4 0 5 (32.000000 0.000000 832.000000) (32.000000 736.000000 832.000000) (32.000000 736.000000 800.000000) (32.000000 0.000000 800.000000) 
4 0 2 (32.000000 704.000000 800.000000) (32.000000 736.000000 800.000000) (762.483000 736.000000 800.000000) (762.483000 704.000000 800.000000) 
4 0 4 (32.000000 -2016.000000 800.000000) (32.000000 -1984.000000 800.000000) (762.483000 -1984.000000 800.000000) (762.483000 -2016.000000 800.000000) 
4 0 1 (762.483000 736.000000 800.000000) (800.000000 736.000000 800.000000) (800.000000 -2016.000000 800.000000) (762.483000 -2016.000000 800.000000) 
4 1 23 (762.483000 736.000000 0.000000) (800.000000 736.000000 0.000000) (800.000000 -1984.000000 0.000000) (762.483000 -1984.000000 0.000000) 
4 1 26 (800.000000 -1984.000000 0.000000) (800.000000 -2016.000000 0.000000) (762.483000 -2016.000000 0.000000) (762.483000 -1984.000000 0.000000) 
4 1 2 (762.483000 736.000000 800.000000) (762.483000 736.000000 -0.000000) (762.483000 704.000000 0.000000) (762.483000 704.000000 800.000000) 
4 1 4 (762.483000 -1984.000000 0.000000) (762.483000 -2016.000000 -0.000000) (762.483000 -2016.000000 800.000000) (762.483000 -1984.000000 800.000000) 
4 2 24 (32.000000 704.000000 0.000000) (32.000000 736.000000 0.000000) (762.483000 736.000000 0.000000) (762.483000 704.000000 0.000000) 
4 2 6 (32.000000 736.000000 0.000000) (32.000000 704.000000 0.000000) (32.000000 704.000000 800.000000) (32.000000 736.000000 800.000000) 
4 3 25 (32.000000 -1984.000000 0.000000) (32.000000 704.000000 0.000000) (762.483000 704.000000 0.000000) (762.483000 -1984.000000 0.000000) 
4 3 20 (32.000000 -1824.000000 0.000000) (32.000000 -1984.000000 0.000000) (32.000000 -1984.000000 800.000000) (32.000000 -1824.000000 800.000000) 
4 3 16 (32.000000 -1824.000000 512.000000) (32.000000 -1824.000000 800.000000) (32.000000 0.000000 800.000000) (32.000000 0.000000 512.000000) 
4 3 8 (32.000000 0.000000 512.000000) (32.000000 0.000000 800.000000) (32.000000 384.000000 800.000000) (32.000000 384.000000 512.000000) 
4 3 7 (32.000000 704.000000 0.000000) (32.000000 384.000000 0.000000) (32.000000 384.000000 800.000000) (32.000000 704.000000 800.000000) 
4 4 26 (32.000000 -2016.000000 0.000000) (32.000000 -1984.000000 0.000000) (762.483000 -1984.000000 0.000000) (762.483000 -2016.000000 0.000000) 
4 4 21 (32.000000 -1984.000000 0.000000) (32.000000 -2016.000000 0.000000) (32.000000 -2016.000000 800.000000) (32.000000 -1984.000000 800.000000) 
4 5 15 (32.000000 0.000000 800.000000) (32.000000 0.000000 832.000000) (-2464.000000 0.000000 832.000000) (-2464.000000 0.000000 800.000000) 
4 5 6 (-2426.480000 704.000000 800.000000) (-2426.480000 736.000000 800.000000) (32.000000 736.000000 800.000000) (32.000000 704.000000 800.000000) 
4 5 14 (-2426.480000 0.000000 800.000000) (-2464.000000 0.000000 800.000000) (-2464.000000 736.000000 800.000000) (-2426.480000 736.000000 800.000000) 
4 6 24 (32.000000 736.000000 0.000000) (32.000000 704.000000 0.000000) (-2426.480000 704.000000 0.000000) (-2426.480000 736.000000 0.000000) 
4 6 14 (-2426.480000 736.000000 800.000000) (-2426.480000 736.000000 -0.000000) (-2426.480000 704.000000 0.000000) (-2426.480000 704.000000 800.000000) 
4 7 25 (32.000000 704.000000 0.000000) (32.000000 384.000000 0.000000) (-2426.480000 384.000000 0.000000) (-2426.480000 704.000000 0.000000) 
4 7 9 (-2426.480000 384.000000 0.000000) (-2304.000000 384.000000 0.000000) (-2304.000000 384.000000 512.000000) (-2426.480000 384.000000 512.000000) 
4 7 8 (32.000000 384.000000 512.000000) (32.000000 384.000000 800.000000) (-2426.480000 384.000000 800.000000) (-2426.480000 384.000000 512.000000) 
4 8 16 (32.000000 0.000000 512.000000) (32.000000 0.000000 800.000000) (-2426.480000 0.000000 800.000000) (-2426.480000 0.000000 512.000000) 
4 8 13 (-2426.480000 0.000000 512.000000) (-2426.480000 352.000000 512.000000) (-2336.000000 352.000000 512.000000) (-2336.000000 0.000000 512.000000) 
4 8 12 (-2304.000000 352.000000 512.000000) (-2048.000000 352.000000 512.000000) (-2048.000000 0.000000 512.000000) (-2304.000000 0.000000 512.000000) 
4 8 11 (0.000000 32.000000 512.000000) (0.000000 0.000000 512.000000) (-2048.000000 0.000000 512.000000) (-2048.000000 32.000000 512.000000) 
4 8 10 (-2048.000000 352.000000 512.000000) (0.000000 352.000000 512.000000) (0.000000 32.000000 512.000000) (-2048.000000 32.000000 512.000000) 
4 8 9 (-2426.480000 352.000000 512.000000) (-2426.480000 384.000000 512.000000) (-2304.000000 384.000000 512.000000) (-2304.000000 352.000000 512.000000) 
4 9 25 (-2304.000000 352.000000 0.000000) (-2426.480000 352.000000 0.000000) (-2426.480000 384.000000 0.000000) (-2304.000000 384.000000 0.000000) 
4 9 13 (-2426.480000 352.000000 512.000000) (-2426.480000 352.000000 0.000000) (-2336.000000 352.000000 0.000000) (-2336.000000 352.000000 512.000000) 
4 10 12 (-2048.000000 32.000000 160.000000) (-2048.000000 32.000000 512.000000) (-2048.000000 352.000000 512.000000) (-2048.000000 352.000000 160.000000) 
4 10 11 (0.000000 32.000000 256.000000) (0.000000 32.000000 512.000000) (-2048.000000 32.000000 512.000000) (-2048.000000 32.000000 256.000000) 
4 11 17 (0.000000 0.000000 256.000000) (0.000000 0.000000 512.000000) (-2048.000000 0.000000 512.000000) (-2048.000000 0.000000 256.000000) 
4 11 12 (-2048.000000 0.000000 256.000000) (-2048.000000 0.000000 512.000000) (-2048.000000 32.000000 512.000000) (-2048.000000 32.000000 256.000000) 
4 12 17 (-2048.000000 0.000000 64.000000) (-2048.000000 0.000000 512.000000) (-2304.000000 0.000000 512.000000) (-2304.000000 0.000000 64.000000) 
4 13 25 (-2336.000000 0.000000 0.000000) (-2426.480000 0.000000 0.000000) (-2426.480000 352.000000 0.000000) (-2336.000000 352.000000 0.000000) 
4 13 19 (-2426.480000 0.000000 0.000000) (-2336.000000 0.000000 0.000000) (-2336.000000 0.000000 512.000000) (-2426.480000 0.000000 512.000000) 
4 14 27 (-2426.480000 0.000000 0.000000) (-2464.000000 0.000000 0.000000) (-2464.000000 736.000000 0.000000) (-2426.480000 736.000000 0.000000) 
4 14 22 (-2464.000000 0.000000 0.000000) (-2426.480000 0.000000 0.000000) (-2426.480000 0.000000 800.000000) (-2464.000000 0.000000 800.000000) 
4 15 21 (32.000000 -1984.000000 800.000000) (32.000000 -2016.000000 800.000000) (-2426.480000 -2016.000000 800.000000) (-2426.480000 -1984.000000 800.000000) 
4 15 22 (-2464.000000 -2016.000000 800.000000) (-2464.000000 0.000000 800.000000) (-2426.480000 0.000000 800.000000) (-2426.480000 -2016.000000 800.000000) 
4 16 20 (32.000000 -1824.000000 512.000000) (32.000000 -1824.000000 800.000000) (-2426.480000 -1824.000000 800.000000) (-2426.480000 -1824.000000 512.000000) 
4 16 17 (-2304.000000 0.000000 512.000000) (0.000000 0.000000 512.000000) (0.000000 -1792.000000 512.000000) (-2304.000000 -1792.000000 512.000000) 
4 16 19 (-2426.480000 -1824.000000 512.000000) (-2426.480000 0.000000 512.000000) (-2336.000000 0.000000 512.000000) (-2336.000000 -1824.000000 512.000000) 
4 17 18 (-2304.000000 -1664.000000 288.000000) (-2304.000000 -1664.000000 64.000000) (-2304.000000 -1792.000000 64.000000) (-2304.000000 -1792.000000 288.000000) 
4 18 19 (-2336.000000 -1664.000000 64.000000) (-2336.000000 -1792.000000 64.000000) (-2336.000000 -1792.000000 288.000000) (-2336.000000 -1664.000000 288.000000) 
4 19 25 (-2426.480000 0.000000 0.000000) (-2336.000000 0.000000 0.000000) (-2336.000000 -1824.000000 0.000000) (-2426.480000 -1824.000000 0.000000) 
4 19 20 (-2426.480000 -1824.000000 0.000000) (-2336.000000 -1824.000000 0.000000) (-2336.000000 -1824.000000 512.000000) (-2426.480000 -1824.000000 512.000000) 
4 20 25 (32.000000 -1824.000000 0.000000) (32.000000 -1984.000000 0.000000) (-2426.480000 -1984.000000 0.000000) (-2426.480000 -1824.000000 0.000000) 
4 21 26 (32.000000 -1984.000000 0.000000) (32.000000 -2016.000000 0.000000) (-2426.480000 -2016.000000 0.000000) (-2426.480000 -1984.000000 0.000000) 
4 21 22 (-2426.480000 -1984.000000 0.000000) (-2426.480000 -2016.000000 -0.000000) (-2426.480000 -2016.000000 800.000000) (-2426.480000 -1984.000000 800.000000) 
4 22 27 (-2464.000000 -2016.000000 0.000000) (-2464.000000 0.000000 0.000000) (-2426.480000 0.000000 0.000000) (-2426.480000 -2016.000000 0.000000) 
4 23 24 (762.483000 736.000000 -0.000000) (762.483000 736.000000 -480.000000) (762.483000 704.000000 -480.000000) (762.483000 704.000000 0.000000) 
4 23 26 (762.483000 -1984.000000 -480.000000) (800.000000 -1984.000000 -480.000000) (800.000000 -1984.000000 -0.000000) (762.483000 -1984.000000 0.000000) 
4 23 28 (762.483000 736.000000 -480.000000) (800.000000 736.000000 -480.000000) (800.000000 -1984.000000 -480.000000) (762.483000 -1984.000000 -480.000000) 
4 24 27 (-2426.480000 736.000000 -0.000000) (-2426.480000 736.000000 -480.000000) (-2426.480000 704.000000 -480.000000) (-2426.480000 704.000000 0.000000) 
4 24 28 (-2426.480000 736.000000 -480.000000) (762.483000 736.000000 -480.000000) (762.483000 704.000000 -480.000000) (-2426.480000 704.000000 -480.000000) 
4 26 27 (-2426.480000 -1984.000000 -480.000000) (-2426.480000 -2016.000000 -480.000000) (-2426.480000 -2016.000000 -0.000000) (-2426.480000 -1984.000000 0.000000) 
4 26 28 (800.000000 -1984.000000 -480.000000) (800.000000 -2016.000000 -480.000000) (-2426.480000 -2016.000000 -480.000000) (-2426.480000 -1984.000000 -480.000000) 
4 27 28 (-2464.000000 -2016.000000 -480.000000) (-2464.000000 736.000000 -480.000000) (-2426.480000 736.000000 -480.000000) (-2426.480000 -2016.000000 -480.000000) 
