hlcsg v3.4 VL33 (Feb  2 2014)
Zoner's Half-Life Compilation Tools -- Custom Build
Based on code modifications by Sean 'Zoner' Cavanaugh
Based on Valve's version, modified with permission.
Submit detailed bug reports to (vluzacn@163.com)
-----  BEGIN  hlcsg -----
Command line: "C:/Program Files/J.A.C.K/halflife/hlcsg.exe" E:\SteamLibrary\steamapps\common\Half-Life\zamnhlmp\maps\zamnhlmp_disco 
Arguments: E:\SteamLibrary\steamapps\common\Half-Life\zamnhlmp\maps\zamnhlmp_disco -low -wadautodetect 
Entering E:\SteamLibrary\steamapps\common\Half-Life\zamnhlmp\maps\zamnhlmp_disco.map

Current hlcsg Settings
Name                 |  Setting  |  Default
---------------------|-----------|-------------------------
threads               [       8 ] [  Varies ]
verbose               [     off ] [     off ]
log                   [      on ] [      on ]
reset logfile         [      on ] [      on ]
developer             [       0 ] [       0 ]
chart                 [     off ] [     off ]
estimate              [     off ] [     off ]
max texture memory    [ 33554432 ] [ 33554432 ]
max lighting memory   [ 50331648 ] [ 50331648 ]
priority              [     Low ] [  Normal ]

noclip                [     off ] [     off ]
null texture stripping[      on ] [      on ]
clipnode economy mode [     off ] [     off ]
clip hull type        [  simple ] [  simple ]
onlyents              [     off ] [     off ]
wadtextures           [      on ] [      on ]
skyclip               [      on ] [      on ]
hullfile              [    None ] [    None ]
wad configuration file[    None ] [    None ]
wad.cfg group name    [    None ] [    None ]
nullfile              [    None ] [    None ]
nullify trigger       [      on ] [      on ]
min surface area      [   0.000 ] [   0.000 ]
brush union threshold [   0.000 ] [   0.000 ]
map scaling           [    None ] [    None ]
light name optimize   [      on ] [      on ]
UTF8 game_text        [      on ] [      on ]

Using mapfile wad configuration
Wadfiles not in use by the map will be excluded
Wadinclude list :
[zhlt.wad]

CreateBrush:
 (0.00 seconds)
CSGBrush:
 (0.02 seconds)

added 1 additional animating textures.
Using Wadfile: \SteamLibrary\steamapps\common\Half-Life\valve\halflife.wad
 - Contains 6 used textures, 66.67 percent of map (3116 textures in wad)
Using Wadfile: \SteamLibrary\steamapps\common\Half-Life\ag\cs_bdog.wad
 - Contains 1 used texture, 11.11 percent of map (132 textures in wad)
Using Wadfile: \SteamLibrary\steamapps\common\Half-Life\ag\fof_chillbhop_btm.wad
 - Contains 1 used texture, 11.11 percent of map (35 textures in wad)
Using Wadfile: \SteamLibrary\steamapps\common\Half-Life\zamnhlmp\zamnhlmp.wad
 - Contains 1 used texture, 11.11 percent of map (1 textures in wad)

Wad files required to run the map: "halflife.wad;cs_bdog.wad;fof_chillbhop_btm.wad;zamnhlmp.wad;"
Texture usage is at 0.25 mb (of 32.00 mb MAX)
0.12 seconds elapsed

-----   END   hlcsg -----



hlbsp v3.4 VL33 (Feb  2 2014)
Zoner's Half-Life Compilation Tools -- Custom Build
Based on code modifications by Sean 'Zoner' Cavanaugh
Based on Valve's version, modified with permission.
Submit detailed bug reports to (vluzacn@163.com)
-----  BEGIN  hlbsp -----
Command line: "C:/Program Files/J.A.C.K/halflife/hlbsp.exe" E:\SteamLibrary\steamapps\common\Half-Life\zamnhlmp\maps\zamnhlmp_disco 
Arguments: E:\SteamLibrary\steamapps\common\Half-Life\zamnhlmp\maps\zamnhlmp_disco -low -chart 

Current hlbsp Settings
Name               |  Setting  |  Default
-------------------|-----------|-------------------------
threads             [       8 ] [  Varies ]
verbose             [     off ] [     off ]
log                 [      on ] [      on ]
developer           [       0 ] [       0 ]
chart               [      on ] [     off ]
estimate            [     off ] [     off ]
max texture memory  [ 33554432 ] [ 33554432 ]
priority            [     Low ] [  Normal ]

noclip              [     off ] [     off ]
nofill              [     off ] [     off ]
noinsidefill        [     off ] [     off ]
noopt               [     off ] [     off ]
no clipnode merging [     off ] [     off ]
null tex. stripping [      on ] [      on ]
notjunc             [     off ] [     off ]
nobrink             [     off ] [     off ]
subdivide size      [     240 ] [     240 ] (Min 64) (Max 512)
max node size       [    1024 ] [    1024 ] (Min 64) (Max 65536)
remove hull 2       [     off ] [     off ]


SolidBSP [hull 0] 56 (0.01 seconds)
BSP generation successful, writing portal file 'E:\SteamLibrary\steamapps\common\Half-Life\zamnhlmp\maps\zamnhlmp_disco.prt'
SolidBSP [hull 1] 59 (0.01 seconds)
SolidBSP [hull 2] 59 (0.01 seconds)
SolidBSP [hull 3] 59 (0.01 seconds)
Reduced 219 clipnodes to 214
Reduced 34 texinfos to 31
Reduced 9 texdatas to 9 (400 bytes to 400)
Reduced 304 planes to 129
FixBrinks:
Increased 214 clipnodes to 214.

Object names  Objects/Maxobjs  Memory / Maxmem  Fullness
------------  ---------------  ---------------  --------
models              6/512          384/32768    ( 1.2%)
planes            129/32768       2580/655360   ( 0.4%)
vertexes          987/65535      11844/786420   ( 1.5%)
nodes              85/32767       2040/786408   ( 0.3%)
texinfos           31/32767       1240/1310680  ( 0.1%)
faces             898/65535      17960/1310700  ( 1.4%)
* worldfaces      618/32768          0/0        ( 1.9%)
clipnodes         214/32767       1712/262136   ( 0.7%)
leaves             60/32760       1680/917280   ( 0.2%)
* worldleaves      29/8192           0/0        ( 0.4%)
marksurfaces      928/65535       1856/131070   ( 1.4%)
surfedges        3784/512000     15136/2048000  ( 0.7%)
edges            1893/256000      7572/1024000  ( 0.7%)
texdata          [variable]        400/33554432 ( 0.0%)
lightdata        [variable]          0/50331648 ( 0.0%)
visdata          [variable]          0/8388608  ( 0.0%)
entdata          [variable]       2875/2097152  ( 0.1%)
* AllocBlock        9/64             0/0        (14.1%)
9 textures referenced
=== Total BSP file data space used: 67279 bytes ===
Wad files required to run the map: "halflife.wad;cs_bdog.wad;fof_chillbhop_btm.wad;zamnhlmp.wad;"
0.14 seconds elapsed

-----   END   hlbsp -----



hlvis v3.4 VL33 (Feb  2 2014)
Zoner's Half-Life Compilation Tools -- Custom Build
Based on code modifications by Sean 'Zoner' Cavanaugh
Based on Valve's version, modified with permission.
Submit detailed bug reports to (vluzacn@163.com)
-----  BEGIN  hlvis -----
Command line: "C:/Program Files/J.A.C.K/halflife/hlvis.exe" E:\SteamLibrary\steamapps\common\Half-Life\zamnhlmp\maps\zamnhlmp_disco 
Arguments: E:\SteamLibrary\steamapps\common\Half-Life\zamnhlmp\maps\zamnhlmp_disco -low 
  29 portalleafs
  64 numportals

-= Current hlvis Settings =-
Name               |  Setting  |  Default
-------------------|-----------|-------------------------
threads             [       8 ] [  Varies ]
verbose             [     off ] [     off ]
log                 [      on ] [      on ]
developer           [       0 ] [       0 ]
chart               [     off ] [     off ]
estimate            [     off ] [     off ]
max texture memory  [ 33554432 ] [ 33554432 ]
max vis distance    [       0 ] [       0 ]
priority            [     Low ] [  Normal ]

fast vis            [     off ] [     off ]
full vis            [     off ] [     off ]


BasePortalVis:
 (0.01 seconds)
LeafThread:
 (0.01 seconds)
average leafs visible: 13
g_visdatasize:117  compressed from 116
0.03 seconds elapsed

-----   END   hlvis -----



hlrad v3.4 VL33 64-bit (Feb  2 2014)
Zoner's Half-Life Compilation Tools -- Custom Build
Based on code modifications by Sean 'Zoner' Cavanaugh
Based on Valve's version, modified with permission.
Submit detailed bug reports to (vluzacn@163.com)
-----  BEGIN  hlrad -----
Command line: "C:/Program Files/J.A.C.K/halflife/hlrad_x64.exe" E:\SteamLibrary\steamapps\common\Half-Life\zamnhlmp\maps\zamnhlmp_disco 
Arguments: E:\SteamLibrary\steamapps\common\Half-Life\zamnhlmp\maps\zamnhlmp_disco -low 
Loading extent file 'E:\SteamLibrary\steamapps\common\Half-Life\zamnhlmp\maps\zamnhlmp_disco.ext'

-= Current hlrad Settings =-
Name                | Setting             | Default
--------------------|---------------------|-------------------------
threads              [                 8 ] [            Varies ]
verbose              [               off ] [               off ]
log                  [                on ] [                on ]
developer            [                 0 ] [                 0 ]
chart                [               off ] [               off ]
estimate             [               off ] [               off ]
max texture memory   [          33554432 ] [          33554432 ]
max lighting memory  [          50331648 ] [          50331648 ]
priority             [               Low ] [            Normal ]

fast rad             [               off ] [               off ]
vismatrix algorithm  [            Sparse ] [            Sparse ]
oversampling (-extra)[               off ] [               off ]
bounces              [                 8 ] [                 8 ]
ambient light        [ 0.000 0.000 0.000 ] [ 0.000 0.000 0.000 ]
light limit threshold[           188.000 ] [           188.000 ]
circus mode          [               off ] [               off ]

smoothing threshold  [            50.000 ] [            50.000 ]
smoothing threshold 2[         no change ] [         no change ]
direct threshold     [            10.000 ] [            10.000 ]
direct light scale   [             1.000 ] [             1.000 ]
coring threshold     [             0.010 ] [             0.010 ]
patch interpolation  [                on ] [                on ]

texscale             [                on ] [                on ]
patch subdividing    [                on ] [                on ]
chop value           [            64.000 ] [            64.000 ]
texchop value        [            32.000 ] [            32.000 ]

global fade          [             1.000 ] [             1.000 ]
global light scale   [ 2.000 2.000 2.000 ] [ 2.000 2.000 2.000 ]
global gamma         [ 0.550 0.550 0.550 ] [ 0.550 0.550 0.550 ]
global light scale   [             2.000 ] [             2.000 ]
global sky diffusion [             1.000 ] [             1.000 ]

spread angles        [                on ] [                on ]
opaque entities      [                on ] [                on ]
sky lighting fix     [                on ] [                on ]
incremental          [               off ] [               off ]
dump                 [               off ] [               off ]

colour jitter        [       0.0 0.0 0.0 ] [       0.0 0.0 0.0 ]
monochromatic jitter [       0.0 0.0 0.0 ] [       0.0 0.0 0.0 ]

custom shadows with bounce light
                     [               off ] [               off ]
rgb transfers        [               off ] [               off ]
minimum final light  [                 0 ] [                 0 ]
size of transfer     [         1 (16bit) ] [         1 (16bit) ]
size of rgbtransfer  [         2 (32bit) ] [         2 (32bit) ]
soft sky             [                on ] [                on ]
translucent depth    [             2.000 ] [             2.000 ]
block opaque         [                on ] [                on ]
ignore textures      [               off ] [               off ]
reflectivity gamma   [             1.760 ] [             1.760 ]
reflectivity scale   [             0.700 ] [             0.700 ]
blur size            [             1.500 ] [             1.500 ]
no emitter range     [               off ] [               off ]
wall bleeding fix    [                on ] [                on ]


Load Textures:
Using Wadfile: E:\SteamLibrary\steamapps\common\Half-Life\zamnhlmp\maps\zamnhlmp_disco.wa_
9 textures referenced
Reading texlights from 'C:\Program Files\J.A.C.K\halflife\lights.rad'
0 opaque models
0 opaque faces
898 faces
Create Patches : 9623 base patches
206074 square feet [29674716.00 square inches]
1 direct lights and 16386 fast direct lights
1 light styles

FindFacePositions:
 (0.42 seconds)
BuildFacelights:
 (3.24 seconds)
BuildVisLeafs:
 (1.92 seconds)
visibility matrix   :   5.8 megs
MakeScales:
 (1.13 seconds)
Transfer Lists :    12211668 :    12.21M transfers
       Indices :      754148 :   736.47k bytes
          Data :    24436965 :    23.30M bytes
Bounce 1 GatherLight:
 (0.06 seconds)
Bounce 2 GatherLight:
 (0.07 seconds)
Bounce 3 GatherLight:
 (0.06 seconds)
Bounce 4 GatherLight:
 (0.06 seconds)
Bounce 5 GatherLight:
 (0.07 seconds)
Bounce 6 GatherLight:
 (0.06 seconds)
Bounce 7 GatherLight:
 (0.07 seconds)
Bounce 8 GatherLight:
 (0.07 seconds)
CreateTriangulations:
 (0.09 seconds)
AddPatchLights:
 (1.46 seconds)
FinalLightFace:
 (0.01 seconds)
9.05 seconds elapsed

-----   END   hlrad -----



