hlcsg v3.4 VL33 (Feb  2 2014)
Zoner's Half-Life Compilation Tools -- Custom Build
Based on code modifications by Sean 'Zoner' Cavanaugh
Based on Valve's version, modified with permission.
Submit detailed bug reports to (vluzacn@163.com)
-----  BEGIN  hlcsg -----
Command line: "C:/Program Files/J.A.C.K/halflife/hlcsg.exe" E:\SteamLibrary\steamapps\common\Half-Life\zamnhlmp\maps\ag_naturist 
Arguments: E:\SteamLibrary\steamapps\common\Half-Life\zamnhlmp\maps\ag_naturist -low -wadautodetect 
Entering E:\SteamLibrary\steamapps\common\Half-Life\zamnhlmp\maps\ag_naturist.map

Current hlcsg Settings
Name                 |  Setting  |  Default
---------------------|-----------|-------------------------
threads               [       8 ] [  Varies ]
verbose               [     off ] [     off ]
log                   [      on ] [      on ]
reset logfile         [      on ] [      on ]
developer             [       0 ] [       0 ]
chart                 [     off ] [     off ]
estimate              [     off ] [     off ]
max texture memory    [ 33554432 ] [ 33554432 ]
max lighting memory   [ 50331648 ] [ 50331648 ]
priority              [     Low ] [  Normal ]

noclip                [     off ] [     off ]
null texture stripping[      on ] [      on ]
clipnode economy mode [     off ] [     off ]
clip hull type        [  simple ] [  simple ]
onlyents              [     off ] [     off ]
wadtextures           [      on ] [      on ]
skyclip               [      on ] [      on ]
hullfile              [    None ] [    None ]
wad configuration file[    None ] [    None ]
wad.cfg group name    [    None ] [    None ]
nullfile              [    None ] [    None ]
nullify trigger       [      on ] [      on ]
min surface area      [   0.000 ] [   0.000 ]
brush union threshold [   0.000 ] [   0.000 ]
map scaling           [    None ] [    None ]
light name optimize   [      on ] [      on ]
UTF8 game_text        [      on ] [      on ]

Using mapfile wad configuration
Wadfiles not in use by the map will be excluded
Wadinclude list :
[zhlt.wad]

CreateBrush:
 (0.03 seconds)
CSGBrush:
 (0.08 seconds)

Using Wadfile: \SteamLibrary\steamapps\common\Half-Life\zamnhl\zamn.wad
 - Contains 1 used texture, 12.50 percent of map (26 textures in wad)
Using Wadfile: \SteamLibrary\steamapps\common\Half-Life\valve\halflife.wad
 - Contains 7 used textures, 87.50 percent of map (3116 textures in wad)

Wad files required to run the map: "zamn.wad;halflife.wad;"
Texture usage is at 0.19 mb (of 32.00 mb MAX)
0.39 seconds elapsed

-----   END   hlcsg -----



hlbsp v3.4 VL33 (Feb  2 2014)
Zoner's Half-Life Compilation Tools -- Custom Build
Based on code modifications by Sean 'Zoner' Cavanaugh
Based on Valve's version, modified with permission.
Submit detailed bug reports to (vluzacn@163.com)
-----  BEGIN  hlbsp -----
Command line: "C:/Program Files/J.A.C.K/halflife/hlbsp.exe" E:\SteamLibrary\steamapps\common\Half-Life\zamnhlmp\maps\ag_naturist 
Arguments: E:\SteamLibrary\steamapps\common\Half-Life\zamnhlmp\maps\ag_naturist -low -chart 

Current hlbsp Settings
Name               |  Setting  |  Default
-------------------|-----------|-------------------------
threads             [       8 ] [  Varies ]
verbose             [     off ] [     off ]
log                 [      on ] [      on ]
developer           [       0 ] [       0 ]
chart               [      on ] [     off ]
estimate            [     off ] [     off ]
max texture memory  [ 33554432 ] [ 33554432 ]
priority            [     Low ] [  Normal ]

noclip              [     off ] [     off ]
nofill              [     off ] [     off ]
noinsidefill        [     off ] [     off ]
noopt               [     off ] [     off ]
no clipnode merging [     off ] [     off ]
null tex. stripping [      on ] [      on ]
notjunc             [     off ] [     off ]
nobrink             [     off ] [     off ]
subdivide size      [     240 ] [     240 ] (Min 64) (Max 512)
max node size       [    1024 ] [    1024 ] (Min 64) (Max 65536)
remove hull 2       [     off ] [     off ]


SolidBSP [hull 0] 336 (0.08 seconds)
BSP generation successful, writing portal file 'E:\SteamLibrary\steamapps\common\Half-Life\zamnhlmp\maps\ag_naturist.prt'
SolidBSP [hull 1] 258 (0.03 seconds)
SolidBSP [hull 2] 260 (0.03 seconds)
SolidBSP [hull 3] 253 (0.03 seconds)
Reduced 627 clipnodes to 526
Reduced 74 texinfos to 65
Reduced 8 texdatas to 8 (356 bytes to 356)
Reduced 706 planes to 270
FixBrinks:
Increased 526 clipnodes to 532.

Object names  Objects/Maxobjs  Memory / Maxmem  Fullness
------------  ---------------  ---------------  --------
models              1/512           64/32768    ( 0.2%)
planes            270/32768       5400/655360   ( 0.8%)
vertexes         5241/65535      62892/786420   ( 8.0%)
nodes             335/32767       8040/786408   ( 1.0%)
texinfos           65/32767       2600/1310680  ( 0.2%)
faces            4391/65535      87820/1310700  ( 6.7%)
* worldfaces     4391/32768          0/0        (13.4%)
clipnodes         532/32767       4256/262136   ( 1.6%)
leaves            189/32760       5292/917280   ( 0.6%)
* worldleaves     188/8192           0/0        ( 2.3%)
marksurfaces     4585/65535       9170/131070   ( 7.0%)
surfedges       19654/512000     78616/2048000  ( 3.8%)
edges            9956/256000     39824/1024000  ( 3.9%)
texdata          [variable]        356/33554432 ( 0.0%)
lightdata        [variable]          0/50331648 ( 0.0%)
visdata          [variable]          0/8388608  ( 0.0%)
entdata          [variable]       1899/2097152  ( 0.1%)
* AllocBlock       50/64             0/0        (78.1%)
8 textures referenced
=== Total BSP file data space used: 306229 bytes ===
Wad files required to run the map: "zamn.wad;halflife.wad;"
0.57 seconds elapsed

-----   END   hlbsp -----



hlvis v3.4 VL33 (Feb  2 2014)
Zoner's Half-Life Compilation Tools -- Custom Build
Based on code modifications by Sean 'Zoner' Cavanaugh
Based on Valve's version, modified with permission.
Submit detailed bug reports to (vluzacn@163.com)
-----  BEGIN  hlvis -----
Command line: "C:/Program Files/J.A.C.K/halflife/hlvis.exe" E:\SteamLibrary\steamapps\common\Half-Life\zamnhlmp\maps\ag_naturist 
Arguments: E:\SteamLibrary\steamapps\common\Half-Life\zamnhlmp\maps\ag_naturist -low 
 188 portalleafs
 526 numportals

-= Current hlvis Settings =-
Name               |  Setting  |  Default
-------------------|-----------|-------------------------
threads             [       8 ] [  Varies ]
verbose             [     off ] [     off ]
log                 [      on ] [      on ]
developer           [       0 ] [       0 ]
chart               [     off ] [     off ]
estimate            [     off ] [     off ]
max texture memory  [ 33554432 ] [ 33554432 ]
max vis distance    [       0 ] [       0 ]
priority            [     Low ] [  Normal ]

fast vis            [     off ] [     off ]
full vis            [     off ] [     off ]


BasePortalVis:
 (0.03 seconds)
LeafThread:
 (0.13 seconds)
average leafs visible: 60
g_visdatasize:4312  compressed from 4512
0.19 seconds elapsed

-----   END   hlvis -----



hlrad v3.4 VL33 64-bit (Feb  2 2014)
Zoner's Half-Life Compilation Tools -- Custom Build
Based on code modifications by Sean 'Zoner' Cavanaugh
Based on Valve's version, modified with permission.
Submit detailed bug reports to (vluzacn@163.com)
-----  BEGIN  hlrad -----
Command line: "C:/Program Files/J.A.C.K/halflife/hlrad_x64.exe" E:\SteamLibrary\steamapps\common\Half-Life\zamnhlmp\maps\ag_naturist 
Arguments: E:\SteamLibrary\steamapps\common\Half-Life\zamnhlmp\maps\ag_naturist -low 
Loading extent file 'E:\SteamLibrary\steamapps\common\Half-Life\zamnhlmp\maps\ag_naturist.ext'

-= Current hlrad Settings =-
Name                | Setting             | Default
--------------------|---------------------|-------------------------
threads              [                 8 ] [            Varies ]
verbose              [               off ] [               off ]
log                  [                on ] [                on ]
developer            [                 0 ] [                 0 ]
chart                [               off ] [               off ]
estimate             [               off ] [               off ]
max texture memory   [          33554432 ] [          33554432 ]
max lighting memory  [          50331648 ] [          50331648 ]
priority             [               Low ] [            Normal ]

fast rad             [               off ] [               off ]
vismatrix algorithm  [            Sparse ] [            Sparse ]
oversampling (-extra)[               off ] [               off ]
bounces              [                 8 ] [                 8 ]
ambient light        [ 0.000 0.000 0.000 ] [ 0.000 0.000 0.000 ]
light limit threshold[           188.000 ] [           188.000 ]
circus mode          [               off ] [               off ]

smoothing threshold  [            50.000 ] [            50.000 ]
smoothing threshold 2[         no change ] [         no change ]
direct threshold     [            10.000 ] [            10.000 ]
direct light scale   [             1.000 ] [             1.000 ]
coring threshold     [             0.010 ] [             0.010 ]
patch interpolation  [                on ] [                on ]

texscale             [                on ] [                on ]
patch subdividing    [                on ] [                on ]
chop value           [            64.000 ] [            64.000 ]
texchop value        [            32.000 ] [            32.000 ]

global fade          [             1.000 ] [             1.000 ]
global light scale   [ 2.000 2.000 2.000 ] [ 2.000 2.000 2.000 ]
global gamma         [ 0.550 0.550 0.550 ] [ 0.550 0.550 0.550 ]
global light scale   [             2.000 ] [             2.000 ]
global sky diffusion [             1.000 ] [             1.000 ]

spread angles        [                on ] [                on ]
opaque entities      [                on ] [                on ]
sky lighting fix     [                on ] [                on ]
incremental          [               off ] [               off ]
dump                 [               off ] [               off ]

colour jitter        [       0.0 0.0 0.0 ] [       0.0 0.0 0.0 ]
monochromatic jitter [       0.0 0.0 0.0 ] [       0.0 0.0 0.0 ]

custom shadows with bounce light
                     [               off ] [               off ]
rgb transfers        [               off ] [               off ]
minimum final light  [                 0 ] [                 0 ]
size of transfer     [         1 (16bit) ] [         1 (16bit) ]
size of rgbtransfer  [         2 (32bit) ] [         2 (32bit) ]
soft sky             [                on ] [                on ]
translucent depth    [             2.000 ] [             2.000 ]
block opaque         [                on ] [                on ]
ignore textures      [               off ] [               off ]
reflectivity gamma   [             1.760 ] [             1.760 ]
reflectivity scale   [             0.700 ] [             0.700 ]
blur size            [             1.500 ] [             1.500 ]
no emitter range     [               off ] [               off ]
wall bleeding fix    [                on ] [                on ]


Load Textures:
Using Wadfile: E:\SteamLibrary\steamapps\common\Half-Life\zamnhlmp\maps\ag_naturist.wa_
8 textures referenced
Reading texlights from 'C:\Program Files\J.A.C.K\halflife\lights.rad'
0 opaque models
0 opaque faces
4391 faces
Create Patches : 51670 base patches
1124802 square feet [161971600.00 square inches]
5 direct lights and 16386 fast direct lights
1 light styles

FindFacePositions:
 (4.44 seconds)
BuildFacelights:
 (26.36 seconds)
BuildVisLeafs:
 (33.32 seconds)
visibility matrix   : 144.6 megs
MakeScales:
 (178.34 seconds)
Transfer Lists :   348733758 :   348.73M transfers
       Indices :    41275044 :    39.36M bytes
          Data :   697603875 :   665.29M bytes
Bounce 1 GatherLight:
 (4.44 seconds)
Bounce 2 GatherLight:
 (5.56 seconds)
Bounce 3 GatherLight:
 (4.46 seconds)
Bounce 4 GatherLight:
 (4.80 seconds)
Bounce 5 GatherLight:
 (4.71 seconds)
Bounce 6 GatherLight:
 (4.86 seconds)
Bounce 7 GatherLight:
 (4.88 seconds)
Bounce 8 GatherLight:
 (5.25 seconds)
CreateTriangulations:
 (0.83 seconds)
AddPatchLights:
 (9.85 seconds)
FinalLightFace:
 (0.03 seconds)
293.45 seconds elapsed [4m 53s]

-----   END   hlrad -----



