hlcsg v3.4 VL33 (Feb  2 2014)
Zoner's Half-Life Compilation Tools -- Custom Build
Based on code modifications by Sean 'Zoner' Cavanaugh
Based on Valve's version, modified with permission.
Submit detailed bug reports to (vluzacn@163.com)
-----  BEGIN  hlcsg -----
Command line: "C:/Program Files/J.A.C.K./halflife/hlcsg.exe" "D:\Program Files (x86)\Steam\steamapps\common\Half-Life\zamnhlmp\maps\zamnhlmp_crossfire" 
Arguments: "D:\Program Files (x86)\Steam\steamapps\common\Half-Life\zamnhlmp\maps\zamnhlmp_crossfire" -low -wadautodetect 
Entering D:\Program Files (x86)\Steam\steamapps\common\Half-Life\zamnhlmp\maps\zamnhlmp_crossfire.map

Current hlcsg Settings
Name                 |  Setting  |  Default
---------------------|-----------|-------------------------
threads               [       8 ] [  Varies ]
verbose               [     off ] [     off ]
log                   [      on ] [      on ]
reset logfile         [      on ] [      on ]
developer             [       0 ] [       0 ]
chart                 [     off ] [     off ]
estimate              [     off ] [     off ]
max texture memory    [ 33554432 ] [ 33554432 ]
max lighting memory   [ 50331648 ] [ 50331648 ]
priority              [     Low ] [  Normal ]

noclip                [     off ] [     off ]
null texture stripping[      on ] [      on ]
clipnode economy mode [     off ] [     off ]
clip hull type        [  simple ] [  simple ]
onlyents              [     off ] [     off ]
wadtextures           [      on ] [      on ]
skyclip               [      on ] [      on ]
hullfile              [    None ] [    None ]
wad configuration file[    None ] [    None ]
wad.cfg group name    [    None ] [    None ]
nullfile              [    None ] [    None ]
nullify trigger       [      on ] [      on ]
min surface area      [   0.000 ] [   0.000 ]
brush union threshold [   0.000 ] [   0.000 ]
map scaling           [    None ] [    None ]
light name optimize   [      on ] [      on ]
UTF8 game_text        [      on ] [      on ]

Using mapfile wad configuration
Wadfiles not in use by the map will be excluded
Wadinclude list :
[zhlt.wad]

CreateBrush:
 (0.12 seconds)
CSGBrush:
 (0.53 seconds)

added 23 additional animating textures.
Using Wadfile: \Program Files (x86)\Steam\steamapps\common\Half-Life\zamnhlmp\cs_747.wad
 - Contains 1 used texture, 0.79 percent of map (143 textures in wad)
Using Wadfile: \Program Files (x86)\Steam\steamapps\common\Half-Life\zamnhlmp\fof_32.wad
 - Contains 2 used textures, 1.59 percent of map (69 textures in wad)
Using Wadfile: \Program Files (x86)\Steam\steamapps\common\Half-Life\zamnhlmp\fof_chillbhop_btm.wad
 - Contains 2 used textures, 1.59 percent of map (35 textures in wad)
Using Wadfile: \Program Files (x86)\Steam\steamapps\common\Half-Life\zamnhlmp\halflife.wad
 - Contains 121 used textures, 96.03 percent of map (3116 textures in wad)

Wad files required to run the map: "cs_747.wad;fof_32.wad;fof_chillbhop_btm.wad;halflife.wad;"
Texture usage is at 1.43 mb (of 32.00 mb MAX)
4 redundant named lights optimized.
0.94 seconds elapsed

-----   END   hlcsg -----



hlbsp v3.4 VL33 (Feb  2 2014)
Zoner's Half-Life Compilation Tools -- Custom Build
Based on code modifications by Sean 'Zoner' Cavanaugh
Based on Valve's version, modified with permission.
Submit detailed bug reports to (vluzacn@163.com)
-----  BEGIN  hlbsp -----
Command line: "C:/Program Files/J.A.C.K./halflife/hlbsp.exe" "D:\Program Files (x86)\Steam\steamapps\common\Half-Life\zamnhlmp\maps\zamnhlmp_crossfire" 
Arguments: "D:\Program Files (x86)\Steam\steamapps\common\Half-Life\zamnhlmp\maps\zamnhlmp_crossfire" -low -chart 

Current hlbsp Settings
Name               |  Setting  |  Default
-------------------|-----------|-------------------------
threads             [       8 ] [  Varies ]
verbose             [     off ] [     off ]
log                 [      on ] [      on ]
developer           [       0 ] [       0 ]
chart               [      on ] [     off ]
estimate            [     off ] [     off ]
max texture memory  [ 33554432 ] [ 33554432 ]
priority            [     Low ] [  Normal ]

noclip              [     off ] [     off ]
nofill              [     off ] [     off ]
noinsidefill        [     off ] [     off ]
noopt               [     off ] [     off ]
no clipnode merging [     off ] [     off ]
null tex. stripping [      on ] [      on ]
notjunc             [     off ] [     off ]
nobrink             [     off ] [     off ]
subdivide size      [     240 ] [     240 ] (Min 64) (Max 512)
max node size       [    1024 ] [    1024 ] (Min 64) (Max 65536)
remove hull 2       [     off ] [     off ]


SolidBSP [hull 0] 500...1000...1500...2000...2371 (0.39 seconds)
BSP generation successful, writing portal file 'D:\Program Files (x86)\Steam\steamapps\common\Half-Life\zamnhlmp\maps\zamnhlmp_crossfire.prt'
SolidBSP [hull 1] 500...1000...1500...2000...2158 (0.34 seconds)
SolidBSP [hull 2] 500...1000...1500...2000...2028 (0.32 seconds)
SolidBSP [hull 3] 500...1000...1500...2000...2259 (0.37 seconds)
Reduced 9452 clipnodes to 8520
Reduced 1278 texinfos to 1033
Reduced 126 texdatas to 122 (5548 bytes to 5372)
Reduced 7798 planes to 2442
FixBrinks:
Increased 8520 clipnodes to 8710.

Object names  Objects/Maxobjs  Memory / Maxmem  Fullness
------------  ---------------  ---------------  --------
models             87/512         5568/32768    (17.0%)
planes           2442/32768      48840/655360   ( 7.5%)
vertexes         7958/65535      95496/786420   (12.1%)
nodes            3338/32767      80112/786408   (10.2%)
texinfos         1033/32767      41320/1310680  ( 3.2%)
faces            6099/65535     121980/1310700  ( 9.3%)
* worldfaces     4938/32768          0/0        (15.1%)
clipnodes        8710/32767      69680/262136   (26.6%)
leaves           2232/32760      62496/917280   ( 6.8%)
* worldleaves    1423/8192           0/0        (17.4%)
marksurfaces     8202/65535      16404/131070   (12.5%)
surfedges       29264/512000    117056/2048000  ( 5.7%)
edges           14655/256000     58620/1024000  ( 5.7%)
texdata          [variable]       5372/33554432 ( 0.0%)
lightdata        [variable]          0/50331648 ( 0.0%)
visdata          [variable]          0/8388608  ( 0.0%)
entdata          [variable]      49022/2097152  ( 2.3%)
* AllocBlock       16/64             0/0        (25.0%)
122 textures referenced
=== Total BSP file data space used: 771966 bytes ===
Wad files required to run the map: "cs_747.wad;fof_32.wad;fof_chillbhop_btm.wad;halflife.wad;"
3.35 seconds elapsed

-----   END   hlbsp -----



hlvis v3.4 VL33 (Feb  2 2014)
Zoner's Half-Life Compilation Tools -- Custom Build
Based on code modifications by Sean 'Zoner' Cavanaugh
Based on Valve's version, modified with permission.
Submit detailed bug reports to (vluzacn@163.com)
-----  BEGIN  hlvis -----
Command line: "C:/Program Files/J.A.C.K./halflife/hlvis.exe" -fast "D:\Program Files (x86)\Steam\steamapps\common\Half-Life\zamnhlmp\maps\zamnhlmp_crossfire" 
Arguments: -fast "D:\Program Files (x86)\Steam\steamapps\common\Half-Life\zamnhlmp\maps\zamnhlmp_crossfire" -low 
1423 portalleafs
4372 numportals

-= Current hlvis Settings =-
Name               |  Setting  |  Default
-------------------|-----------|-------------------------
threads             [       8 ] [  Varies ]
verbose             [     off ] [     off ]
log                 [      on ] [      on ]
developer           [       0 ] [       0 ]
chart               [     off ] [     off ]
estimate            [     off ] [     off ]
max texture memory  [ 33554432 ] [ 33554432 ]
max vis distance    [       0 ] [       0 ]
priority            [     Low ] [  Normal ]

fast vis            [      on ] [     off ]
full vis            [     off ] [     off ]


BasePortalVis:
 (0.34 seconds)
average leafs visible: 630
g_visdatasize:200563  compressed from 253294
0.43 seconds elapsed

-----   END   hlvis -----



hlrad v3.4 VL33 (Feb  2 2014)
Zoner's Half-Life Compilation Tools -- Custom Build
Based on code modifications by Sean 'Zoner' Cavanaugh
Based on Valve's version, modified with permission.
Submit detailed bug reports to (vluzacn@163.com)
-----  BEGIN  hlrad -----
Command line: "C:/Program Files/J.A.C.K./halflife/hlrad.exe" -extra "D:\Program Files (x86)\Steam\steamapps\common\Half-Life\zamnhlmp\maps\zamnhlmp_crossfire" 
Arguments: -extra "D:\Program Files (x86)\Steam\steamapps\common\Half-Life\zamnhlmp\maps\zamnhlmp_crossfire" -low 

-= Current hlrad Settings =-
Name                | Setting             | Default
--------------------|---------------------|-------------------------
threads              [                 8 ] [            Varies ]
verbose              [               off ] [               off ]
log                  [                on ] [                on ]
developer            [                 0 ] [                 0 ]
chart                [               off ] [               off ]
estimate             [               off ] [               off ]
max texture memory   [          33554432 ] [          33554432 ]
max lighting memory  [          50331648 ] [          50331648 ]
priority             [               Low ] [            Normal ]

fast rad             [               off ] [               off ]
vismatrix algorithm  [            Sparse ] [            Sparse ]
oversampling (-extra)[                on ] [               off ]
bounces              [                 8 ] [                 8 ]
ambient light        [ 0.000 0.000 0.000 ] [ 0.000 0.000 0.000 ]
light limit threshold[           188.000 ] [           188.000 ]
circus mode          [               off ] [               off ]

smoothing threshold  [            50.000 ] [            50.000 ]
smoothing threshold 2[         no change ] [         no change ]
direct threshold     [            10.000 ] [            10.000 ]
direct light scale   [             1.000 ] [             1.000 ]
coring threshold     [             0.010 ] [             0.010 ]
patch interpolation  [                on ] [                on ]

texscale             [                on ] [                on ]
patch subdividing    [                on ] [                on ]
chop value           [            64.000 ] [            64.000 ]
texchop value        [            32.000 ] [            32.000 ]

global fade          [             1.000 ] [             1.000 ]
global light scale   [ 2.000 2.000 2.000 ] [ 2.000 2.000 2.000 ]
global gamma         [ 0.550 0.550 0.550 ] [ 0.550 0.550 0.550 ]
global light scale   [             2.000 ] [             2.000 ]
global sky diffusion [             1.000 ] [             1.000 ]

spread angles        [                on ] [                on ]
opaque entities      [                on ] [                on ]
sky lighting fix     [                on ] [                on ]
incremental          [               off ] [               off ]
dump                 [               off ] [               off ]

colour jitter        [       0.0 0.0 0.0 ] [       0.0 0.0 0.0 ]
monochromatic jitter [       0.0 0.0 0.0 ] [       0.0 0.0 0.0 ]

custom shadows with bounce light
                     [               off ] [               off ]
rgb transfers        [               off ] [               off ]
minimum final light  [                 0 ] [                 0 ]
size of transfer     [         1 (16bit) ] [         1 (16bit) ]
size of rgbtransfer  [         2 (32bit) ] [         2 (32bit) ]
soft sky             [                on ] [                on ]
translucent depth    [             2.000 ] [             2.000 ]
block opaque         [                on ] [                on ]
ignore textures      [               off ] [               off ]
reflectivity gamma   [             1.760 ] [             1.760 ]
reflectivity scale   [             0.700 ] [             0.700 ]
blur size            [             1.500 ] [             1.500 ]
no emitter range     [               off ] [               off ]
wall bleeding fix    [                on ] [                on ]


Load Textures:
Using Wadfile: D:\Program Files (x86)\Steam\steamapps\common\Half-Life\zamnhlmp\maps\zamnhlmp_crossfire.wa_
122 textures referenced
Reading texlights from 'C:\Program Files\J.A.C.K\halflife\lights.rad'
0 opaque models
0 opaque faces
6099 faces
Create Patches : 18017 base patches
361339 square feet [52032868.00 square inches]
73 direct lights and 16386 fast direct lights
5 light styles

FindFacePositions:
 (1.13 seconds)
BuildFacelights:
 (26.92 seconds)
BuildVisLeafs:
 (4.30 seconds)
visibility matrix   :   3.1 megs
MakeScales:
 (3.61 seconds)
Transfer Lists :     5528416 :     5.53M transfers
       Indices :     5042928 :     4.81M bytes
          Data :    11109131 :    10.59M bytes
Bounce 1 GatherLight:
 (0.08 seconds)
Bounce 2 GatherLight:
 (0.08 seconds)
Bounce 3 GatherLight:
 (0.09 seconds)
Bounce 4 GatherLight:
 (0.08 seconds)
Bounce 5 GatherLight:
 (0.09 seconds)
Bounce 6 GatherLight:
 (0.08 seconds)
Bounce 7 GatherLight:
 (0.08 seconds)
Bounce 8 GatherLight:
 (0.08 seconds)
CreateTriangulations:
 (0.13 seconds)
AddPatchLights:
 (3.43 seconds)
FinalLightFace:
 (0.02 seconds)
40.77 seconds elapsed

-----   END   hlrad -----



