188
526
1
1
1
1
1
1
1
1
1
1
1
1
1
1
1
1
1
1
1
1
1
1
1
1
1
1
1
1
1
1
1
1
1
1
1
1
1
1
1
1
1
1
1
1
1
1
1
1
1
1
1
1
1
1
1
1
1
1
1
1
1
1
1
1
1
1
1
1
1
1
1
1
1
1
1
1
1
1
1
1
1
1
1
1
1
1
1
1
1
1
1
1
1
1
1
1
1
1
1
1
1
1
1
1
1
1
1
1
1
1
1
1
1
1
1
1
1
1
1
1
1
1
1
1
1
1
1
1
1
1
1
1
1
1
1
1
1
1
1
1
1
1
1
1
1
1
1
1
1
1
1
1
1
1
1
1
1
1
1
1
1
1
1
1
1
1
1
1
1
1
1
1
1
1
1
1
1
1
1
1
1
1
1
1
1
1
1
1
4 0 147 (1504.000000 2784.000000 -32.000000) (1504.000000 2816.000000 -32.000000) (1536.000000 2816.000000 -32.000000) (1536.000000 2784.000000 -32.000000) 
4 0 139 (1536.000000 2816.000000 -32.000000) (2176.000000 2816.000000 -32.000000) (2176.000000 2784.000000 -32.000000) (1536.000000 2784.000000 -32.000000) 
4 0 127 (2176.000000 2816.000000 -32.000000) (2880.000000 2816.000000 -32.000000) (2880.000000 2784.000000 -32.000000) (2176.000000 2784.000000 -32.000000) 
4 0 27 (1504.000000 2816.000000 -32.000000) (1504.000000 2784.000000 -32.000000) (1504.000000 2784.000000 608.000000) (1504.000000 2816.000000 608.000000) 
4 0 25 (1504.000000 2784.000000 608.000000) (1504.000000 2784.000000 864.000000) (1504.000000 2816.000000 864.000000) (1504.000000 2816.000000 608.000000) 
4 0 24 (1504.000000 2784.000000 864.000000) (1504.000000 2784.000000 896.000000) (1504.000000 2816.000000 896.000000) (1504.000000 2816.000000 864.000000) 
4 0 5 (2816.000000 2784.000000 -32.000000) (2845.330000 2784.000000 -32.000000) (2845.330000 2784.000000 608.000000) (2816.000000 2784.000000 608.000000) 
4 0 2 (1504.000000 2784.000000 896.000000) (1504.000000 2784.000000 608.000000) (2845.330000 2784.000000 608.000000) (2845.330000 2784.000000 896.000000) 
4 0 1 (2845.330000 2784.000000 -32.000000) (2880.000000 2784.000000 -32.000000) (2880.000000 2784.000000 896.000000) (2845.330000 2784.000000 896.000000) 
4 1 128 (2880.000000 1536.000000 -32.000000) (2845.330000 1536.000000 -32.000000) (2845.330000 2784.000000 -32.000000) (2880.000000 2784.000000 -32.000000) 
4 1 9 (2845.330000 1536.000000 -32.000000) (2880.000000 1536.000000 -32.000000) (2880.000000 1536.000000 864.000000) (2845.330000 1536.000000 864.000000) 
4 1 8 (2880.000000 1536.000000 864.000000) (2880.000000 1536.000000 896.000000) (2845.330000 1536.000000 896.000000) (2845.330000 1536.000000 864.000000) 
4 1 5 (2845.330000 2784.000000 -32.000000) (2845.330000 2781.920000 -32.000000) (2845.330000 2781.920000 608.000000) (2845.330000 2784.000000 608.000000) 
4 1 3 (2845.330000 1536.000000 864.000000) (2845.330000 1536.000000 896.000000) (2845.330000 2781.920000 896.000000) (2845.330000 2781.920000 864.000000) 
4 1 2 (2845.330000 2781.920000 896.000000) (2845.330000 2784.000000 896.000000) (2845.330000 2784.000000 608.000000) (2845.330000 2781.920000 608.000000) 
4 2 25 (1504.000000 2784.000000 864.000000) (1504.000000 2784.000000 608.000000) (1504.000000 2781.920000 608.000000) (1504.000000 2781.920000 864.000000) 
4 2 24 (1504.000000 2781.920000 896.000000) (1504.000000 2784.000000 896.000000) (1504.000000 2784.000000 864.000000) (1504.000000 2781.920000 864.000000) 
4 2 5 (2816.000000 2784.000000 608.000000) (2845.330000 2784.000000 608.000000) (2845.330000 2781.920000 608.000000) (2816.000000 2781.920000 608.000000) 
4 2 3 (2845.330000 2781.920000 864.000000) (2845.330000 2781.920000 896.000000) (1504.000000 2781.920000 896.000000) (1504.000000 2781.920000 864.000000) 
4 3 24 (1504.000000 1536.000000 864.000000) (1504.000000 1536.000000 896.000000) (1504.000000 2781.920000 896.000000) (1504.000000 2781.920000 864.000000) 
4 3 13 (2176.000000 1536.000000 896.000000) (1504.000000 1536.000000 896.000000) (1504.000000 1536.000000 864.000000) (2176.000000 1536.000000 864.000000) 
4 3 8 (2845.330000 1536.000000 864.000000) (2845.330000 1536.000000 896.000000) (2176.000000 1536.000000 896.000000) (2176.000000 1536.000000 864.000000) 
4 4 26 (1504.000000 1536.000000 608.000000) (1504.000000 1536.000000 864.000000) (1504.000000 2781.920000 864.000000) (1504.000000 2781.920000 608.000000) 
3 4 15 (1988.000000 1536.000000 608.000000) (2176.000000 1536.000000 608.000000) (2176.000000 1536.000000 744.727273) 
5 4 14 (2176.000000 1536.000000 864.000000) (1504.000000 1536.000000 864.000000) (1504.000000 1536.000000 608.000000) (1988.000000 1536.000000 608.000000) (2176.000000 1536.000000 744.727273) 
4 4 11 (2816.000000 1536.000000 864.000000) (2176.000000 1536.000000 864.000000) (2176.000000 1536.000000 608.000000) (2816.000000 1536.000000 608.000000) 
4 4 10 (2845.330000 1536.000000 608.000000) (2845.330000 1536.000000 864.000000) (2816.000000 1536.000000 864.000000) (2816.000000 1536.000000 608.000000) 
4 4 7 (2624.000000 1536.000000 608.000000) (1504.000000 1536.000000 608.000000) (1504.000000 2720.000000 608.000000) (2624.000000 2720.000000 608.000000) 
4 4 6 (2845.330000 1536.000000 608.000000) (2816.000000 1536.000000 608.000000) (2816.000000 2781.920000 608.000000) (2845.330000 2781.920000 608.000000) 
4 5 129 (2816.000000 2781.920000 -32.000000) (2816.000000 2784.000000 -32.000000) (2845.330000 2784.000000 -32.000000) (2845.330000 2781.920000 -32.000000) 
4 6 130 (2845.330000 1536.000000 -32.000000) (2816.000000 1536.000000 -32.000000) (2816.000000 2781.920000 -32.000000) (2845.330000 2781.920000 -32.000000) 
4 6 10 (2816.000000 1536.000000 -32.000000) (2845.330000 1536.000000 -32.000000) (2845.330000 1536.000000 608.000000) (2816.000000 1536.000000 608.000000) 
4 7 148 (1536.000000 1536.000000 -32.000000) (1504.000000 1536.000000 -32.000000) (1504.000000 2720.000000 -32.000000) (1536.000000 2720.000000 -32.000000) 
4 7 140 (2176.000000 1536.000000 -32.000000) (1536.000000 1536.000000 -32.000000) (1536.000000 2720.000000 -32.000000) (2176.000000 2720.000000 -32.000000) 
4 7 133 (2624.000000 1536.000000 -32.000000) (2176.000000 1536.000000 -32.000000) (2176.000000 2720.000000 -32.000000) (2624.000000 2720.000000 -32.000000) 
4 7 28 (1504.000000 2720.000000 -32.000000) (1504.000000 1536.000000 -32.000000) (1504.000000 1536.000000 608.000000) (1504.000000 2720.000000 608.000000) 
4 7 15 (2176.000000 1536.000000 256.000000) (2176.000000 1536.000000 608.000000) (1988.000000 1536.000000 608.000000) (1856.000000 1536.000000 512.000000) 
3 7 14 (1988.000000 1536.000000 608.000000) (1504.000000 1536.000000 608.000000) (1504.000000 1536.000000 256.000000) 
4 7 12 (2176.000000 1536.000000 -32.000000) (2624.000000 1536.000000 -32.000000) (2624.000000 1536.000000 608.000000) (2176.000000 1536.000000 608.000000) 
4 8 56 (2845.330000 -320.000000 896.000000) (2176.000000 -320.000000 896.000000) (2176.000000 -320.000000 864.000000) (2845.330000 -320.000000 864.000000) 
4 8 55 (2880.000000 -320.000000 864.000000) (2880.000000 -320.000000 896.000000) (2845.330000 -320.000000 896.000000) (2845.330000 -320.000000 864.000000) 
4 8 20 (2176.000000 736.000000 864.000000) (2176.000000 -320.000000 864.000000) (2176.000000 -320.000000 896.000000) (2176.000000 736.000000 896.000000) 
4 8 13 (2176.000000 1536.000000 896.000000) (2176.000000 1536.000000 864.000000) (2176.000000 736.000000 864.000000) (2176.000000 736.000000 896.000000) 
4 8 9 (2845.330000 1536.000000 864.000000) (2880.000000 1536.000000 864.000000) (2880.000000 -320.000000 864.000000) (2845.330000 -320.000000 864.000000) 
4 9 128 (2880.000000 -320.000000 -32.000000) (2845.330000 -320.000000 -32.000000) (2845.330000 1536.000000 -32.000000) (2880.000000 1536.000000 -32.000000) 
4 9 55 (2845.330000 -320.000000 -32.000000) (2880.000000 -320.000000 -32.000000) (2880.000000 -320.000000 864.000000) (2845.330000 -320.000000 864.000000) 
4 10 130 (2845.330000 -320.000000 -32.000000) (2816.000000 -320.000000 -32.000000) (2816.000000 1536.000000 -32.000000) (2845.330000 1536.000000 -32.000000) 
4 10 58 (2816.000000 -320.000000 -32.000000) (2845.330000 -320.000000 -32.000000) (2845.330000 -320.000000 608.000000) (2816.000000 -320.000000 608.000000) 
4 10 57 (2845.330000 -320.000000 608.000000) (2845.330000 -320.000000 864.000000) (2816.000000 -320.000000 864.000000) (2816.000000 -320.000000 608.000000) 
4 10 11 (2816.000000 -320.000000 608.000000) (2816.000000 -320.000000 864.000000) (2816.000000 1536.000000 864.000000) (2816.000000 1536.000000 608.000000) 
4 11 57 (2816.000000 -320.000000 608.000000) (2816.000000 -320.000000 864.000000) (2176.000000 -320.000000 864.000000) (2176.000000 -320.000000 608.000000) 
4 11 21 (2176.000000 736.000000 608.000000) (2176.000000 -320.000000 608.000000) (2176.000000 -320.000000 864.000000) (2176.000000 736.000000 864.000000) 
4 11 15 (2176.000000 1536.000000 744.727273) (2176.000000 1536.000000 608.000000) (2176.000000 736.000000 608.000000) (2176.000000 736.000000 744.727273) 
4 11 14 (2176.000000 1536.000000 864.000000) (2176.000000 1536.000000 744.727273) (2176.000000 736.000000 744.727273) (2176.000000 736.000000 864.000000) 
4 11 12 (2624.000000 -320.000000 608.000000) (2176.000000 -320.000000 608.000000) (2176.000000 1536.000000 608.000000) (2624.000000 1536.000000 608.000000) 
4 12 133 (2624.000000 -320.000000 -32.000000) (2176.000000 -320.000000 -32.000000) (2176.000000 1536.000000 -32.000000) (2624.000000 1536.000000 -32.000000) 
4 12 59 (2176.000000 -320.000000 -32.000000) (2624.000000 -320.000000 -32.000000) (2624.000000 -320.000000 608.000000) (2176.000000 -320.000000 608.000000) 
4 12 22 (2176.000000 736.000000 -32.000000) (2176.000000 -320.000000 -32.000000) (2176.000000 -320.000000 32.000000) (2176.000000 736.000000 32.000000) 
4 12 21 (2176.000000 -320.000000 32.000000) (2176.000000 -320.000000 608.000000) (2176.000000 736.000000 608.000000) (2176.000000 736.000000 32.000000) 
4 12 19 (2176.000000 768.000000 -32.000000) (2176.000000 736.000000 -32.000000) (2176.000000 736.000000 32.000000) (2176.000000 768.000000 32.000000) 
4 12 15 (2176.000000 1536.000000 608.000000) (2176.000000 1536.000000 256.000000) (2176.000000 736.000000 256.000000) (2176.000000 736.000000 608.000000) 
4 13 32 (1504.000000 736.000000 864.000000) (1504.000000 736.000000 896.000000) (1504.000000 768.000000 896.000000) (1504.000000 768.000000 864.000000) 
4 13 29 (1504.000000 768.000000 896.000000) (1504.000000 1280.000000 896.000000) (1504.000000 1280.000000 864.000000) (1504.000000 768.000000 864.000000) 
4 13 24 (1504.000000 1280.000000 896.000000) (1504.000000 1536.000000 896.000000) (1504.000000 1536.000000 864.000000) (1504.000000 1280.000000 864.000000) 
4 13 20 (2176.000000 736.000000 864.000000) (2176.000000 736.000000 896.000000) (1504.000000 736.000000 896.000000) (1504.000000 736.000000 864.000000) 
4 14 33 (1504.000000 736.000000 256.000000) (1504.000000 736.000000 864.000000) (1504.000000 768.000000 864.000000) (1504.000000 768.000000 256.000000) 
4 14 30 (1504.000000 768.000000 864.000000) (1504.000000 1280.000000 864.000000) (1504.000000 1280.000000 256.000000) (1504.000000 768.000000 256.000000) 
4 14 28 (1504.000000 1536.000000 608.000000) (1504.000000 1536.000000 256.000000) (1504.000000 1280.000000 256.000000) (1504.000000 1280.000000 608.000000) 
4 14 26 (1504.000000 1280.000000 864.000000) (1504.000000 1536.000000 864.000000) (1504.000000 1536.000000 608.000000) (1504.000000 1280.000000 608.000000) 
4 14 21 (2176.000000 736.000000 744.727273) (2176.000000 736.000000 864.000000) (1504.000000 736.000000 864.000000) (1504.000000 736.000000 256.000000) 
4 14 15 (2176.000000 736.000000 744.727273) (1856.000000 736.000000 512.000000) (1856.000000 1536.000000 512.000000) (2176.000000 1536.000000 744.727273) 
3 15 21 (2176.000000 736.000000 256.000000) (2176.000000 736.000000 744.727273) (1856.000000 736.000000 512.000000) 
4 16 17 (1760.000000 768.000000 32.000000) (1888.000000 768.000000 32.000000) (1888.000000 768.000000 160.000000) (1760.000000 768.000000 160.000000) 
4 17 21 (1888.000000 736.000000 160.000000) (1760.000000 736.000000 160.000000) (1760.000000 736.000000 32.000000) (1888.000000 736.000000 32.000000) 
4 18 33 (1504.000000 736.000000 19.612903) (1504.000000 736.000000 32.000000) (1504.000000 768.000000 32.000000) (1504.000000 768.000000 19.612903) 
3 18 23 (1536.000000 736.000000 32.000000) (1504.000000 736.000000 32.000000) (1504.000000 736.000000 19.612903) 
4 19 141 (2144.000000 768.000000 -32.000000) (2176.000000 768.000000 -32.000000) (2176.000000 736.000000 -32.000000) (2144.000000 736.000000 -32.000000) 
4 19 22 (2144.000000 736.000000 -32.000000) (2176.000000 736.000000 -32.000000) (2176.000000 736.000000 32.000000) (2144.000000 736.000000 32.000000) 
4 20 65 (1536.000000 -320.000000 896.000000) (1504.000000 -320.000000 896.000000) (1504.000000 -320.000000 864.000000) (1536.000000 -320.000000 864.000000) 
4 20 60 (2144.000000 -320.000000 896.000000) (1536.000000 -320.000000 896.000000) (1536.000000 -320.000000 864.000000) (2144.000000 -320.000000 864.000000) 
4 20 56 (2176.000000 -320.000000 864.000000) (2176.000000 -320.000000 896.000000) (2144.000000 -320.000000 896.000000) (2144.000000 -320.000000 864.000000) 
4 20 32 (1504.000000 -320.000000 864.000000) (1504.000000 -320.000000 896.000000) (1504.000000 736.000000 896.000000) (1504.000000 736.000000 864.000000) 
4 21 71 (1504.000000 -320.000000 144.000000) (1504.000000 -320.000000 32.000000) (1536.000000 -320.000000 32.000000) (1536.000000 -320.000000 149.600000) 
4 21 70 (1504.000000 -320.000000 149.333333) (1504.000000 -320.000000 144.000000) (1536.000000 -320.000000 149.600000) (1536.000000 -320.000000 154.666667) 
4 21 67 (1504.000000 -320.000000 256.000000) (1504.000000 -320.000000 149.333333) (1536.000000 -320.000000 154.666667) (1536.000000 -320.000000 256.000000) 
4 21 66 (1536.000000 -320.000000 864.000000) (1504.000000 -320.000000 864.000000) (1504.000000 -320.000000 256.000000) (1536.000000 -320.000000 256.000000) 
4 21 61 (2144.000000 -320.000000 864.000000) (1536.000000 -320.000000 864.000000) (1536.000000 -320.000000 32.000000) (2144.000000 -320.000000 32.000000) 
4 21 59 (2176.000000 -320.000000 32.000000) (2176.000000 -320.000000 608.000000) (2144.000000 -320.000000 608.000000) (2144.000000 -320.000000 32.000000) 
4 21 57 (2176.000000 -320.000000 608.000000) (2176.000000 -320.000000 864.000000) (2144.000000 -320.000000 864.000000) (2144.000000 -320.000000 608.000000) 
4 21 33 (1504.000000 -320.000000 32.000000) (1504.000000 -320.000000 864.000000) (1504.000000 736.000000 864.000000) (1504.000000 736.000000 32.000000) 
4 21 23 (1536.000000 -320.000000 32.000000) (1504.000000 -320.000000 32.000000) (1504.000000 736.000000 32.000000) (1536.000000 736.000000 32.000000) 
4 21 22 (2176.000000 -320.000000 32.000000) (2144.000000 -320.000000 32.000000) (2144.000000 736.000000 32.000000) (2176.000000 736.000000 32.000000) 
4 22 145 (2176.000000 -320.000000 -32.000000) (2144.000000 -320.000000 -32.000000) (2144.000000 736.000000 -32.000000) (2176.000000 736.000000 -32.000000) 
4 22 59 (2144.000000 -320.000000 -32.000000) (2176.000000 -320.000000 -32.000000) (2176.000000 -320.000000 32.000000) (2144.000000 -320.000000 32.000000) 
3 23 72 (1536.000000 -320.000000 32.000000) (1504.000000 -320.000000 32.000000) (1504.000000 -320.000000 19.612903) 
4 23 33 (1504.000000 -320.000000 19.612903) (1504.000000 -320.000000 32.000000) (1504.000000 736.000000 32.000000) (1504.000000 736.000000 19.612903) 
4 24 42 (-1920.000000 1280.000000 864.000000) (-1920.000000 1280.000000 896.000000) (-1920.000000 1408.000000 896.000000) (-1920.000000 1408.000000 864.000000) 
4 24 36 (-1920.000000 1408.000000 896.000000) (-1920.000000 2781.920000 896.000000) (-1920.000000 2781.920000 864.000000) (-1920.000000 1408.000000 864.000000) 
4 24 35 (-1920.000000 2781.920000 896.000000) (-1920.000000 2784.000000 896.000000) (-1920.000000 2784.000000 864.000000) (-1920.000000 2781.920000 864.000000) 
4 24 34 (-1920.000000 2784.000000 896.000000) (-1920.000000 2816.000000 896.000000) (-1920.000000 2816.000000 864.000000) (-1920.000000 2784.000000 864.000000) 
4 24 29 (-1920.000000 1280.000000 896.000000) (-1920.000000 1280.000000 864.000000) (1504.000000 1280.000000 864.000000) (1504.000000 1280.000000 896.000000) 
4 24 25 (-1920.000000 2781.920000 864.000000) (-1920.000000 2816.000000 864.000000) (1504.000000 2816.000000 864.000000) (1504.000000 2781.920000 864.000000) 
4 25 35 (-1920.000000 2781.920000 864.000000) (-1920.000000 2784.000000 864.000000) (-1920.000000 2784.000000 608.000000) (-1920.000000 2781.920000 608.000000) 
4 25 34 (-1920.000000 2784.000000 864.000000) (-1920.000000 2816.000000 864.000000) (-1920.000000 2816.000000 608.000000) (-1920.000000 2784.000000 608.000000) 
4 25 27 (-1920.000000 2784.000000 608.000000) (-1920.000000 2816.000000 608.000000) (1504.000000 2816.000000 608.000000) (1504.000000 2784.000000 608.000000) 
4 26 43 (-1920.000000 1280.000000 608.000000) (-1920.000000 1280.000000 864.000000) (-1920.000000 1408.000000 864.000000) (-1920.000000 1408.000000 608.000000) 
4 26 37 (-1920.000000 1408.000000 864.000000) (-1920.000000 2781.920000 864.000000) (-1920.000000 2781.920000 608.000000) (-1920.000000 1408.000000 608.000000) 
4 26 30 (-1920.000000 1280.000000 864.000000) (-1920.000000 1280.000000 608.000000) (1504.000000 1280.000000 608.000000) (1504.000000 1280.000000 864.000000) 
4 26 28 (1504.000000 1280.000000 608.000000) (-1920.000000 1280.000000 608.000000) (-1920.000000 2720.000000 608.000000) (1504.000000 2720.000000 608.000000) 
4 27 147 (1504.000000 2816.000000 -32.000000) (1504.000000 2784.000000 -32.000000) (-1920.000000 2784.000000 -32.000000) (-1920.000000 2816.000000 -32.000000) 
4 27 34 (-1920.000000 2816.000000 -32.000000) (-1920.000000 2784.000000 -32.000000) (-1920.000000 2784.000000 608.000000) (-1920.000000 2816.000000 608.000000) 
4 28 148 (1504.000000 2720.000000 -32.000000) (1504.000000 1280.000000 -32.000000) (-1920.000000 1280.000000 -32.000000) (-1920.000000 2720.000000 -32.000000) 
4 28 43 (-1920.000000 1280.000000 358.400000) (-1920.000000 1280.000000 608.000000) (-1920.000000 1408.000000 608.000000) (-1920.000000 1408.000000 256.000000) 
4 28 38 (-1920.000000 2720.000000 -32.000000) (-1920.000000 1408.000000 -32.000000) (-1920.000000 1408.000000 608.000000) (-1920.000000 2720.000000 608.000000) 
4 28 30 (-1920.000000 1280.000000 608.000000) (-1920.000000 1280.000000 32.000000) (1504.000000 1280.000000 32.000000) (1504.000000 1280.000000 608.000000) 
4 29 42 (-1920.000000 768.000000 864.000000) (-1920.000000 768.000000 896.000000) (-1920.000000 1280.000000 896.000000) (-1920.000000 1280.000000 864.000000) 
4 29 32 (1504.000000 768.000000 864.000000) (1504.000000 768.000000 896.000000) (-1920.000000 768.000000 896.000000) (-1920.000000 768.000000 864.000000) 
4 30 45 (-1920.000000 1120.000000 32.000000) (-1920.000000 992.000000 32.000000) (-1920.000000 992.000000 160.000000) (-1920.000000 1120.000000 160.000000) 
3 30 44 (-1920.000000 768.000000 279.272727) (-1920.000000 768.000000 768.000000) (-1920.000000 1088.000000 512.000000) 
4 30 43 (-1920.000000 768.000000 768.000000) (-1920.000000 768.000000 864.000000) (-1920.000000 1280.000000 864.000000) (-1920.000000 1280.000000 358.400000) 
4 30 33 (1504.000000 768.000000 32.000000) (1504.000000 768.000000 864.000000) (-1920.000000 768.000000 864.000000) (-1920.000000 768.000000 32.000000) 
4 30 31 (1504.000000 768.000000 32.000000) (-1920.000000 768.000000 32.000000) (-1920.000000 1024.000000 32.000000) (1504.000000 1024.000000 32.000000) 
4 31 148 (1504.000000 1024.000000 -32.000000) (1504.000000 768.000000 -32.000000) (-1920.000000 768.000000 -32.000000) (-1920.000000 1024.000000 -32.000000) 
5 31 33 (-1920.000000 768.000000 -32.000000) (1370.666667 768.000000 -32.000000) (1504.000000 768.000000 19.612903) (1504.000000 768.000000 32.000000) (-1920.000000 768.000000 32.000000) 
4 32 106 (-1888.000000 -320.000000 896.000000) (-1920.000000 -320.000000 896.000000) (-1920.000000 -320.000000 864.000000) (-1888.000000 -320.000000 864.000000) 
4 32 98 (864.000000 -320.000000 896.000000) (-1888.000000 -320.000000 896.000000) (-1888.000000 -320.000000 864.000000) (864.000000 -320.000000 864.000000) 
4 32 65 (1504.000000 -320.000000 864.000000) (1504.000000 -320.000000 896.000000) (864.000000 -320.000000 896.000000) (864.000000 -320.000000 864.000000) 
4 32 50 (-1920.000000 -320.000000 864.000000) (-1920.000000 -320.000000 896.000000) (-1920.000000 736.000000 896.000000) (-1920.000000 736.000000 864.000000) 
4 32 42 (-1920.000000 736.000000 896.000000) (-1920.000000 768.000000 896.000000) (-1920.000000 768.000000 864.000000) (-1920.000000 736.000000 864.000000) 
4 33 152 (1370.666667 -320.000000 -32.000000) (-1920.000000 -320.000000 -32.000000) (-1920.000000 768.000000 -32.000000) (1370.666667 768.000000 -32.000000) 
4 33 108 (-1920.000000 -320.000000 -32.000000) (-1888.000000 -320.000000 -32.000000) (-1888.000000 -320.000000 608.000000) (-1920.000000 -320.000000 608.000000) 
4 33 107 (-1888.000000 -320.000000 608.000000) (-1888.000000 -320.000000 864.000000) (-1920.000000 -320.000000 864.000000) (-1920.000000 -320.000000 608.000000) 
4 33 100 (-1888.000000 -320.000000 -32.000000) (864.000000 -320.000000 -32.000000) (864.000000 -320.000000 32.000000) (-1888.000000 -320.000000 32.000000) 
4 33 99 (864.000000 -320.000000 32.000000) (864.000000 -320.000000 864.000000) (-1888.000000 -320.000000 864.000000) (-1888.000000 -320.000000 32.000000) 
3 33 71 (1504.000000 -320.000000 32.000000) (1504.000000 -320.000000 144.000000) (864.000000 -320.000000 32.000000) 
4 33 70 (1504.000000 -320.000000 144.000000) (1504.000000 -320.000000 149.333333) (864.000000 -320.000000 42.666667) (864.000000 -320.000000 32.000000) 
5 33 72 (864.000000 -320.000000 -32.000000) (1370.666667 -320.000000 -32.000000) (1504.000000 -320.000000 19.612903) (1504.000000 -320.000000 32.000000) (864.000000 -320.000000 32.000000) 
5 33 67 (1504.000000 -320.000000 149.333333) (1504.000000 -320.000000 256.000000) (1376.000000 -320.000000 256.000000) (1280.000000 -320.000000 128.000000) (1376.000000 -320.000000 128.000000) 
3 33 68 (1280.000000 -320.000000 128.000000) (1266.285714 -320.000000 109.714286) (1376.000000 -320.000000 128.000000) 
4 33 69 (1376.000000 -320.000000 256.000000) (864.000000 -320.000000 256.000000) (864.000000 -320.000000 42.666667) (1266.285714 -320.000000 109.714286) 
4 33 66 (1504.000000 -320.000000 256.000000) (1504.000000 -320.000000 864.000000) (864.000000 -320.000000 864.000000) (864.000000 -320.000000 256.000000) 
4 33 51 (-1920.000000 736.000000 -32.000000) (-1920.000000 -320.000000 -32.000000) (-1920.000000 -320.000000 864.000000) (-1920.000000 736.000000 864.000000) 
4 33 44 (-1920.000000 736.000000 256.000000) (-1920.000000 736.000000 793.600000) (-1920.000000 768.000000 768.000000) (-1920.000000 768.000000 279.272727) 
4 33 43 (-1920.000000 736.000000 793.600000) (-1920.000000 736.000000 864.000000) (-1920.000000 768.000000 864.000000) (-1920.000000 768.000000 768.000000) 
4 34 147 (-1920.000000 2816.000000 -32.000000) (-1920.000000 2784.000000 -32.000000) (-2944.000000 2784.000000 -32.000000) (-2944.000000 2816.000000 -32.000000) 
4 34 39 (-2909.330000 2784.000000 -32.000000) (-2880.000000 2784.000000 -32.000000) (-2880.000000 2784.000000 608.000000) (-2909.330000 2784.000000 608.000000) 
4 34 35 (-1920.000000 2784.000000 608.000000) (-1920.000000 2784.000000 896.000000) (-2909.330000 2784.000000 896.000000) (-2909.330000 2784.000000 608.000000) 
4 34 41 (-2944.000000 2784.000000 -32.000000) (-2909.330000 2784.000000 -32.000000) (-2909.330000 2784.000000 896.000000) (-2944.000000 2784.000000 896.000000) 
4 35 39 (-2909.330000 2784.000000 608.000000) (-2880.000000 2784.000000 608.000000) (-2880.000000 2781.920000 608.000000) (-2909.330000 2781.920000 608.000000) 
4 35 36 (-2909.330000 2781.920000 896.000000) (-2909.330000 2781.920000 864.000000) (-1920.000000 2781.920000 864.000000) (-1920.000000 2781.920000 896.000000) 
4 35 41 (-2909.330000 2784.000000 896.000000) (-2909.330000 2784.000000 608.000000) (-2909.330000 2781.920000 608.000000) (-2909.330000 2781.920000 896.000000) 
4 36 42 (-1920.000000 1408.000000 864.000000) (-1920.000000 1408.000000 896.000000) (-2909.330000 1408.000000 896.000000) (-2909.330000 1408.000000 864.000000) 
4 36 41 (-2909.330000 1408.000000 864.000000) (-2909.330000 1408.000000 896.000000) (-2909.330000 2781.920000 896.000000) (-2909.330000 2781.920000 864.000000) 
4 37 48 (-2880.000000 1408.000000 864.000000) (-2909.330000 1408.000000 864.000000) (-2909.330000 1408.000000 608.000000) (-2880.000000 1408.000000 608.000000) 
4 37 47 (-2688.000000 1408.000000 864.000000) (-2880.000000 1408.000000 864.000000) (-2880.000000 1408.000000 608.000000) (-2688.000000 1408.000000 608.000000) 
4 37 43 (-1920.000000 1408.000000 608.000000) (-1920.000000 1408.000000 864.000000) (-2688.000000 1408.000000 864.000000) (-2688.000000 1408.000000 608.000000) 
4 37 40 (-2880.000000 1408.000000 608.000000) (-2909.330000 1408.000000 608.000000) (-2909.330000 2781.920000 608.000000) (-2880.000000 2781.920000 608.000000) 
4 37 38 (-1920.000000 2720.000000 608.000000) (-1920.000000 1408.000000 608.000000) (-2688.000000 1408.000000 608.000000) (-2688.000000 2720.000000 608.000000) 
4 38 148 (-1920.000000 2720.000000 -32.000000) (-1920.000000 1408.000000 -32.000000) (-2688.000000 1408.000000 -32.000000) (-2688.000000 2720.000000 -32.000000) 
4 38 43 (-1920.000000 1408.000000 256.000000) (-1920.000000 1408.000000 608.000000) (-2688.000000 1408.000000 608.000000) (-2688.000000 1408.000000 256.000000) 
4 39 149 (-2909.330000 2781.920000 -32.000000) (-2909.330000 2784.000000 -32.000000) (-2880.000000 2784.000000 -32.000000) (-2880.000000 2781.920000 -32.000000) 
4 39 41 (-2909.330000 2784.000000 608.000000) (-2909.330000 2784.000000 -32.000000) (-2909.330000 2781.920000 -32.000000) (-2909.330000 2781.920000 608.000000) 
4 40 150 (-2880.000000 1408.000000 -32.000000) (-2909.330000 1408.000000 -32.000000) (-2909.330000 2781.920000 -32.000000) (-2880.000000 2781.920000 -32.000000) 
4 40 48 (-2909.330000 1408.000000 -32.000000) (-2880.000000 1408.000000 -32.000000) (-2880.000000 1408.000000 608.000000) (-2909.330000 1408.000000 608.000000) 
4 41 151 (-2909.330000 1408.000000 -32.000000) (-2944.000000 1408.000000 -32.000000) (-2944.000000 2781.920000 -32.000000) (-2909.330000 2781.920000 -32.000000) 
4 41 149 (-2944.000000 2781.920000 -32.000000) (-2944.000000 2784.000000 -32.000000) (-2909.330000 2784.000000 -32.000000) (-2909.330000 2781.920000 -32.000000) 
4 41 49 (-2944.000000 1408.000000 -32.000000) (-2909.330000 1408.000000 -32.000000) (-2909.330000 1408.000000 864.000000) (-2944.000000 1408.000000 864.000000) 
4 41 42 (-2909.330000 1408.000000 864.000000) (-2909.330000 1408.000000 896.000000) (-2944.000000 1408.000000 896.000000) (-2944.000000 1408.000000 864.000000) 
4 42 50 (-1920.000000 736.000000 864.000000) (-1920.000000 736.000000 896.000000) (-2944.000000 736.000000 896.000000) (-2944.000000 736.000000 864.000000) 
4 42 49 (-2909.330000 736.000000 864.000000) (-2944.000000 736.000000 864.000000) (-2944.000000 1408.000000 864.000000) (-2909.330000 1408.000000 864.000000) 
4 43 51 (-1920.000000 736.000000 793.600000) (-1920.000000 736.000000 864.000000) (-2688.000000 736.000000 864.000000) (-2688.000000 736.000000 793.600000) 
5 43 47 (-2688.000000 736.000000 793.600000) (-2688.000000 736.000000 864.000000) (-2688.000000 1408.000000 864.000000) (-2688.000000 1408.000000 608.000000) (-2688.000000 968.000000 608.000000) 
4 43 44 (-1920.000000 736.000000 793.600000) (-2688.000000 736.000000 793.600000) (-2688.000000 1088.000000 512.000000) (-1920.000000 1088.000000 512.000000) 
4 44 51 (-1920.000000 736.000000 256.000000) (-1920.000000 736.000000 793.600000) (-2688.000000 736.000000 793.600000) (-2688.000000 736.000000 256.000000) 
3 44 47 (-2688.000000 736.000000 608.000000) (-2688.000000 736.000000 793.600000) (-2688.000000 968.000000 608.000000) 
4 45 46 (-1952.000000 1120.000000 32.000000) (-1952.000000 992.000000 32.000000) (-1952.000000 992.000000 160.000000) (-1952.000000 1120.000000 160.000000) 
4 47 52 (-2688.000000 736.000000 608.000000) (-2688.000000 736.000000 864.000000) (-2880.000000 736.000000 864.000000) (-2880.000000 736.000000 608.000000) 
4 47 48 (-2880.000000 1408.000000 864.000000) (-2880.000000 1408.000000 608.000000) (-2880.000000 736.000000 608.000000) (-2880.000000 736.000000 864.000000) 
4 48 153 (-2880.000000 768.000000 -32.000000) (-2880.000000 736.000000 -32.000000) (-2909.330000 736.000000 -32.000000) (-2909.330000 768.000000 -32.000000) 
4 48 150 (-2909.330000 1408.000000 -32.000000) (-2880.000000 1408.000000 -32.000000) (-2880.000000 768.000000 -32.000000) (-2909.330000 768.000000 -32.000000) 
4 48 53 (-2909.330000 736.000000 -32.000000) (-2880.000000 736.000000 -32.000000) (-2880.000000 736.000000 864.000000) (-2909.330000 736.000000 864.000000) 
4 49 154 (-2909.330000 768.000000 -32.000000) (-2909.330000 736.000000 -32.000000) (-2944.000000 736.000000 -32.000000) (-2944.000000 768.000000 -32.000000) 
4 49 151 (-2944.000000 1408.000000 -32.000000) (-2909.330000 1408.000000 -32.000000) (-2909.330000 768.000000 -32.000000) (-2944.000000 768.000000 -32.000000) 
4 49 54 (-2944.000000 736.000000 -32.000000) (-2909.330000 736.000000 -32.000000) (-2909.330000 736.000000 864.000000) (-2944.000000 736.000000 864.000000) 
4 50 110 (-2909.330000 -320.000000 896.000000) (-2944.000000 -320.000000 896.000000) (-2944.000000 -320.000000 864.000000) (-2909.330000 -320.000000 864.000000) 
4 50 106 (-1920.000000 -320.000000 864.000000) (-1920.000000 -320.000000 896.000000) (-2909.330000 -320.000000 896.000000) (-2909.330000 -320.000000 864.000000) 
4 50 54 (-2909.330000 -320.000000 864.000000) (-2944.000000 -320.000000 864.000000) (-2944.000000 736.000000 864.000000) (-2909.330000 736.000000 864.000000) 
4 51 152 (-2688.000000 736.000000 -32.000000) (-1920.000000 736.000000 -32.000000) (-1920.000000 -320.000000 -32.000000) (-2688.000000 -320.000000 -32.000000) 
4 51 108 (-2688.000000 -320.000000 -32.000000) (-1920.000000 -320.000000 -32.000000) (-1920.000000 -320.000000 608.000000) (-2688.000000 -320.000000 608.000000) 
4 51 107 (-1920.000000 -320.000000 608.000000) (-1920.000000 -320.000000 864.000000) (-2688.000000 -320.000000 864.000000) (-2688.000000 -320.000000 608.000000) 
4 51 52 (-2688.000000 -320.000000 608.000000) (-2688.000000 -320.000000 864.000000) (-2688.000000 736.000000 864.000000) (-2688.000000 736.000000 608.000000) 
4 52 107 (-2688.000000 -320.000000 608.000000) (-2688.000000 -320.000000 864.000000) (-2880.000000 -320.000000 864.000000) (-2880.000000 -320.000000 608.000000) 
4 52 53 (-2880.000000 736.000000 864.000000) (-2880.000000 736.000000 608.000000) (-2880.000000 -320.000000 608.000000) (-2880.000000 -320.000000 864.000000) 
4 53 153 (-2909.330000 736.000000 -32.000000) (-2880.000000 736.000000 -32.000000) (-2880.000000 -320.000000 -32.000000) (-2909.330000 -320.000000 -32.000000) 
4 53 109 (-2909.330000 -320.000000 -32.000000) (-2880.000000 -320.000000 -32.000000) (-2880.000000 -320.000000 608.000000) (-2909.330000 -320.000000 608.000000) 
4 53 107 (-2880.000000 -320.000000 608.000000) (-2880.000000 -320.000000 864.000000) (-2909.330000 -320.000000 864.000000) (-2909.330000 -320.000000 608.000000) 
4 54 154 (-2944.000000 736.000000 -32.000000) (-2909.330000 736.000000 -32.000000) (-2909.330000 -320.000000 -32.000000) (-2944.000000 -320.000000 -32.000000) 
4 54 110 (-2944.000000 -320.000000 -32.000000) (-2909.330000 -320.000000 -32.000000) (-2909.330000 -320.000000 864.000000) (-2944.000000 -320.000000 864.000000) 
4 55 128 (2845.330000 -320.000000 -32.000000) (2880.000000 -320.000000 -32.000000) (2880.000000 -1312.000000 -32.000000) (2845.330000 -1312.000000 -32.000000) 
4 55 73 (2845.330000 -1312.000000 -32.000000) (2880.000000 -1312.000000 -32.000000) (2880.000000 -1312.000000 896.000000) (2845.330000 -1312.000000 896.000000) 
4 55 56 (2845.330000 -1312.000000 864.000000) (2845.330000 -1312.000000 896.000000) (2845.330000 -320.000000 896.000000) (2845.330000 -320.000000 864.000000) 
4 56 81 (2176.000000 -1312.000000 896.000000) (2144.000000 -1312.000000 896.000000) (2144.000000 -1312.000000 864.000000) (2176.000000 -1312.000000 864.000000) 
4 56 74 (2845.330000 -1312.000000 864.000000) (2845.330000 -1312.000000 896.000000) (2176.000000 -1312.000000 896.000000) (2176.000000 -1312.000000 864.000000) 
4 56 60 (2144.000000 -320.000000 896.000000) (2144.000000 -320.000000 864.000000) (2144.000000 -1312.000000 864.000000) (2144.000000 -1312.000000 896.000000) 
4 57 83 (2176.000000 -1312.000000 864.000000) (2144.000000 -1312.000000 864.000000) (2144.000000 -1312.000000 608.000000) (2176.000000 -1312.000000 608.000000) 
4 57 75 (2845.330000 -1312.000000 608.000000) (2845.330000 -1312.000000 864.000000) (2176.000000 -1312.000000 864.000000) (2176.000000 -1312.000000 608.000000) 
4 57 61 (2144.000000 -320.000000 864.000000) (2144.000000 -320.000000 608.000000) (2144.000000 -1312.000000 608.000000) (2144.000000 -1312.000000 864.000000) 
4 57 58 (2845.330000 -1312.000000 608.000000) (2816.000000 -1312.000000 608.000000) (2816.000000 -320.000000 608.000000) (2845.330000 -320.000000 608.000000) 
4 57 59 (2624.000000 -1312.000000 608.000000) (2144.000000 -1312.000000 608.000000) (2144.000000 -320.000000 608.000000) (2624.000000 -320.000000 608.000000) 
4 58 130 (2816.000000 -320.000000 -32.000000) (2845.330000 -320.000000 -32.000000) (2845.330000 -1312.000000 -32.000000) (2816.000000 -1312.000000 -32.000000) 
4 58 77 (2816.000000 -1312.000000 -32.000000) (2845.330000 -1312.000000 -32.000000) (2845.330000 -1312.000000 608.000000) (2816.000000 -1312.000000 608.000000) 
4 59 145 (2144.000000 -320.000000 -32.000000) (2176.000000 -320.000000 -32.000000) (2176.000000 -1312.000000 -32.000000) (2144.000000 -1312.000000 -32.000000) 
4 59 133 (2176.000000 -320.000000 -32.000000) (2624.000000 -320.000000 -32.000000) (2624.000000 -1312.000000 -32.000000) (2176.000000 -1312.000000 -32.000000) 
4 59 86 (2176.000000 -1312.000000 192.000000) (2176.000000 -1312.000000 256.000000) (2144.000000 -1312.000000 256.000000) (2144.000000 -1312.000000 192.000000) 
4 59 83 (2176.000000 -1312.000000 480.000000) (2176.000000 -1312.000000 608.000000) (2144.000000 -1312.000000 608.000000) (2144.000000 -1312.000000 503.272727) 
4 59 89 (2144.000000 -1312.000000 -32.000000) (2176.000000 -1312.000000 -32.000000) (2176.000000 -1312.000000 192.000000) (2144.000000 -1312.000000 192.000000) 
4 59 79 (2176.000000 -1312.000000 -32.000000) (2624.000000 -1312.000000 -32.000000) (2624.000000 -1312.000000 608.000000) (2176.000000 -1312.000000 608.000000) 
4 59 64 (2144.000000 -1056.000000 -32.000000) (2144.000000 -1312.000000 -32.000000) (2144.000000 -1312.000000 32.000000) (2144.000000 -1056.000000 32.000000) 
3 59 62 (2144.000000 -1312.000000 256.000000) (2144.000000 -1312.000000 333.913043) (2144.000000 -1056.000000 256.000000) 
4 59 61 (2144.000000 -320.000000 608.000000) (2144.000000 -320.000000 32.000000) (2144.000000 -1312.000000 333.913043) (2144.000000 -1312.000000 608.000000) 
4 60 81 (2144.000000 -1312.000000 864.000000) (2144.000000 -1312.000000 896.000000) (1536.000000 -1312.000000 896.000000) (1536.000000 -1312.000000 864.000000) 
4 60 65 (1536.000000 -1312.000000 864.000000) (1536.000000 -1312.000000 896.000000) (1536.000000 -320.000000 896.000000) (1536.000000 -320.000000 864.000000) 
4 61 84 (1920.000000 -1312.000000 384.000000) (1792.000000 -1312.000000 384.000000) (1792.000000 -1312.000000 333.913043) (1920.000000 -1312.000000 333.913043) 
4 61 83 (2144.000000 -1312.000000 503.272727) (2144.000000 -1312.000000 864.000000) (1984.000000 -1312.000000 864.000000) (1824.000000 -1312.000000 736.000000) 
3 61 82 (1984.000000 -1312.000000 864.000000) (1536.000000 -1312.000000 864.000000) (1536.000000 -1312.000000 505.600000) 
3 61 71 (1536.000000 -320.000000 149.600000) (1536.000000 -320.000000 32.000000) (1536.000000 -706.400000 149.600000) 
4 61 70 (1536.000000 -320.000000 154.666667) (1536.000000 -320.000000 149.600000) (1536.000000 -706.400000 149.600000) (1536.000000 -723.047619 154.666667) 
4 61 67 (1536.000000 -320.000000 256.000000) (1536.000000 -320.000000 154.666667) (1536.000000 -723.047619 154.666667) (1536.000000 -1056.000000 256.000000) 
5 61 66 (1536.000000 -1312.000000 333.913043) (1536.000000 -1312.000000 864.000000) (1536.000000 -320.000000 864.000000) (1536.000000 -320.000000 256.000000) (1536.000000 -1056.000000 256.000000) 
4 61 62 (2144.000000 -1312.000000 333.913043) (1536.000000 -1312.000000 333.913043) (1536.000000 -1056.000000 256.000000) (2144.000000 -1056.000000 256.000000) 
4 62 84 (1920.000000 -1312.000000 333.913043) (1792.000000 -1312.000000 333.913043) (1792.000000 -1312.000000 256.000000) (1920.000000 -1312.000000 256.000000) 
3 62 66 (1536.000000 -1312.000000 256.000000) (1536.000000 -1312.000000 333.913043) (1536.000000 -1056.000000 256.000000) 
4 63 89 (1760.000000 -1312.000000 192.000000) (1536.000000 -1312.000000 154.666667) (1536.000000 -1312.000000 149.600000) (1778.285714 -1312.000000 192.000000) 
4 63 70 (1536.000000 -1312.000000 149.600000) (1536.000000 -1312.000000 154.666667) (1536.000000 -1056.000000 154.666667) (1536.000000 -1056.000000 149.600000) 
4 64 145 (2144.000000 -1056.000000 -32.000000) (2144.000000 -1312.000000 -32.000000) (1536.000000 -1312.000000 -32.000000) (1536.000000 -1056.000000 -32.000000) 
4 64 89 (1536.000000 -1312.000000 -32.000000) (2144.000000 -1312.000000 -32.000000) (2144.000000 -1312.000000 32.000000) (1536.000000 -1312.000000 32.000000) 
4 64 72 (1536.000000 -1056.000000 -32.000000) (1536.000000 -1312.000000 -32.000000) (1536.000000 -1312.000000 32.000000) (1536.000000 -1056.000000 32.000000) 
4 65 98 (864.000000 -320.000000 896.000000) (864.000000 -320.000000 864.000000) (864.000000 -1312.000000 864.000000) (864.000000 -1312.000000 896.000000) 
4 65 93 (1504.000000 -1312.000000 896.000000) (864.000000 -1312.000000 896.000000) (864.000000 -1312.000000 864.000000) (1504.000000 -1312.000000 864.000000) 
4 65 81 (1536.000000 -1312.000000 864.000000) (1536.000000 -1312.000000 896.000000) (1504.000000 -1312.000000 896.000000) (1504.000000 -1312.000000 864.000000) 
4 66 99 (864.000000 -320.000000 864.000000) (864.000000 -320.000000 256.000000) (864.000000 -1312.000000 256.000000) (864.000000 -1312.000000 864.000000) 
4 66 96 (864.000000 -1312.000000 608.000000) (864.000000 -1312.000000 256.000000) (1504.000000 -1312.000000 256.000000) (1504.000000 -1312.000000 608.000000) 
4 66 94 (1504.000000 -1312.000000 864.000000) (864.000000 -1312.000000 864.000000) (864.000000 -1312.000000 608.000000) (1504.000000 -1312.000000 608.000000) 
4 66 82 (1536.000000 -1312.000000 505.600000) (1536.000000 -1312.000000 864.000000) (1504.000000 -1312.000000 864.000000) (1504.000000 -1312.000000 480.000000) 
4 66 67 (1376.000000 -1056.000000 256.000000) (1376.000000 -320.000000 256.000000) (1536.000000 -320.000000 256.000000) (1536.000000 -1056.000000 256.000000) 
4 66 69 (1376.000000 -1312.000000 256.000000) (864.000000 -1312.000000 256.000000) (864.000000 -320.000000 256.000000) (1376.000000 -320.000000 256.000000) 
4 67 70 (1376.000000 -320.000000 128.000000) (1536.000000 -320.000000 154.666667) (1536.000000 -1056.000000 154.666667) (1376.000000 -1056.000000 128.000000) 
4 67 68 (1280.000000 -1056.000000 128.000000) (1280.000000 -320.000000 128.000000) (1376.000000 -320.000000 128.000000) (1376.000000 -1056.000000 128.000000) 
4 67 69 (1376.000000 -1056.000000 256.000000) (1376.000000 -320.000000 256.000000) (1280.000000 -320.000000 128.000000) (1280.000000 -1056.000000 128.000000) 
3 68 96 (1280.000000 -1312.000000 128.000000) (1266.285714 -1312.000000 109.714286) (1376.000000 -1312.000000 128.000000) 
4 68 70 (1266.285714 -320.000000 109.714286) (1376.000000 -320.000000 128.000000) (1376.000000 -1312.000000 128.000000) (1266.285714 -1312.000000 109.714286) 
4 68 69 (1266.285714 -320.000000 109.714286) (1266.285714 -1312.000000 109.714286) (1280.000000 -1312.000000 128.000000) (1280.000000 -320.000000 128.000000) 
4 69 99 (864.000000 -320.000000 256.000000) (864.000000 -320.000000 42.666667) (864.000000 -1312.000000 42.666667) (864.000000 -1312.000000 256.000000) 
4 69 96 (1376.000000 -1312.000000 256.000000) (864.000000 -1312.000000 256.000000) (864.000000 -1312.000000 42.666667) (1266.285714 -1312.000000 109.714286) 
4 69 70 (864.000000 -1312.000000 42.666667) (864.000000 -320.000000 42.666667) (1266.285714 -320.000000 109.714286) (1266.285714 -1312.000000 109.714286) 
4 70 99 (864.000000 -320.000000 42.666667) (864.000000 -320.000000 32.000000) (864.000000 -1312.000000 32.000000) (864.000000 -1312.000000 42.666667) 
4 70 96 (1504.000000 -1312.000000 149.333333) (864.000000 -1312.000000 42.666667) (864.000000 -1312.000000 32.000000) (1504.000000 -1312.000000 144.000000) 
4 70 89 (1536.000000 -1312.000000 149.600000) (1536.000000 -1312.000000 154.666667) (1504.000000 -1312.000000 149.333333) (1504.000000 -1312.000000 144.000000) 
4 70 71 (864.000000 -1056.000000 32.000000) (864.000000 -320.000000 32.000000) (1536.000000 -320.000000 149.600000) (1536.000000 -1056.000000 149.600000) 
4 71 72 (864.000000 -1056.000000 32.000000) (864.000000 -320.000000 32.000000) (1536.000000 -320.000000 32.000000) (1536.000000 -1056.000000 32.000000) 
4 72 155 (864.000000 -1312.000000 -32.000000) (864.000000 -320.000000 -32.000000) (1536.000000 -320.000000 -32.000000) (1536.000000 -1312.000000 -32.000000) 
4 72 100 (864.000000 -320.000000 32.000000) (864.000000 -320.000000 -32.000000) (864.000000 -1056.000000 -32.000000) (864.000000 -1056.000000 32.000000) 
4 72 96 (864.000000 -1312.000000 -32.000000) (1504.000000 -1312.000000 -32.000000) (1504.000000 -1312.000000 32.000000) (864.000000 -1312.000000 32.000000) 
4 72 89 (1504.000000 -1312.000000 -32.000000) (1536.000000 -1312.000000 -32.000000) (1536.000000 -1312.000000 32.000000) (1504.000000 -1312.000000 32.000000) 
4 73 128 (2845.330000 -1312.000000 -32.000000) (2880.000000 -1312.000000 -32.000000) (2880.000000 -2400.000000 -32.000000) (2845.330000 -2400.000000 -32.000000) 
4 73 78 (2845.330000 -2397.920000 -32.000000) (2845.330000 -2400.000000 -32.000000) (2845.330000 -2400.000000 608.000000) (2845.330000 -2397.920000 608.000000) 
4 73 74 (2845.330000 -2397.920000 896.000000) (2845.330000 -1312.000000 896.000000) (2845.330000 -1312.000000 864.000000) (2845.330000 -2397.920000 864.000000) 
4 73 76 (2845.330000 -2400.000000 608.000000) (2845.330000 -2400.000000 896.000000) (2845.330000 -2397.920000 896.000000) (2845.330000 -2397.920000 608.000000) 
4 73 80 (2845.330000 -2400.000000 -32.000000) (2880.000000 -2400.000000 -32.000000) (2880.000000 -2400.000000 896.000000) (2845.330000 -2400.000000 896.000000) 
4 74 81 (2176.000000 -1312.000000 896.000000) (2176.000000 -1312.000000 864.000000) (2176.000000 -2397.920000 864.000000) (2176.000000 -2397.920000 896.000000) 
4 74 76 (2845.330000 -2397.920000 864.000000) (2845.330000 -2397.920000 896.000000) (2176.000000 -2397.920000 896.000000) (2176.000000 -2397.920000 864.000000) 
4 75 90 (2176.000000 -2336.000000 608.000000) (2176.000000 -2397.920000 608.000000) (2176.000000 -2397.920000 864.000000) (2176.000000 -2336.000000 864.000000) 
4 75 83 (2176.000000 -1312.000000 864.000000) (2176.000000 -1312.000000 608.000000) (2176.000000 -2112.000000 608.000000) (2176.000000 -2112.000000 864.000000) 
4 75 88 (2176.000000 -2112.000000 608.000000) (2176.000000 -2336.000000 608.000000) (2176.000000 -2336.000000 864.000000) (2176.000000 -2112.000000 864.000000) 
4 75 79 (2176.000000 -2336.000000 608.000000) (2176.000000 -1312.000000 608.000000) (2624.000000 -1312.000000 608.000000) (2624.000000 -2336.000000 608.000000) 
4 75 77 (2816.000000 -1312.000000 608.000000) (2845.330000 -1312.000000 608.000000) (2845.330000 -2397.920000 608.000000) (2816.000000 -2397.920000 608.000000) 
4 76 91 (2176.000000 -2397.920000 608.000000) (2176.000000 -2400.000000 608.000000) (2176.000000 -2400.000000 864.000000) (2176.000000 -2397.920000 864.000000) 
4 76 81 (2176.000000 -2400.000000 864.000000) (2176.000000 -2400.000000 896.000000) (2176.000000 -2397.920000 896.000000) (2176.000000 -2397.920000 864.000000) 
4 76 78 (2845.330000 -2400.000000 608.000000) (2816.000000 -2400.000000 608.000000) (2816.000000 -2397.920000 608.000000) (2845.330000 -2397.920000 608.000000) 
4 76 80 (2176.000000 -2400.000000 896.000000) (2176.000000 -2400.000000 608.000000) (2845.330000 -2400.000000 608.000000) (2845.330000 -2400.000000 896.000000) 
4 77 130 (2816.000000 -1312.000000 -32.000000) (2845.330000 -1312.000000 -32.000000) (2845.330000 -2397.920000 -32.000000) (2816.000000 -2397.920000 -32.000000) 
4 78 131 (2845.330000 -2397.920000 -32.000000) (2845.330000 -2400.000000 -32.000000) (2816.000000 -2400.000000 -32.000000) (2816.000000 -2397.920000 -32.000000) 
4 78 80 (2816.000000 -2400.000000 -32.000000) (2845.330000 -2400.000000 -32.000000) (2845.330000 -2400.000000 608.000000) (2816.000000 -2400.000000 608.000000) 
4 79 133 (2176.000000 -2336.000000 -32.000000) (2176.000000 -1312.000000 -32.000000) (2624.000000 -1312.000000 -32.000000) (2624.000000 -2336.000000 -32.000000) 
4 79 86 (2176.000000 -1312.000000 256.000000) (2176.000000 -1312.000000 192.000000) (2176.000000 -1344.000000 192.000000) (2176.000000 -1344.000000 256.000000) 
4 79 83 (2176.000000 -1312.000000 608.000000) (2176.000000 -1312.000000 480.000000) (2176.000000 -2112.000000 480.000000) (2176.000000 -2112.000000 608.000000) 
4 79 88 (2176.000000 -2112.000000 192.000000) (2176.000000 -2336.000000 192.000000) (2176.000000 -2336.000000 608.000000) (2176.000000 -2112.000000 608.000000) 
4 79 89 (2176.000000 -1312.000000 192.000000) (2176.000000 -1312.000000 -32.000000) (2176.000000 -2336.000000 -32.000000) (2176.000000 -2336.000000 192.000000) 
4 80 138 (2176.000000 -2432.000000 -32.000000) (2176.000000 -2400.000000 -32.000000) (2880.000000 -2400.000000 -32.000000) (2880.000000 -2432.000000 -32.000000) 
4 80 92 (2176.000000 -2400.000000 -32.000000) (2176.000000 -2432.000000 -32.000000) (2176.000000 -2432.000000 896.000000) (2176.000000 -2400.000000 896.000000) 
4 81 93 (1504.000000 -2397.920000 896.000000) (1504.000000 -1312.000000 896.000000) (1504.000000 -1312.000000 864.000000) (1504.000000 -2397.920000 864.000000) 
4 81 95 (1504.000000 -2400.000000 864.000000) (1504.000000 -2400.000000 896.000000) (1504.000000 -2397.920000 896.000000) (1504.000000 -2397.920000 864.000000) 
4 81 91 (1504.000000 -2400.000000 864.000000) (1504.000000 -2397.920000 864.000000) (2176.000000 -2397.920000 864.000000) (2176.000000 -2400.000000 864.000000) 
4 81 92 (2176.000000 -2400.000000 864.000000) (2176.000000 -2400.000000 896.000000) (1504.000000 -2400.000000 896.000000) (1504.000000 -2400.000000 864.000000) 
4 82 96 (1504.000000 -2336.000000 480.000000) (1504.000000 -2336.000000 608.000000) (1504.000000 -1312.000000 608.000000) (1504.000000 -1312.000000 480.000000) 
4 82 94 (1504.000000 -2336.000000 608.000000) (1504.000000 -2336.000000 864.000000) (1504.000000 -1312.000000 864.000000) (1504.000000 -1312.000000 608.000000) 
4 82 90 (1504.000000 -2336.000000 864.000000) (1504.000000 -2336.000000 608.000000) (1664.000000 -2336.000000 608.000000) (1984.000000 -2336.000000 864.000000) 
4 82 83 (1824.000000 -1312.000000 736.000000) (1984.000000 -1312.000000 864.000000) (1984.000000 -2112.000000 864.000000) (1824.000000 -2112.000000 736.000000) 
4 82 88 (1984.000000 -2336.000000 864.000000) (1504.000000 -2336.000000 480.000000) (1504.000000 -2112.000000 480.000000) (1984.000000 -2112.000000 864.000000) 
4 83 88 (2176.000000 -2112.000000 480.000000) (2176.000000 -2112.000000 864.000000) (1984.000000 -2112.000000 864.000000) (1824.000000 -2112.000000 736.000000) 
4 84 85 (1920.000000 -1344.000000 384.000000) (1792.000000 -1344.000000 384.000000) (1792.000000 -1344.000000 256.000000) (1920.000000 -1344.000000 256.000000) 
4 86 89 (2144.000000 -1312.000000 192.000000) (2176.000000 -1312.000000 192.000000) (2176.000000 -1344.000000 192.000000) (2144.000000 -1344.000000 192.000000) 
4 87 96 (1504.000000 -1312.000000 256.000000) (1504.000000 -1312.000000 192.000000) (1504.000000 -1344.000000 192.000000) (1504.000000 -1344.000000 256.000000) 
4 87 89 (1504.000000 -1344.000000 192.000000) (1504.000000 -1312.000000 192.000000) (1536.000000 -1312.000000 192.000000) (1536.000000 -1344.000000 192.000000) 
4 88 96 (1504.000000 -2336.000000 192.000000) (1504.000000 -2336.000000 480.000000) (1504.000000 -2112.000000 480.000000) (1504.000000 -2112.000000 192.000000) 
4 88 90 (2176.000000 -2336.000000 608.000000) (2176.000000 -2336.000000 864.000000) (1984.000000 -2336.000000 864.000000) (1664.000000 -2336.000000 608.000000) 
4 88 89 (1504.000000 -2336.000000 192.000000) (1504.000000 -2112.000000 192.000000) (2176.000000 -2112.000000 192.000000) (2176.000000 -2336.000000 192.000000) 
4 89 155 (1504.000000 -2336.000000 -32.000000) (1504.000000 -1312.000000 -32.000000) (1536.000000 -1312.000000 -32.000000) (1536.000000 -2336.000000 -32.000000) 
4 89 145 (1536.000000 -1312.000000 -32.000000) (2176.000000 -1312.000000 -32.000000) (2176.000000 -2336.000000 -32.000000) (1536.000000 -2336.000000 -32.000000) 
4 89 96 (1504.000000 -1312.000000 -32.000000) (1504.000000 -2336.000000 -32.000000) (1504.000000 -2336.000000 192.000000) (1504.000000 -1312.000000 192.000000) 
4 90 94 (1504.000000 -2397.920000 864.000000) (1504.000000 -2336.000000 864.000000) (1504.000000 -2336.000000 608.000000) (1504.000000 -2397.920000 608.000000) 
4 91 95 (1504.000000 -2400.000000 608.000000) (1504.000000 -2400.000000 864.000000) (1504.000000 -2397.920000 864.000000) (1504.000000 -2397.920000 608.000000) 
4 91 92 (2176.000000 -2400.000000 608.000000) (2176.000000 -2400.000000 864.000000) (1504.000000 -2400.000000 864.000000) (1504.000000 -2400.000000 608.000000) 
4 92 156 (1504.000000 -2432.000000 -32.000000) (1504.000000 -2400.000000 -32.000000) (1536.000000 -2400.000000 -32.000000) (1536.000000 -2432.000000 -32.000000) 
4 92 146 (1536.000000 -2400.000000 -32.000000) (2176.000000 -2400.000000 -32.000000) (2176.000000 -2432.000000 -32.000000) (1536.000000 -2432.000000 -32.000000) 
4 92 97 (1504.000000 -2400.000000 -32.000000) (1504.000000 -2432.000000 -32.000000) (1504.000000 -2432.000000 608.000000) (1504.000000 -2400.000000 608.000000) 
4 92 95 (1504.000000 -2432.000000 608.000000) (1504.000000 -2432.000000 896.000000) (1504.000000 -2400.000000 896.000000) (1504.000000 -2400.000000 608.000000) 
4 93 101 (864.000000 -2397.920000 896.000000) (864.000000 -1312.000000 896.000000) (864.000000 -1312.000000 864.000000) (864.000000 -2397.920000 864.000000) 
4 93 95 (864.000000 -2397.920000 896.000000) (864.000000 -2397.920000 864.000000) (1504.000000 -2397.920000 864.000000) (1504.000000 -2397.920000 896.000000) 
4 94 102 (864.000000 -1312.000000 864.000000) (864.000000 -1312.000000 608.000000) (864.000000 -2397.920000 608.000000) (864.000000 -2397.920000 864.000000) 
4 94 96 (864.000000 -2336.000000 608.000000) (864.000000 -1312.000000 608.000000) (1504.000000 -1312.000000 608.000000) (1504.000000 -2336.000000 608.000000) 
4 95 103 (864.000000 -2432.000000 608.000000) (864.000000 -2432.000000 864.000000) (864.000000 -2397.920000 864.000000) (864.000000 -2397.920000 608.000000) 
4 95 101 (864.000000 -2432.000000 864.000000) (864.000000 -2432.000000 896.000000) (864.000000 -2397.920000 896.000000) (864.000000 -2397.920000 864.000000) 
4 95 97 (864.000000 -2432.000000 608.000000) (864.000000 -2400.000000 608.000000) (1504.000000 -2400.000000 608.000000) (1504.000000 -2432.000000 608.000000) 
4 96 155 (864.000000 -2336.000000 -32.000000) (864.000000 -1312.000000 -32.000000) (1504.000000 -1312.000000 -32.000000) (1504.000000 -2336.000000 -32.000000) 
4 96 104 (864.000000 -1312.000000 -32.000000) (864.000000 -2336.000000 -32.000000) (864.000000 -2336.000000 608.000000) (864.000000 -1312.000000 608.000000) 
4 97 156 (864.000000 -2432.000000 -32.000000) (864.000000 -2400.000000 -32.000000) (1504.000000 -2400.000000 -32.000000) (1504.000000 -2432.000000 -32.000000) 
4 97 105 (864.000000 -2400.000000 -32.000000) (864.000000 -2432.000000 -32.000000) (864.000000 -2432.000000 608.000000) (864.000000 -2400.000000 608.000000) 
4 98 111 (-1888.000000 -1312.000000 864.000000) (-1888.000000 -1312.000000 896.000000) (-1888.000000 -832.000000 896.000000) (-1888.000000 -832.000000 864.000000) 
4 98 106 (-1888.000000 -832.000000 896.000000) (-1888.000000 -320.000000 896.000000) (-1888.000000 -320.000000 864.000000) (-1888.000000 -832.000000 864.000000) 
4 98 101 (864.000000 -1312.000000 864.000000) (864.000000 -1312.000000 896.000000) (-1888.000000 -1312.000000 896.000000) (-1888.000000 -1312.000000 864.000000) 
4 99 115 (-1888.000000 -1248.000000 160.000000) (-1888.000000 -1120.000000 160.000000) (-1888.000000 -1120.000000 32.000000) (-1888.000000 -1248.000000 32.000000) 
4 99 114 (-1888.000000 -1312.000000 395.636364) (-1888.000000 -1312.000000 608.000000) (-1888.000000 -1272.000000 608.000000) (-1888.000000 -1152.000000 512.000000) 
3 99 113 (-1888.000000 -1272.000000 608.000000) (-1888.000000 -832.000000 608.000000) (-1888.000000 -832.000000 256.000000) 
4 99 112 (-1888.000000 -1312.000000 608.000000) (-1888.000000 -1312.000000 864.000000) (-1888.000000 -832.000000 864.000000) (-1888.000000 -832.000000 608.000000) 
4 99 108 (-1888.000000 -320.000000 608.000000) (-1888.000000 -320.000000 32.000000) (-1888.000000 -832.000000 32.000000) (-1888.000000 -832.000000 608.000000) 
4 99 107 (-1888.000000 -832.000000 864.000000) (-1888.000000 -320.000000 864.000000) (-1888.000000 -320.000000 608.000000) (-1888.000000 -832.000000 608.000000) 
4 99 104 (864.000000 -1312.000000 32.000000) (864.000000 -1312.000000 608.000000) (-1888.000000 -1312.000000 608.000000) (-1888.000000 -1312.000000 32.000000) 
4 99 102 (864.000000 -1312.000000 608.000000) (864.000000 -1312.000000 864.000000) (-1888.000000 -1312.000000 864.000000) (-1888.000000 -1312.000000 608.000000) 
4 99 100 (-1888.000000 -1056.000000 32.000000) (-1888.000000 -320.000000 32.000000) (864.000000 -320.000000 32.000000) (864.000000 -1056.000000 32.000000) 
4 100 155 (-1888.000000 -1056.000000 -32.000000) (-1888.000000 -320.000000 -32.000000) (864.000000 -320.000000 -32.000000) (864.000000 -1056.000000 -32.000000) 
4 100 108 (-1888.000000 -320.000000 -32.000000) (-1888.000000 -832.000000 -32.000000) (-1888.000000 -832.000000 32.000000) (-1888.000000 -320.000000 32.000000) 
4 101 119 (-1888.000000 -2397.920000 896.000000) (-1888.000000 -1504.000000 896.000000) (-1888.000000 -1504.000000 864.000000) (-1888.000000 -2397.920000 864.000000) 
4 101 121 (-1888.000000 -2400.000000 896.000000) (-1888.000000 -2397.920000 896.000000) (-1888.000000 -2397.920000 864.000000) (-1888.000000 -2400.000000 864.000000) 
4 101 126 (-1888.000000 -2432.000000 864.000000) (-1888.000000 -2432.000000 896.000000) (-1888.000000 -2400.000000 896.000000) (-1888.000000 -2400.000000 864.000000) 
4 101 111 (-1888.000000 -1504.000000 896.000000) (-1888.000000 -1312.000000 896.000000) (-1888.000000 -1312.000000 864.000000) (-1888.000000 -1504.000000 864.000000) 
4 101 103 (-1888.000000 -2432.000000 864.000000) (-1888.000000 -2397.920000 864.000000) (864.000000 -2397.920000 864.000000) (864.000000 -2432.000000 864.000000) 
4 102 120 (-1888.000000 -2397.920000 864.000000) (-1888.000000 -1504.000000 864.000000) (-1888.000000 -1504.000000 608.000000) (-1888.000000 -2397.920000 608.000000) 
4 102 112 (-1888.000000 -1504.000000 864.000000) (-1888.000000 -1312.000000 864.000000) (-1888.000000 -1312.000000 608.000000) (-1888.000000 -1504.000000 608.000000) 
4 102 104 (-1888.000000 -2336.000000 608.000000) (-1888.000000 -1312.000000 608.000000) (864.000000 -1312.000000 608.000000) (864.000000 -2336.000000 608.000000) 
4 103 121 (-1888.000000 -2400.000000 864.000000) (-1888.000000 -2397.920000 864.000000) (-1888.000000 -2397.920000 608.000000) (-1888.000000 -2400.000000 608.000000) 
4 103 126 (-1888.000000 -2432.000000 608.000000) (-1888.000000 -2432.000000 864.000000) (-1888.000000 -2400.000000 864.000000) (-1888.000000 -2400.000000 608.000000) 
4 103 105 (-1888.000000 -2432.000000 608.000000) (-1888.000000 -2400.000000 608.000000) (864.000000 -2400.000000 608.000000) (864.000000 -2432.000000 608.000000) 
4 104 155 (-1888.000000 -2336.000000 -32.000000) (-1888.000000 -1312.000000 -32.000000) (864.000000 -1312.000000 -32.000000) (864.000000 -2336.000000 -32.000000) 
4 104 122 (-1888.000000 -1504.000000 -32.000000) (-1888.000000 -2336.000000 -32.000000) (-1888.000000 -2336.000000 608.000000) (-1888.000000 -1504.000000 608.000000) 
4 104 114 (-1888.000000 -1504.000000 256.000000) (-1888.000000 -1504.000000 608.000000) (-1888.000000 -1312.000000 608.000000) (-1888.000000 -1312.000000 395.636364) 
4 105 156 (-1888.000000 -2432.000000 -32.000000) (-1888.000000 -2400.000000 -32.000000) (864.000000 -2400.000000 -32.000000) (864.000000 -2432.000000 -32.000000) 
4 105 126 (-1888.000000 -2400.000000 -32.000000) (-1888.000000 -2432.000000 -32.000000) (-1888.000000 -2432.000000 608.000000) (-1888.000000 -2400.000000 608.000000) 
4 106 111 (-1888.000000 -832.000000 864.000000) (-1888.000000 -832.000000 896.000000) (-2909.330000 -832.000000 896.000000) (-2909.330000 -832.000000 864.000000) 
4 106 110 (-2909.330000 -320.000000 896.000000) (-2909.330000 -320.000000 864.000000) (-2909.330000 -832.000000 864.000000) (-2909.330000 -832.000000 896.000000) 
4 107 112 (-1888.000000 -832.000000 608.000000) (-1888.000000 -832.000000 864.000000) (-2909.330000 -832.000000 864.000000) (-2909.330000 -832.000000 608.000000) 
4 107 109 (-2909.330000 -320.000000 608.000000) (-2880.000000 -320.000000 608.000000) (-2880.000000 -832.000000 608.000000) (-2909.330000 -832.000000 608.000000) 
4 107 108 (-2688.000000 -320.000000 608.000000) (-1888.000000 -320.000000 608.000000) (-1888.000000 -832.000000 608.000000) (-2688.000000 -832.000000 608.000000) 
4 108 155 (-2688.000000 -320.000000 -32.000000) (-1888.000000 -320.000000 -32.000000) (-1888.000000 -832.000000 -32.000000) (-2688.000000 -832.000000 -32.000000) 
4 108 113 (-1888.000000 -832.000000 256.000000) (-1888.000000 -832.000000 608.000000) (-2688.000000 -832.000000 608.000000) (-2688.000000 -832.000000 256.000000) 
4 109 157 (-2909.330000 -320.000000 -32.000000) (-2880.000000 -320.000000 -32.000000) (-2880.000000 -832.000000 -32.000000) (-2909.330000 -832.000000 -32.000000) 
4 109 117 (-2909.330000 -832.000000 -32.000000) (-2880.000000 -832.000000 -32.000000) (-2880.000000 -832.000000 608.000000) (-2909.330000 -832.000000 608.000000) 
4 110 159 (-2944.000000 -320.000000 -32.000000) (-2909.330000 -320.000000 -32.000000) (-2909.330000 -832.000000 -32.000000) (-2944.000000 -832.000000 -32.000000) 
4 110 118 (-2944.000000 -832.000000 -32.000000) (-2909.330000 -832.000000 -32.000000) (-2909.330000 -832.000000 896.000000) (-2944.000000 -832.000000 896.000000) 
4 111 119 (-1888.000000 -1504.000000 864.000000) (-1888.000000 -1504.000000 896.000000) (-2909.330000 -1504.000000 896.000000) (-2909.330000 -1504.000000 864.000000) 
4 111 118 (-2909.330000 -832.000000 896.000000) (-2909.330000 -832.000000 864.000000) (-2909.330000 -1504.000000 864.000000) (-2909.330000 -1504.000000 896.000000) 
4 112 120 (-1888.000000 -1504.000000 608.000000) (-1888.000000 -1504.000000 864.000000) (-2909.330000 -1504.000000 864.000000) (-2909.330000 -1504.000000 608.000000) 
4 112 117 (-2880.000000 -1504.000000 608.000000) (-2909.330000 -1504.000000 608.000000) (-2909.330000 -832.000000 608.000000) (-2880.000000 -832.000000 608.000000) 
4 112 114 (-1888.000000 -1504.000000 608.000000) (-2688.000000 -1504.000000 608.000000) (-2688.000000 -1272.000000 608.000000) (-1888.000000 -1272.000000 608.000000) 
4 112 113 (-2688.000000 -1272.000000 608.000000) (-2688.000000 -832.000000 608.000000) (-1888.000000 -832.000000 608.000000) (-1888.000000 -1272.000000 608.000000) 
4 113 114 (-1888.000000 -1152.000000 512.000000) (-1888.000000 -1272.000000 608.000000) (-2688.000000 -1272.000000 608.000000) (-2688.000000 -1152.000000 512.000000) 
4 114 122 (-1888.000000 -1504.000000 256.000000) (-1888.000000 -1504.000000 608.000000) (-2688.000000 -1504.000000 608.000000) (-2688.000000 -1504.000000 256.000000) 
4 115 116 (-1920.000000 -1120.000000 32.000000) (-1920.000000 -1248.000000 32.000000) (-1920.000000 -1248.000000 160.000000) (-1920.000000 -1120.000000 160.000000) 
4 117 157 (-2909.330000 -832.000000 -32.000000) (-2880.000000 -832.000000 -32.000000) (-2880.000000 -1504.000000 -32.000000) (-2909.330000 -1504.000000 -32.000000) 
4 117 123 (-2909.330000 -1504.000000 -32.000000) (-2880.000000 -1504.000000 -32.000000) (-2880.000000 -1504.000000 608.000000) (-2909.330000 -1504.000000 608.000000) 
4 118 159 (-2944.000000 -832.000000 -32.000000) (-2909.330000 -832.000000 -32.000000) (-2909.330000 -1504.000000 -32.000000) (-2944.000000 -1504.000000 -32.000000) 
4 118 125 (-2944.000000 -1504.000000 -32.000000) (-2909.330000 -1504.000000 -32.000000) (-2909.330000 -1504.000000 896.000000) (-2944.000000 -1504.000000 896.000000) 
4 119 121 (-2909.330000 -2397.920000 896.000000) (-2909.330000 -2397.920000 864.000000) (-1888.000000 -2397.920000 864.000000) (-1888.000000 -2397.920000 896.000000) 
4 119 125 (-2909.330000 -1504.000000 896.000000) (-2909.330000 -1504.000000 864.000000) (-2909.330000 -2397.920000 864.000000) (-2909.330000 -2397.920000 896.000000) 
4 120 123 (-2909.330000 -2397.920000 608.000000) (-2909.330000 -1504.000000 608.000000) (-2880.000000 -1504.000000 608.000000) (-2880.000000 -2397.920000 608.000000) 
4 120 122 (-2688.000000 -1504.000000 608.000000) (-1888.000000 -1504.000000 608.000000) (-1888.000000 -2336.000000 608.000000) (-2688.000000 -2336.000000 608.000000) 
4 121 124 (-2880.000000 -2400.000000 608.000000) (-2909.330000 -2400.000000 608.000000) (-2909.330000 -2397.920000 608.000000) (-2880.000000 -2397.920000 608.000000) 
4 121 126 (-1888.000000 -2400.000000 608.000000) (-1888.000000 -2400.000000 896.000000) (-2909.330000 -2400.000000 896.000000) (-2909.330000 -2400.000000 608.000000) 
4 121 125 (-2909.330000 -2397.920000 608.000000) (-2909.330000 -2400.000000 608.000000) (-2909.330000 -2400.000000 896.000000) (-2909.330000 -2397.920000 896.000000) 
4 122 155 (-2688.000000 -1504.000000 -32.000000) (-1888.000000 -1504.000000 -32.000000) (-1888.000000 -2336.000000 -32.000000) (-2688.000000 -2336.000000 -32.000000) 
4 123 157 (-2909.330000 -1504.000000 -32.000000) (-2880.000000 -1504.000000 -32.000000) (-2880.000000 -2397.920000 -32.000000) (-2909.330000 -2397.920000 -32.000000) 
4 124 158 (-2880.000000 -2397.920000 -32.000000) (-2880.000000 -2400.000000 -32.000000) (-2909.330000 -2400.000000 -32.000000) (-2909.330000 -2397.920000 -32.000000) 
4 124 126 (-2909.330000 -2400.000000 -32.000000) (-2880.000000 -2400.000000 -32.000000) (-2880.000000 -2400.000000 608.000000) (-2909.330000 -2400.000000 608.000000) 
4 124 125 (-2909.330000 -2397.920000 -32.000000) (-2909.330000 -2400.000000 -32.000000) (-2909.330000 -2400.000000 608.000000) (-2909.330000 -2397.920000 608.000000) 
4 125 159 (-2944.000000 -2400.000000 -32.000000) (-2944.000000 -1504.000000 -32.000000) (-2909.330000 -1504.000000 -32.000000) (-2909.330000 -2400.000000 -32.000000) 
4 125 126 (-2944.000000 -2400.000000 -32.000000) (-2909.330000 -2400.000000 -32.000000) (-2909.330000 -2400.000000 896.000000) (-2944.000000 -2400.000000 896.000000) 
4 126 158 (-2909.330000 -2400.000000 -32.000000) (-2880.000000 -2400.000000 -32.000000) (-2880.000000 -2432.000000 -32.000000) (-2909.330000 -2432.000000 -32.000000) 
4 126 159 (-2944.000000 -2432.000000 -32.000000) (-2944.000000 -2400.000000 -32.000000) (-2909.330000 -2400.000000 -32.000000) (-2909.330000 -2432.000000 -32.000000) 
4 126 156 (-2880.000000 -2400.000000 -32.000000) (-1888.000000 -2400.000000 -32.000000) (-1888.000000 -2432.000000 -32.000000) (-2880.000000 -2432.000000 -32.000000) 
4 127 160 (2176.000000 2816.000000 -736.000000) (2176.000000 2816.000000 -1312.000000) (2176.000000 2784.000000 -1312.000000) (2176.000000 2784.000000 -736.000000) 
4 127 139 (2176.000000 2784.000000 -32.000000) (2176.000000 2816.000000 -32.000000) (2176.000000 2816.000000 -736.000000) (2176.000000 2784.000000 -736.000000) 
4 127 129 (2845.330000 2784.000000 -32.000000) (2816.000000 2784.000000 -32.000000) (2816.000000 2784.000000 -1280.000000) (2845.330000 2784.000000 -1280.000000) 
4 127 128 (2880.000000 2784.000000 -1280.000000) (2880.000000 2784.000000 -32.000000) (2845.330000 2784.000000 -32.000000) (2845.330000 2784.000000 -1280.000000) 
4 127 132 (2816.000000 2784.000000 -1312.000000) (2880.000000 2784.000000 -1312.000000) (2880.000000 2784.000000 -1280.000000) (2816.000000 2784.000000 -1280.000000) 
4 128 129 (2845.330000 2784.000000 -32.000000) (2845.330000 2784.000000 -1280.000000) (2845.330000 2781.920000 -1280.000000) (2845.330000 2781.920000 -32.000000) 
4 128 131 (2845.330000 -2397.920000 -1280.000000) (2845.330000 -2400.000000 -1280.000000) (2845.330000 -2400.000000 -32.000000) (2845.330000 -2397.920000 -32.000000) 
4 128 132 (2845.330000 2784.000000 -1280.000000) (2880.000000 2784.000000 -1280.000000) (2880.000000 -2400.000000 -1280.000000) (2845.330000 -2400.000000 -1280.000000) 
4 128 138 (2880.000000 -2400.000000 -1280.000000) (2880.000000 -2400.000000 -32.000000) (2845.330000 -2400.000000 -32.000000) (2845.330000 -2400.000000 -1280.000000) 
4 129 132 (2816.000000 2784.000000 -1280.000000) (2845.330000 2784.000000 -1280.000000) (2845.330000 2781.920000 -1280.000000) (2816.000000 2781.920000 -1280.000000) 
4 131 138 (2845.330000 -2400.000000 -32.000000) (2816.000000 -2400.000000 -32.000000) (2816.000000 -2400.000000 -1280.000000) (2845.330000 -2400.000000 -1280.000000) 
4 131 132 (2845.330000 -2397.920000 -1280.000000) (2845.330000 -2400.000000 -1280.000000) (2816.000000 -2400.000000 -1280.000000) (2816.000000 -2397.920000 -1280.000000) 
4 132 138 (2816.000000 -2400.000000 -1312.000000) (2880.000000 -2400.000000 -1312.000000) (2880.000000 -2400.000000 -1280.000000) (2816.000000 -2400.000000 -1280.000000) 
4 133 179 (2176.000000 -1056.000000 -960.000000) (2176.000000 -2336.000000 -960.000000) (2176.000000 -2336.000000 -736.000000) (2176.000000 -1056.000000 -736.000000) 
4 133 164 (2176.000000 1536.000000 -960.000000) (2176.000000 -1056.000000 -960.000000) (2176.000000 -1056.000000 -800.000000) (2176.000000 1536.000000 -800.000000) 
4 133 161 (2176.000000 2720.000000 -736.000000) (2176.000000 2720.000000 -960.000000) (2176.000000 1536.000000 -960.000000) (2176.000000 1536.000000 -736.000000) 
4 133 145 (2176.000000 -2336.000000 -32.000000) (2176.000000 736.000000 -32.000000) (2176.000000 736.000000 -736.000000) (2176.000000 -2336.000000 -736.000000) 
4 133 141 (2176.000000 736.000000 -32.000000) (2176.000000 1536.000000 -32.000000) (2176.000000 1536.000000 -736.000000) (2176.000000 736.000000 -736.000000) 
4 133 140 (2176.000000 1536.000000 -32.000000) (2176.000000 2720.000000 -32.000000) (2176.000000 2720.000000 -736.000000) (2176.000000 1536.000000 -736.000000) 
4 133 134 (2592.000000 2720.000000 -960.000000) (2624.000000 2720.000000 -960.000000) (2624.000000 -2304.000000 -960.000000) (2592.000000 -2304.000000 -960.000000) 
4 133 136 (2624.000000 -2336.000000 -960.000000) (2176.000000 -2336.000000 -960.000000) (2176.000000 -2304.000000 -960.000000) (2624.000000 -2304.000000 -960.000000) 
4 134 135 (2592.000000 2720.000000 -1024.000000) (2624.000000 2720.000000 -1024.000000) (2624.000000 -2304.000000 -1024.000000) (2592.000000 -2304.000000 -1024.000000) 
4 134 136 (2592.000000 -2304.000000 -1024.000000) (2624.000000 -2304.000000 -1024.000000) (2624.000000 -2304.000000 -960.000000) (2592.000000 -2304.000000 -960.000000) 
4 135 180 (2176.000000 -1056.000000 -1280.000000) (2176.000000 -2304.000000 -1280.000000) (2176.000000 -2304.000000 -1024.000000) (2176.000000 -1056.000000 -1024.000000) 
4 135 165 (2176.000000 1536.000000 -1280.000000) (2176.000000 -1056.000000 -1280.000000) (2176.000000 -1056.000000 -1024.000000) (2176.000000 1536.000000 -1024.000000) 
4 135 162 (2176.000000 2720.000000 -1024.000000) (2176.000000 2720.000000 -1280.000000) (2176.000000 1536.000000 -1280.000000) (2176.000000 1536.000000 -1024.000000) 
4 135 136 (2176.000000 -2304.000000 -1024.000000) (2176.000000 -2304.000000 -1280.000000) (2624.000000 -2304.000000 -1280.000000) (2624.000000 -2304.000000 -1024.000000) 
4 136 181 (2176.000000 -2304.000000 -1280.000000) (2176.000000 -2336.000000 -1280.000000) (2176.000000 -2336.000000 -960.000000) (2176.000000 -2304.000000 -960.000000) 
4 137 182 (2176.000000 -1056.000000 -1312.000000) (2176.000000 -2336.000000 -1312.000000) (2176.000000 -2336.000000 -1280.000000) (2176.000000 -1056.000000 -1280.000000) 
4 137 166 (2176.000000 1536.000000 -1312.000000) (2176.000000 -1056.000000 -1312.000000) (2176.000000 -1056.000000 -1280.000000) (2176.000000 1536.000000 -1280.000000) 
4 137 163 (2176.000000 2720.000000 -1280.000000) (2176.000000 2720.000000 -1312.000000) (2176.000000 1536.000000 -1312.000000) (2176.000000 1536.000000 -1280.000000) 
4 138 187 (2176.000000 -2400.000000 -736.000000) (2176.000000 -2400.000000 -1312.000000) (2176.000000 -2432.000000 -1312.000000) (2176.000000 -2432.000000 -736.000000) 
4 138 146 (2176.000000 -2432.000000 -32.000000) (2176.000000 -2400.000000 -32.000000) (2176.000000 -2400.000000 -736.000000) (2176.000000 -2432.000000 -736.000000) 
4 139 160 (2176.000000 2816.000000 -736.000000) (2176.000000 2784.000000 -736.000000) (1536.000000 2784.000000 -736.000000) (1536.000000 2816.000000 -736.000000) 
4 139 147 (1536.000000 2784.000000 -32.000000) (1536.000000 2816.000000 -32.000000) (1536.000000 2816.000000 -736.000000) (1536.000000 2784.000000 -736.000000) 
4 140 161 (2176.000000 2720.000000 -736.000000) (2176.000000 1536.000000 -736.000000) (1536.000000 1536.000000 -736.000000) (1536.000000 2720.000000 -736.000000) 
4 140 148 (1536.000000 1536.000000 -32.000000) (1536.000000 2720.000000 -32.000000) (1536.000000 2720.000000 -736.000000) (1536.000000 1536.000000 -736.000000) 
4 140 143 (1568.000000 1536.000000 -736.000000) (2112.000000 1536.000000 -736.000000) (2112.000000 1536.000000 -32.000000) (1568.000000 1536.000000 -32.000000) 
4 140 141 (2144.000000 1536.000000 -736.000000) (2176.000000 1536.000000 -736.000000) (2176.000000 1536.000000 -32.000000) (2144.000000 1536.000000 -32.000000) 
4 141 145 (2144.000000 736.000000 -736.000000) (2176.000000 736.000000 -736.000000) (2176.000000 736.000000 -32.000000) (2144.000000 736.000000 -32.000000) 
4 141 142 (2144.000000 1504.000000 -736.000000) (2144.000000 768.000000 -736.000000) (2144.000000 768.000000 -32.000000) (2144.000000 1504.000000 -32.000000) 
4 142 143 (2112.000000 1504.000000 -736.000000) (2112.000000 768.000000 -736.000000) (2112.000000 768.000000 -32.000000) (2112.000000 1504.000000 -32.000000) 
4 143 145 (1568.000000 736.000000 -736.000000) (2112.000000 736.000000 -736.000000) (2112.000000 736.000000 -32.000000) (1568.000000 736.000000 -32.000000) 
4 143 144 (1568.000000 1504.000000 -736.000000) (1568.000000 768.000000 -736.000000) (1568.000000 768.000000 -32.000000) (1568.000000 1504.000000 -32.000000) 
4 144 148 (1536.000000 768.000000 -32.000000) (1536.000000 1504.000000 -32.000000) (1536.000000 1504.000000 -736.000000) (1536.000000 768.000000 -736.000000) 
4 145 179 (2176.000000 -1056.000000 -736.000000) (2176.000000 -2336.000000 -736.000000) (1536.000000 -2336.000000 -736.000000) (1536.000000 -1056.000000 -736.000000) 
4 145 155 (1536.000000 -2336.000000 -32.000000) (1536.000000 -320.000000 -32.000000) (1536.000000 -320.000000 -736.000000) (1536.000000 -2336.000000 -736.000000) 
4 146 187 (2176.000000 -2400.000000 -736.000000) (2176.000000 -2432.000000 -736.000000) (1536.000000 -2432.000000 -736.000000) (1536.000000 -2400.000000 -736.000000) 
4 146 156 (1536.000000 -2432.000000 -32.000000) (1536.000000 -2400.000000 -32.000000) (1536.000000 -2400.000000 -736.000000) (1536.000000 -2432.000000 -736.000000) 
4 147 175 (-2880.000000 2784.000000 -736.000000) (-2909.330000 2784.000000 -736.000000) (-2909.330000 2816.000000 -736.000000) (-2880.000000 2816.000000 -736.000000) 
4 147 178 (-2909.330000 2784.000000 -736.000000) (-2944.000000 2784.000000 -736.000000) (-2944.000000 2816.000000 -736.000000) (-2909.330000 2816.000000 -736.000000) 
4 147 171 (-2240.000000 2784.000000 -736.000000) (-2880.000000 2784.000000 -736.000000) (-2880.000000 2816.000000 -736.000000) (-2240.000000 2816.000000 -736.000000) 
4 147 160 (1536.000000 2816.000000 -736.000000) (1536.000000 2784.000000 -736.000000) (-2240.000000 2784.000000 -736.000000) (-2240.000000 2816.000000 -736.000000) 
4 147 149 (-2944.000000 2784.000000 -736.000000) (-2880.000000 2784.000000 -736.000000) (-2880.000000 2784.000000 -32.000000) (-2944.000000 2784.000000 -32.000000) 
4 148 172 (-2240.000000 768.000000 -736.000000) (-2688.000000 768.000000 -736.000000) (-2688.000000 2720.000000 -736.000000) (-2240.000000 2720.000000 -736.000000) 
4 148 167 (-2240.000000 1504.000000 -736.000000) (-2240.000000 1536.000000 -736.000000) (-448.000000 1536.000000 -736.000000) (-448.000000 1504.000000 -736.000000) 
4 148 161 (1536.000000 2720.000000 -736.000000) (1536.000000 1536.000000 -736.000000) (-2240.000000 1536.000000 -736.000000) (-2240.000000 2720.000000 -736.000000) 
4 148 152 (-2688.000000 768.000000 -736.000000) (-448.000000 768.000000 -736.000000) (1370.666667 768.000000 -32.000000) (-2688.000000 768.000000 -32.000000) 
4 149 175 (-2909.330000 2784.000000 -736.000000) (-2880.000000 2784.000000 -736.000000) (-2880.000000 2781.920000 -736.000000) (-2909.330000 2781.920000 -736.000000) 
4 149 178 (-2944.000000 2781.920000 -736.000000) (-2944.000000 2784.000000 -736.000000) (-2909.330000 2784.000000 -736.000000) (-2909.330000 2781.920000 -736.000000) 
4 149 151 (-2944.000000 2781.920000 -736.000000) (-2909.330000 2781.920000 -736.000000) (-2909.330000 2781.920000 -32.000000) (-2944.000000 2781.920000 -32.000000) 
4 150 176 (-2880.000000 768.000000 -736.000000) (-2909.330000 768.000000 -736.000000) (-2909.330000 2781.920000 -736.000000) (-2880.000000 2781.920000 -736.000000) 
4 150 153 (-2909.330000 768.000000 -736.000000) (-2880.000000 768.000000 -736.000000) (-2880.000000 768.000000 -32.000000) (-2909.330000 768.000000 -32.000000) 
4 151 178 (-2909.330000 768.000000 -736.000000) (-2944.000000 768.000000 -736.000000) (-2944.000000 2781.920000 -736.000000) (-2909.330000 2781.920000 -736.000000) 
4 151 154 (-2944.000000 768.000000 -736.000000) (-2909.330000 768.000000 -736.000000) (-2909.330000 768.000000 -32.000000) (-2944.000000 768.000000 -32.000000) 
4 152 172 (-2240.000000 -320.000000 -736.000000) (-2688.000000 -320.000000 -736.000000) (-2688.000000 768.000000 -736.000000) (-2240.000000 768.000000 -736.000000) 
4 152 155 (1370.666667 -320.000000 -32.000000) (-2688.000000 -320.000000 -32.000000) (-2688.000000 -320.000000 -736.000000) (-448.000000 -320.000000 -736.000000) 
4 153 176 (-2880.000000 -320.000000 -736.000000) (-2909.330000 -320.000000 -736.000000) (-2909.330000 768.000000 -736.000000) (-2880.000000 768.000000 -736.000000) 
4 153 157 (-2880.000000 -320.000000 -32.000000) (-2909.330000 -320.000000 -32.000000) (-2909.330000 -320.000000 -736.000000) (-2880.000000 -320.000000 -736.000000) 
4 154 178 (-2909.330000 -320.000000 -736.000000) (-2944.000000 -320.000000 -736.000000) (-2944.000000 768.000000 -736.000000) (-2909.330000 768.000000 -736.000000) 
4 154 159 (-2909.330000 -320.000000 -32.000000) (-2944.000000 -320.000000 -32.000000) (-2944.000000 -320.000000 -736.000000) (-2909.330000 -320.000000 -736.000000) 
4 155 179 (1536.000000 -1056.000000 -736.000000) (1536.000000 -2336.000000 -736.000000) (-2688.000000 -2336.000000 -736.000000) (-2688.000000 -1056.000000 -736.000000) 
4 155 172 (-2240.000000 -1056.000000 -736.000000) (-2688.000000 -1056.000000 -736.000000) (-2688.000000 -320.000000 -736.000000) (-2240.000000 -320.000000 -736.000000) 
4 156 187 (1536.000000 -2400.000000 -736.000000) (1536.000000 -2432.000000 -736.000000) (-2880.000000 -2432.000000 -736.000000) (-2880.000000 -2400.000000 -736.000000) 
4 156 158 (-2880.000000 -2400.000000 -736.000000) (-2880.000000 -2432.000000 -736.000000) (-2880.000000 -2432.000000 -32.000000) (-2880.000000 -2400.000000 -32.000000) 
4 157 183 (-2909.330000 -2397.920000 -736.000000) (-2909.330000 -1056.000000 -736.000000) (-2880.000000 -1056.000000 -736.000000) (-2880.000000 -2397.920000 -736.000000) 
4 157 176 (-2909.330000 -1056.000000 -736.000000) (-2909.330000 -320.000000 -736.000000) (-2880.000000 -320.000000 -736.000000) (-2880.000000 -1056.000000 -736.000000) 
4 158 187 (-2880.000000 -2432.000000 -736.000000) (-2909.330000 -2432.000000 -736.000000) (-2909.330000 -2400.000000 -736.000000) (-2880.000000 -2400.000000 -736.000000) 
4 158 184 (-2909.330000 -2400.000000 -736.000000) (-2909.330000 -2397.920000 -736.000000) (-2880.000000 -2397.920000 -736.000000) (-2880.000000 -2400.000000 -736.000000) 
4 158 159 (-2909.330000 -2397.920000 -736.000000) (-2909.330000 -2432.000000 -736.000000) (-2909.330000 -2432.000000 -32.000000) (-2909.330000 -2397.920000 -32.000000) 
4 159 187 (-2909.330000 -2432.000000 -736.000000) (-2944.000000 -2432.000000 -736.000000) (-2944.000000 -2400.000000 -736.000000) (-2909.330000 -2400.000000 -736.000000) 
4 159 186 (-2944.000000 -2400.000000 -736.000000) (-2944.000000 -1056.000000 -736.000000) (-2909.330000 -1056.000000 -736.000000) (-2909.330000 -2400.000000 -736.000000) 
4 159 178 (-2944.000000 -1056.000000 -736.000000) (-2944.000000 -320.000000 -736.000000) (-2909.330000 -320.000000 -736.000000) (-2909.330000 -1056.000000 -736.000000) 
4 160 171 (-2240.000000 2816.000000 -1312.000000) (-2240.000000 2784.000000 -1312.000000) (-2240.000000 2784.000000 -736.000000) (-2240.000000 2816.000000 -736.000000) 
4 161 172 (-2240.000000 1536.000000 -960.000000) (-2240.000000 1536.000000 -736.000000) (-2240.000000 2720.000000 -736.000000) (-2240.000000 2720.000000 -960.000000) 
4 161 167 (-448.000000 1536.000000 -736.000000) (-2240.000000 1536.000000 -736.000000) (-2240.000000 1536.000000 -960.000000) (-448.000000 1536.000000 -960.000000) 
4 161 164 (2176.000000 1536.000000 -960.000000) (2176.000000 1536.000000 -800.000000) (-448.000000 1536.000000 -800.000000) (-448.000000 1536.000000 -960.000000) 
4 162 173 (-2240.000000 1536.000000 -1280.000000) (-2240.000000 1536.000000 -1024.000000) (-2240.000000 2720.000000 -1024.000000) (-2240.000000 2720.000000 -1280.000000) 
4 162 169 (-448.000000 1536.000000 -1024.000000) (-2240.000000 1536.000000 -1024.000000) (-2240.000000 1536.000000 -1280.000000) (-448.000000 1536.000000 -1280.000000) 
4 162 165 (2176.000000 1536.000000 -1280.000000) (2176.000000 1536.000000 -1024.000000) (-448.000000 1536.000000 -1024.000000) (-448.000000 1536.000000 -1280.000000) 
4 163 174 (-2240.000000 2720.000000 -1312.000000) (-2240.000000 1536.000000 -1312.000000) (-2240.000000 1536.000000 -1280.000000) (-2240.000000 2720.000000 -1280.000000) 
4 163 170 (-448.000000 1536.000000 -1280.000000) (-2240.000000 1536.000000 -1280.000000) (-2240.000000 1536.000000 -1312.000000) (-448.000000 1536.000000 -1312.000000) 
4 163 166 (2176.000000 1536.000000 -1312.000000) (2176.000000 1536.000000 -1280.000000) (-448.000000 1536.000000 -1280.000000) (-448.000000 1536.000000 -1312.000000) 
4 164 179 (-448.000000 -1056.000000 -800.000000) (-448.000000 -1056.000000 -960.000000) (2176.000000 -1056.000000 -960.000000) (2176.000000 -1056.000000 -800.000000) 
4 164 168 (-448.000000 1504.000000 -960.000000) (-448.000000 -1056.000000 -960.000000) (-448.000000 -1056.000000 -800.000000) (-448.000000 1504.000000 -800.000000) 
4 164 167 (-448.000000 1536.000000 -800.000000) (-448.000000 1536.000000 -960.000000) (-448.000000 1504.000000 -960.000000) (-448.000000 1504.000000 -800.000000) 
4 165 180 (-448.000000 -1056.000000 -1024.000000) (-448.000000 -1056.000000 -1280.000000) (2176.000000 -1056.000000 -1280.000000) (2176.000000 -1056.000000 -1024.000000) 
4 165 169 (-448.000000 1536.000000 -1024.000000) (-448.000000 1536.000000 -1280.000000) (-448.000000 -1056.000000 -1280.000000) (-448.000000 -1056.000000 -1024.000000) 
4 166 182 (-448.000000 -1056.000000 -1280.000000) (-448.000000 -1056.000000 -1312.000000) (2176.000000 -1056.000000 -1312.000000) (2176.000000 -1056.000000 -1280.000000) 
4 166 170 (-448.000000 1536.000000 -1280.000000) (-448.000000 1536.000000 -1312.000000) (-448.000000 -1056.000000 -1312.000000) (-448.000000 -1056.000000 -1280.000000) 
4 167 172 (-2240.000000 1504.000000 -736.000000) (-2240.000000 1536.000000 -736.000000) (-2240.000000 1536.000000 -960.000000) (-2240.000000 1504.000000 -960.000000) 
4 167 168 (-448.000000 1504.000000 -960.000000) (-448.000000 1504.000000 -800.000000) (-2240.000000 1504.000000 -800.000000) (-2240.000000 1504.000000 -960.000000) 
4 168 179 (-2240.000000 -1056.000000 -800.000000) (-2240.000000 -1056.000000 -960.000000) (-448.000000 -1056.000000 -960.000000) (-448.000000 -1056.000000 -800.000000) 
4 168 172 (-2240.000000 -1056.000000 -960.000000) (-2240.000000 -1056.000000 -800.000000) (-2240.000000 1504.000000 -800.000000) (-2240.000000 1504.000000 -960.000000) 
4 169 180 (-2240.000000 -1056.000000 -1024.000000) (-2240.000000 -1056.000000 -1280.000000) (-448.000000 -1056.000000 -1280.000000) (-448.000000 -1056.000000 -1024.000000) 
4 169 173 (-2240.000000 -1056.000000 -1280.000000) (-2240.000000 -1056.000000 -1024.000000) (-2240.000000 1536.000000 -1024.000000) (-2240.000000 1536.000000 -1280.000000) 
4 170 182 (-2240.000000 -1056.000000 -1280.000000) (-2240.000000 -1056.000000 -1312.000000) (-448.000000 -1056.000000 -1312.000000) (-448.000000 -1056.000000 -1280.000000) 
4 170 174 (-2240.000000 -1056.000000 -1312.000000) (-2240.000000 -1056.000000 -1280.000000) (-2240.000000 1536.000000 -1280.000000) (-2240.000000 1536.000000 -1312.000000) 
4 171 175 (-2880.000000 2784.000000 -1280.000000) (-2880.000000 2784.000000 -736.000000) (-2880.000000 2816.000000 -736.000000) (-2880.000000 2816.000000 -1280.000000) 
4 171 177 (-2880.000000 2816.000000 -1312.000000) (-2880.000000 2784.000000 -1312.000000) (-2880.000000 2784.000000 -1280.000000) (-2880.000000 2816.000000 -1280.000000) 
4 172 179 (-2240.000000 -1056.000000 -736.000000) (-2688.000000 -1056.000000 -736.000000) (-2688.000000 -1056.000000 -960.000000) (-2240.000000 -1056.000000 -960.000000) 
4 173 180 (-2688.000000 -1056.000000 -1024.000000) (-2688.000000 -1056.000000 -1280.000000) (-2240.000000 -1056.000000 -1280.000000) (-2240.000000 -1056.000000 -1024.000000) 
4 174 182 (-2688.000000 -1056.000000 -1280.000000) (-2688.000000 -1056.000000 -1312.000000) (-2240.000000 -1056.000000 -1312.000000) (-2240.000000 -1056.000000 -1280.000000) 
4 175 177 (-2909.330000 2816.000000 -1280.000000) (-2880.000000 2816.000000 -1280.000000) (-2880.000000 2781.920000 -1280.000000) (-2909.330000 2781.920000 -1280.000000) 
4 175 178 (-2909.330000 2781.920000 -736.000000) (-2909.330000 2816.000000 -736.000000) (-2909.330000 2816.000000 -1280.000000) (-2909.330000 2781.920000 -1280.000000) 
4 176 183 (-2880.000000 -1056.000000 -736.000000) (-2909.330000 -1056.000000 -736.000000) (-2909.330000 -1056.000000 -1280.000000) (-2880.000000 -1056.000000 -1280.000000) 
4 177 185 (-2909.330000 -1056.000000 -1280.000000) (-2909.330000 -1056.000000 -1312.000000) (-2880.000000 -1056.000000 -1312.000000) (-2880.000000 -1056.000000 -1280.000000) 
4 177 178 (-2909.330000 2816.000000 -1312.000000) (-2909.330000 -1056.000000 -1312.000000) (-2909.330000 -1056.000000 -1280.000000) (-2909.330000 2816.000000 -1280.000000) 
4 178 186 (-2909.330000 -1056.000000 -736.000000) (-2944.000000 -1056.000000 -736.000000) (-2944.000000 -1056.000000 -1312.000000) (-2909.330000 -1056.000000 -1312.000000) 
4 179 181 (2176.000000 -2336.000000 -960.000000) (-2688.000000 -2336.000000 -960.000000) (-2688.000000 -2304.000000 -960.000000) (2176.000000 -2304.000000 -960.000000) 
4 180 181 (-2688.000000 -2304.000000 -1024.000000) (-2688.000000 -2304.000000 -1280.000000) (2176.000000 -2304.000000 -1280.000000) (2176.000000 -2304.000000 -1024.000000) 
4 184 187 (-2880.000000 -2400.000000 -1280.000000) (-2880.000000 -2400.000000 -736.000000) (-2909.330000 -2400.000000 -736.000000) (-2909.330000 -2400.000000 -1280.000000) 
4 184 185 (-2880.000000 -2397.920000 -1280.000000) (-2880.000000 -2400.000000 -1280.000000) (-2909.330000 -2400.000000 -1280.000000) (-2909.330000 -2397.920000 -1280.000000) 
4 184 186 (-2909.330000 -2400.000000 -736.000000) (-2909.330000 -2397.920000 -736.000000) (-2909.330000 -2397.920000 -1280.000000) (-2909.330000 -2400.000000 -1280.000000) 
4 185 187 (-2909.330000 -2400.000000 -1312.000000) (-2880.000000 -2400.000000 -1312.000000) (-2880.000000 -2400.000000 -1280.000000) (-2909.330000 -2400.000000 -1280.000000) 
4 185 186 (-2909.330000 -1056.000000 -1280.000000) (-2909.330000 -1056.000000 -1312.000000) (-2909.330000 -2400.000000 -1312.000000) (-2909.330000 -2400.000000 -1280.000000) 
4 186 187 (-2944.000000 -2400.000000 -1312.000000) (-2909.330000 -2400.000000 -1312.000000) (-2909.330000 -2400.000000 -736.000000) (-2944.000000 -2400.000000 -736.000000) 
