"blank"			"=========================="
"blank"			"#Valve_Movement_Title"
"blank"			"=========================="
"+forward"		"#Valve_Move_Forward"
"+back"			"#Valve_Move_Back"
"+moveleft"		"#Valve_Move_Left"
"+moveright"	"#Valve_Move_Right"
"+jump"			"#Valve_Jump"
"+duck"			"#Valve_Duck"
"+use"			"#Valve_Use_Items"
"+speed"		"#Valve_Walk"
"blank"			"=========================="
"blank"			"#Valve_Communication_Title"
"blank"			"=========================="
"+voicerecord"	"#Valve_Use_Voice_Communication"
"messagemode"	"#Valve_Chat_Message"
"messagemode2"	"#Valve_Team_Message"
"+showscores"	"#Valve_Display_Scores"
"impulse 201"	"#Valve_Spray_Logo"
"blank"			"=========================="
"blank"			"#Valve_Combat_Title"
"blank"			"=========================="
"+attack"		"#Valve_Primary_Attack"
"+attack2"		"#Valve_Secondary_Attack"
"+reload"		"#Valve_Reload_Weapon"
"impulse 100"	"#Valve_Flashlight"
"invprev"		"#Valve_Previous_Weapon"
"invnext"		"#Valve_Next_Weapon"
"lastinv"		"#Valve_Last_Weapon_Used"
"slot1"			"#Valve_Weapon_Category_1"
"slot2"			"#Valve_Weapon_Category_2"
"slot3" 		"#Valve_Weapon_Category_3"
"slot4"			"#Valve_Weapon_Category_4"
"slot5"			"#Valve_Weapon_Category_5"
"slot6"			"#Valve_Weapon_Category_6"
"slot7"			"#Valve_Weapon_Category_7"
"slot8"			"#Valve_Weapon_Category_8"
"slot9"			"#Valve_Weapon_Category_9"
"slot10"		"#Valve_Weapon_Category_0"
"blank"			"=========================="
"blank"			"#Phoenix_ShooterTourneys_Title"
"blank"			"=========================="
"yes"			"#Phoenix_VoteYes"
"no"			"#Phoenix_VoteNo"
"changeteam"	"#Valve_Change_Team"
"+tau"			"#Phoenix_Gauss_Boost"
"blank"			"=========================="
"blank"			"#Valve_Miscellaneous_Title"
"blank"			"=========================="
"+left"			"#Valve_Turn_Left"
"+right"		"#Valve_Turn_Right"
"+moveup"		"#Valve_Swim_Up"
"+movedown"		"#Valve_Swim_Down"
"+lookup"		"#Valve_Look_Up"
"+lookdown"		"#Valve_Look_Down"
"force_centerview"	"#Valve_Look_Straight_Ahead"
"+strafe"		"#Valve_Strafe_Modifier"
"+mlook"		"#Valve_Mouse_Look_Modifier"
"+klook"		"#Valve_Keyboard_Look_Modifier"