"w"				"+forward"
"s"				"+back"
"a"				"+moveleft"
"d"				"+moveright"
"SPACE"			"+jump"
"CTRL"			"+duck"
"e"				"+use"
"shift"			"+speed"
"TAB"			"+showscores"
"k"				"+voicerecord"
"y"				"messagemode"
"u"				"messagemode2"
"i"				"impulse 201"
"MOUSE1"		"+attack"
"MOUSE2"		"+attack2"
"r"				"+reload"
"f"				"impulse 100"
"MWHEELUP"		"invprev"
"MWHEELDOWN"	"invnext"
"q"				"lastinv"
"1"				"slot1"
"2"				"slot2"
"3"				"slot3"
"4"				"slot4"
"5"				"slot5"
"6"				"slot6"
"7"				"slot7"
"8"				"slot8"
"9"				"slot9"
"0"				"slot10"
"["				"yes"
"]"				"no"
"."				"changeteam"
"MOUSE3"		"+tau"
"`"				"toggleconsole"
"ESCAPE"		"escape"